Copyright 1986-2014 Xilinx, Inc. All Rights Reserved.
-----------------------------------------------------------------------------------
| Tool Version : Vivado v.2014.1 (lin64) Build 881834 Fri Apr  4 14:00:25 MDT 2014
| Date         : Sat Mar 12 15:33:26 2016
| Host         : vlsifarm-07 running 64-bit Ubuntu 12.04.5 LTS
| Command      : report_drc
-----------------------------------------------------------------------------------

Report DRC

Table of Contents
-----------------
1. REPORT SUMMARY
2. REPORT DETAILS

1. REPORT SUMMARY
-----------------

REPORT SUMMARY
            Netlist: netlist
          Floorplan: design_1
      Design limits: <entire design considered>
           Ruledeck: default
           Max violations: <unlimited>
         Violations found: 14

2. REPORT DETAILS
-----------------
BUFC-1#1 Warning
Input Buffer Connections  
Input buffer ddr3_ctrl/u_ddr3_v2_0/u_ddr3_v2_0_mig/u_memc_ui_top_std/mem_intfc0/ddr_phy_top0/u_ddr_mc_phy_wrapper/gen_dqs_iobuf_HP.gen_dqs_iobuf[0].gen_dqs_diff.u_iobuf_dqs/IBUFDS/IBUFDS_S (in ddr3_ctrl/u_ddr3_v2_0/u_ddr3_v2_0_mig/u_memc_ui_top_std/mem_intfc0/ddr_phy_top0/u_ddr_mc_phy_wrapper/gen_dqs_iobuf_HP.gen_dqs_iobuf[0].gen_dqs_diff.u_iobuf_dqs macro) has no loads. An input buffer must drive an internal load.
Related violations: <none>

BUFC-1#2 Warning
Input Buffer Connections  
Input buffer ddr3_ctrl/u_ddr3_v2_0/u_ddr3_v2_0_mig/u_memc_ui_top_std/mem_intfc0/ddr_phy_top0/u_ddr_mc_phy_wrapper/gen_dqs_iobuf_HP.gen_dqs_iobuf[1].gen_dqs_diff.u_iobuf_dqs/IBUFDS/IBUFDS_S (in ddr3_ctrl/u_ddr3_v2_0/u_ddr3_v2_0_mig/u_memc_ui_top_std/mem_intfc0/ddr_phy_top0/u_ddr_mc_phy_wrapper/gen_dqs_iobuf_HP.gen_dqs_iobuf[1].gen_dqs_diff.u_iobuf_dqs macro) has no loads. An input buffer must drive an internal load.
Related violations: <none>

BUFC-1#3 Warning
Input Buffer Connections  
Input buffer ddr3_ctrl/u_ddr3_v2_0/u_ddr3_v2_0_mig/u_memc_ui_top_std/mem_intfc0/ddr_phy_top0/u_ddr_mc_phy_wrapper/gen_dqs_iobuf_HP.gen_dqs_iobuf[2].gen_dqs_diff.u_iobuf_dqs/IBUFDS/IBUFDS_S (in ddr3_ctrl/u_ddr3_v2_0/u_ddr3_v2_0_mig/u_memc_ui_top_std/mem_intfc0/ddr_phy_top0/u_ddr_mc_phy_wrapper/gen_dqs_iobuf_HP.gen_dqs_iobuf[2].gen_dqs_diff.u_iobuf_dqs macro) has no loads. An input buffer must drive an internal load.
Related violations: <none>

BUFC-1#4 Warning
Input Buffer Connections  
Input buffer ddr3_ctrl/u_ddr3_v2_0/u_ddr3_v2_0_mig/u_memc_ui_top_std/mem_intfc0/ddr_phy_top0/u_ddr_mc_phy_wrapper/gen_dqs_iobuf_HP.gen_dqs_iobuf[3].gen_dqs_diff.u_iobuf_dqs/IBUFDS/IBUFDS_S (in ddr3_ctrl/u_ddr3_v2_0/u_ddr3_v2_0_mig/u_memc_ui_top_std/mem_intfc0/ddr_phy_top0/u_ddr_mc_phy_wrapper/gen_dqs_iobuf_HP.gen_dqs_iobuf[3].gen_dqs_diff.u_iobuf_dqs macro) has no loads. An input buffer must drive an internal load.
Related violations: <none>

BUFC-1#5 Warning
Input Buffer Connections  
Input buffer ddr3_ctrl/u_ddr3_v2_0/u_ddr3_v2_0_mig/u_memc_ui_top_std/mem_intfc0/ddr_phy_top0/u_ddr_mc_phy_wrapper/gen_dqs_iobuf_HP.gen_dqs_iobuf[4].gen_dqs_diff.u_iobuf_dqs/IBUFDS/IBUFDS_S (in ddr3_ctrl/u_ddr3_v2_0/u_ddr3_v2_0_mig/u_memc_ui_top_std/mem_intfc0/ddr_phy_top0/u_ddr_mc_phy_wrapper/gen_dqs_iobuf_HP.gen_dqs_iobuf[4].gen_dqs_diff.u_iobuf_dqs macro) has no loads. An input buffer must drive an internal load.
Related violations: <none>

BUFC-1#6 Warning
Input Buffer Connections  
Input buffer ddr3_ctrl/u_ddr3_v2_0/u_ddr3_v2_0_mig/u_memc_ui_top_std/mem_intfc0/ddr_phy_top0/u_ddr_mc_phy_wrapper/gen_dqs_iobuf_HP.gen_dqs_iobuf[5].gen_dqs_diff.u_iobuf_dqs/IBUFDS/IBUFDS_S (in ddr3_ctrl/u_ddr3_v2_0/u_ddr3_v2_0_mig/u_memc_ui_top_std/mem_intfc0/ddr_phy_top0/u_ddr_mc_phy_wrapper/gen_dqs_iobuf_HP.gen_dqs_iobuf[5].gen_dqs_diff.u_iobuf_dqs macro) has no loads. An input buffer must drive an internal load.
Related violations: <none>

BUFC-1#7 Warning
Input Buffer Connections  
Input buffer ddr3_ctrl/u_ddr3_v2_0/u_ddr3_v2_0_mig/u_memc_ui_top_std/mem_intfc0/ddr_phy_top0/u_ddr_mc_phy_wrapper/gen_dqs_iobuf_HP.gen_dqs_iobuf[6].gen_dqs_diff.u_iobuf_dqs/IBUFDS/IBUFDS_S (in ddr3_ctrl/u_ddr3_v2_0/u_ddr3_v2_0_mig/u_memc_ui_top_std/mem_intfc0/ddr_phy_top0/u_ddr_mc_phy_wrapper/gen_dqs_iobuf_HP.gen_dqs_iobuf[6].gen_dqs_diff.u_iobuf_dqs macro) has no loads. An input buffer must drive an internal load.
Related violations: <none>

BUFC-1#8 Warning
Input Buffer Connections  
Input buffer ddr3_ctrl/u_ddr3_v2_0/u_ddr3_v2_0_mig/u_memc_ui_top_std/mem_intfc0/ddr_phy_top0/u_ddr_mc_phy_wrapper/gen_dqs_iobuf_HP.gen_dqs_iobuf[7].gen_dqs_diff.u_iobuf_dqs/IBUFDS/IBUFDS_S (in ddr3_ctrl/u_ddr3_v2_0/u_ddr3_v2_0_mig/u_memc_ui_top_std/mem_intfc0/ddr_phy_top0/u_ddr_mc_phy_wrapper/gen_dqs_iobuf_HP.gen_dqs_iobuf[7].gen_dqs_diff.u_iobuf_dqs macro) has no loads. An input buffer must drive an internal load.
Related violations: <none>

CFGBVS-1#1 Warning
Missing CFGBVS and CONFIG_VOLTAGE Design Properties  
Neither the CFGBVS nor CONFIG_VOLTAGE voltage property is set in the current_design.  Configuration bank voltage select (CFGBVS) must be set to VCCO or GND, and CONFIG_VOLTAGE must be set to the correct configuration voltage, in order to determine the I/O voltage support for the pins in bank 0.  It is suggested to specify these either using the 'Edit Device Properties' function in the GUI or directly in the XDC file using the following syntax:

 set_property CFGBVS value1 [current_design]
 #where value1 is either VCCO or GND

 set_property CONFIG_VOLTAGE value2 [current_design]
 #where value2 is the voltage provided to configuration bank 0

Refer to the device configuration user guide for more information.
Related violations: <none>

CKLD-1#1 Warning
Excessive Loads  
Clock net scemi_clk_port_clkgen/current_clk is not driven by a Clock Buffer and has more than 2000 loads. Drive(s): scemi_clk_port_clkgen/current_clk_reg/Q
Related violations: <none>

CKLD-1#2 Warning
Excessive Loads  
Clock net scemi_uclkgen/current_clk is not driven by a Clock Buffer and has more than 2000 loads. Drive(s): scemi_uclkgen/current_clk_reg/Q
Related violations: <none>

PDRC-153#1 Warning
Gated clock check  
Net scemi_clk_port_rstgen_inv_rstgen/rstSync/scemi_clk_port_rstgen_final_reset$RST_OUT is a gated clock net sourced by a combinational pin scemi_clk_port_rstgen_inv_rstgen/rstSync/scemi_clk_port_cReset_i_1/O, cell scemi_clk_port_rstgen_inv_rstgen/rstSync/scemi_clk_port_cReset_i_1. This is not good design practice and will likely impact performance. For SLICE registers, for example, use the CE pin to control the loading of data.
Related violations: <none>

REQP-1709#1 Warning
Clock output buffering  
PLLE2_ADV connectivity violation. The signal ddr3_ctrl/u_ddr3_v2_0/u_ddr3_v2_0_mig/u_ddr3_infrastructure/pll_clk3_out on the ddr3_ctrl/u_ddr3_v2_0/u_ddr3_v2_0_mig/u_ddr3_infrastructure/plle2_i/CLKOUT3 pin of ddr3_ctrl/u_ddr3_v2_0/u_ddr3_v2_0_mig/u_ddr3_infrastructure/plle2_i does not drive the same kind of BUFFER load as the other CLKOUT pins. Routing from the different buffer types will not be phase aligned.
Related violations: <none>

RTSTAT-10#1 Advisory
No routable loads  
38 net(s) have no routable loads. The problem net(s) are scemi_pcie_ep/pcie_7x_v1_10_i/gt_top_i/pipe_wrapper_i/pipe_lane[7].pipe_rate.pipe_rate_i/USER_RESETOVRD_START, scemi_pcie_ep/pcie_7x_v1_10_i/gt_top_i/pipe_wrapper_i/pipe_lane[0].pipe_rate.pipe_rate_i/USER_RESETOVRD_START, scemi_pcie_ep/pcie_7x_v1_10_i/gt_top_i/pipe_wrapper_i/pipe_lane[1].pipe_rate.pipe_rate_i/USER_RESETOVRD_START, scemi_pcie_ep/pcie_7x_v1_10_i/gt_top_i/pipe_wrapper_i/pipe_lane[2].pipe_rate.pipe_rate_i/USER_RESETOVRD_START, scemi_pcie_ep/pcie_7x_v1_10_i/gt_top_i/pipe_wrapper_i/pipe_lane[3].pipe_rate.pipe_rate_i/USER_RESETOVRD_START, scemi_pcie_ep/pcie_7x_v1_10_i/gt_top_i/pipe_wrapper_i/pipe_lane[4].pipe_rate.pipe_rate_i/USER_RESETOVRD_START, scemi_pcie_ep/pcie_7x_v1_10_i/gt_top_i/pipe_wrapper_i/pipe_lane[5].pipe_rate.pipe_rate_i/USER_RESETOVRD_START, scemi_pcie_ep/pcie_7x_v1_10_i/gt_top_i/pipe_wrapper_i/pipe_lane[6].pipe_rate.pipe_rate_i/USER_RESETOVRD_START, ddr3_ctrl/u_ddr3_v2_0/u_ddr3_v2_0_mig/u_ddr3_infrastructure/auxout_clk_i, clk_gen_pll$CLKOUT0B, clk_gen_pll$CLKOUT1B, clk_gen_pll$CLKOUT2, clk_gen_pll$CLKOUT2B, clk_gen_pll$CLKOUT3, clk_gen_pll$CLKOUT3B (the first 15 of 38 listed).
Related violations: <none>


