Copyright 1986-2014 Xilinx, Inc. All Rights Reserved.
-------------------------------------------------------------------------------------------------------------------------------------------------------------------------------------------------------
| Tool Version : Vivado v.2014.1 (lin64) Build 881834 Fri Apr  4 14:00:25 MDT 2014
| Date         : Tue Apr 26 20:26:33 2016
| Host         : bdbm11 running 64-bit Ubuntu 14.04.3 LTS
| Command      : report_utilization -hierarchical -file /mnt/nfs/var/nfs/ldemeyer/speck/Bluespec/scemi_original/fpga/xilinx/mkBridge/mkBridge.runs/impl_1/mkBridge_utilization_placed_hierarchical.rpt
| Design       : mkBridge
| Device       : xc7vx485t
| Design State : Routed
-------------------------------------------------------------------------------------------------------------------------------------------------------------------------------------------------------

Utilization Design Information

Table of Contents
-----------------
1. Utilization by Hierarchy

1. Utilization by Hierarchy
---------------------------

+----------------------------------------------------------------+----------------------------------------+------------+------------+---------+------+-------+--------+--------+--------------+
|                            Instance                            |                 Module                 | Total LUTs | Logic LUTs | LUTRAMs | SRLs |  FFs  | RAMB36 | RAMB18 | DSP48 Blocks |
+----------------------------------------------------------------+----------------------------------------+------------+------------+---------+------+-------+--------+--------+--------------+
| mkBridge                                                       |                                  (top) |      18324 |      18245 |      74 |    5 | 11875 |     14 |      0 |            0 |
|   (mkBridge)                                                   |                                  (top) |        358 |        354 |       0 |    4 |  3088 |      0 |      0 |            0 |
|   scemi_1_outFifo                                              |                                  FIFO2 |        373 |        373 |       0 |    0 |   150 |      0 |      0 |            0 |
|   scemi_bridge                                                 |                    mkPCIEtoBNoCSceMi_4 |      13251 |      13247 |       4 |    0 |  4160 |      6 |      0 |            0 |
|     (scemi_bridge)                                             |                    mkPCIEtoBNoCSceMi_4 |       6337 |       6337 |       0 |    0 |  2055 |      0 |      0 |            0 |
|     pbb_arbiter                                                |                           mkTLPArbiter |        871 |        871 |       0 |    0 |   851 |      0 |      0 |            0 |
|       (pbb_arbiter)                                            |                           mkTLPArbiter |          0 |          0 |       0 |    0 |     4 |      0 |      0 |            0 |
|       tlp_out_cfg_fifo                                         |              FIFO2__parameterized0_131 |        340 |        340 |       0 |    0 |   281 |      0 |      0 |            0 |
|       tlp_out_dma_fifo                                         |              FIFO2__parameterized0_132 |        369 |        369 |       0 |    0 |   277 |      0 |      0 |            0 |
|       tlp_out_fifo                                             |              FIFO2__parameterized0_133 |        162 |        162 |       0 |    0 |   289 |      0 |      0 |            0 |
|     pbb_csr_clock_control                                      |              FIFO2__parameterized1_124 |         16 |         16 |       0 |    0 |    46 |      0 |      0 |            0 |
|     pbb_csr_clock_status                                       |              FIFO2__parameterized1_125 |         51 |         51 |       0 |    0 |    34 |      0 |      0 |            0 |
|     pbb_csr_intr_info                                          |                  FIFO2__parameterized2 |        141 |        141 |       0 |    0 |   190 |      0 |      0 |            0 |
|     pbb_csr_rd_addr_queue                                      |                  FIFO2__parameterized3 |        709 |        709 |       0 |    0 |    28 |      0 |      0 |            0 |
|     pbb_dispatcher                                             |                        mkTLPDispatcher |       3216 |       3216 |       0 |    0 |   818 |      0 |      0 |            0 |
|       (pbb_dispatcher)                                         |                        mkTLPDispatcher |          0 |          0 |       0 |    0 |     2 |      0 |      0 |            0 |
|       tlp_in_cfg_fifo                                          |                  FIFO2__parameterized0 |       1507 |       1507 |       0 |    0 |   276 |      0 |      0 |            0 |
|       tlp_in_dma_fifo                                          |              FIFO2__parameterized0_129 |       1401 |       1401 |       0 |    0 |   264 |      0 |      0 |            0 |
|       tlp_in_fifo                                              |              FIFO2__parameterized0_130 |        308 |        308 |       0 |    0 |   276 |      0 |      0 |            0 |
|     pbb_dma_dont_wait_out                                      |              FIFO2__parameterized4_126 |          6 |          6 |       0 |    0 |     4 |      0 |      0 |            0 |
|     pbb_dma_intr_info                                          |              FIFO2__parameterized2_127 |        182 |        182 |       0 |    0 |    96 |      0 |      0 |            0 |
|     pbb_dma_last_tag_queue                                     |                              SizedFIFO |        101 |         97 |       4 |    0 |    18 |      0 |      0 |            0 |
|     pbb_dma_msg_len_out                                        |                  FIFO2__parameterized5 |       1335 |       1335 |       0 |    0 |    20 |      0 |      0 |            0 |
|     pbb_dma_rd_buffer_queue_memory                             |                                  BRAM2 |        135 |        135 |       0 |    0 |     0 |      3 |      0 |            0 |
|     pbb_dma_wr_buffer_queue_memory                             |                              BRAM2_128 |        157 |        157 |       0 |    0 |     0 |      3 |      0 |            0 |
|   scemi_clk_port_scemi_clkgen                                  |                              MakeClock |          1 |          1 |       0 |    0 |     1 |      0 |      0 |            0 |
|   scemi_clk_port_scemi_rstgen_inv_rstgen                       |                             MakeResetA |          0 |          0 |       0 |    0 |     2 |      0 |      0 |            0 |
|     rstSync                                                    |                         SyncResetA_123 |          0 |          0 |       0 |    0 |     2 |      0 |      0 |            0 |
|   scemi_clk_port_scemi_rstgen_rstgen                           |                             MakeReset0 |          2 |          2 |       0 |    0 |     1 |      0 |      0 |            0 |
|   scemi_epReset125                                             |             SyncResetA__parameterized1 |          3 |          3 |       0 |    0 |     6 |      0 |      0 |            0 |
|   scemi_epReset250                                             |           SyncResetA__parameterized1_0 |          2 |          2 |       0 |    0 |     4 |      0 |      0 |            0 |
|   scemi_fToBridgeBeat                                          |                                 FIFOL1 |          7 |          7 |       0 |    0 |    33 |      0 |      0 |            0 |
|   scemi_inFifo                                                 |                                FIFO2_1 |        442 |        442 |       0 |    0 |   148 |      0 |      0 |            0 |
|   scemi_init_state_msgFIFO                                     |                               SyncFIFO |         77 |         25 |      52 |    0 |   112 |      0 |      0 |            0 |
|   scemi_network_status                                         |             MakeResetA__parameterized0 |          1 |          1 |       0 |    0 |     6 |      0 |      0 |            0 |
|     (scemi_network_status)                                     |             MakeResetA__parameterized0 |          0 |          0 |       0 |    0 |     1 |      0 |      0 |            0 |
|     rstSync                                                    |             SyncResetA__parameterized2 |          1 |          1 |       0 |    0 |     5 |      0 |      0 |            0 |
|   scemi_pcie_ep                                                |                 xilinx_v7_pcie_wrapper |       3081 |       3081 |       0 |    0 |  3629 |      8 |      0 |            0 |
|     ext_clk.pipe_clock_i                                       |               pcie_7x_v1_10_pipe_clock |          3 |          3 |       0 |    0 |    17 |      0 |      0 |            0 |
|     pcie_7x_v1_10_i                                            |                          pcie_7x_v1_10 |       3078 |       3078 |       0 |    0 |  3612 |      8 |      0 |            0 |
|       (pcie_7x_v1_10_i)                                        |                          pcie_7x_v1_10 |          1 |          1 |       0 |    0 |     8 |      0 |      0 |            0 |
|       gt_top_i                                                 |                   pcie_7x_v1_10_gt_top |       2821 |       2821 |       0 |    0 |  2918 |      0 |      0 |            0 |
|         (gt_top_i)                                             |                   pcie_7x_v1_10_gt_top |          3 |          3 |       0 |    0 |     8 |      0 |      0 |            0 |
|         gt_rx_valid_filter[0].GT_RX_VALID_FILTER_7x_inst       |    pcie_7x_v1_10_gt_rx_valid_filter_7x |         22 |         22 |       0 |    0 |    30 |      0 |      0 |            0 |
|         gt_rx_valid_filter[1].GT_RX_VALID_FILTER_7x_inst       | pcie_7x_v1_10_gt_rx_valid_filter_7x_65 |         19 |         19 |       0 |    0 |    30 |      0 |      0 |            0 |
|         gt_rx_valid_filter[2].GT_RX_VALID_FILTER_7x_inst       | pcie_7x_v1_10_gt_rx_valid_filter_7x_66 |         21 |         21 |       0 |    0 |    30 |      0 |      0 |            0 |
|         gt_rx_valid_filter[3].GT_RX_VALID_FILTER_7x_inst       | pcie_7x_v1_10_gt_rx_valid_filter_7x_67 |         19 |         19 |       0 |    0 |    30 |      0 |      0 |            0 |
|         gt_rx_valid_filter[4].GT_RX_VALID_FILTER_7x_inst       | pcie_7x_v1_10_gt_rx_valid_filter_7x_68 |         19 |         19 |       0 |    0 |    30 |      0 |      0 |            0 |
|         gt_rx_valid_filter[5].GT_RX_VALID_FILTER_7x_inst       | pcie_7x_v1_10_gt_rx_valid_filter_7x_69 |         19 |         19 |       0 |    0 |    30 |      0 |      0 |            0 |
|         gt_rx_valid_filter[6].GT_RX_VALID_FILTER_7x_inst       | pcie_7x_v1_10_gt_rx_valid_filter_7x_70 |         19 |         19 |       0 |    0 |    30 |      0 |      0 |            0 |
|         gt_rx_valid_filter[7].GT_RX_VALID_FILTER_7x_inst       | pcie_7x_v1_10_gt_rx_valid_filter_7x_71 |         19 |         19 |       0 |    0 |    30 |      0 |      0 |            0 |
|         pipe_wrapper_i                                         |             pcie_7x_v1_10_pipe_wrapper |       2661 |       2661 |       0 |    0 |  2670 |      0 |      0 |            0 |
|           (pipe_wrapper_i)                                     |             pcie_7x_v1_10_pipe_wrapper |          0 |          0 |       0 |    0 |     2 |      0 |      0 |            0 |
|           pipe_lane[0].gt_wrapper_i                            |               pcie_7x_v1_10_gt_wrapper |          2 |          2 |       0 |    0 |     0 |      0 |      0 |            0 |
|           pipe_lane[0].pipe_drp.pipe_drp_i                     |                 pcie_7x_v1_10_pipe_drp |         60 |         60 |       0 |    0 |    74 |      0 |      0 |            0 |
|           pipe_lane[0].pipe_eq.pipe_eq_i                       |                  pcie_7x_v1_10_pipe_eq |        123 |        123 |       0 |    0 |    84 |      0 |      0 |            0 |
|             (pipe_lane[0].pipe_eq.pipe_eq_i)                   |                  pcie_7x_v1_10_pipe_eq |         76 |         76 |       0 |    0 |    50 |      0 |      0 |            0 |
|             rxeq_scan_i                                        |            pcie_7x_v1_10_rxeq_scan_122 |         47 |         47 |       0 |    0 |    34 |      0 |      0 |            0 |
|           pipe_lane[0].pipe_quad.pipe_common.qpll_drp_i        |                 pcie_7x_v1_10_qpll_drp |         51 |         51 |       0 |    0 |    76 |      0 |      0 |            0 |
|           pipe_lane[0].pipe_quad.pipe_common.qpll_wrapper_i    |             pcie_7x_v1_10_qpll_wrapper |          0 |          0 |       0 |    0 |     0 |      0 |      0 |            0 |
|           pipe_lane[0].pipe_rate.pipe_rate_i                   |                pcie_7x_v1_10_pipe_rate |         76 |         76 |       0 |    0 |    55 |      0 |      0 |            0 |
|           pipe_lane[0].pipe_sync_i                             |                pcie_7x_v1_10_pipe_sync |         19 |         19 |       0 |    0 |    18 |      0 |      0 |            0 |
|           pipe_lane[0].pipe_user_i                             |                pcie_7x_v1_10_pipe_user |         28 |         28 |       0 |    0 |    61 |      0 |      0 |            0 |
|           pipe_lane[1].gt_wrapper_i                            |            pcie_7x_v1_10_gt_wrapper_72 |          2 |          2 |       0 |    0 |     0 |      0 |      0 |            0 |
|           pipe_lane[1].pipe_drp.pipe_drp_i                     |              pcie_7x_v1_10_pipe_drp_73 |         60 |         60 |       0 |    0 |    74 |      0 |      0 |            0 |
|           pipe_lane[1].pipe_eq.pipe_eq_i                       |               pcie_7x_v1_10_pipe_eq_74 |        123 |        123 |       0 |    0 |    84 |      0 |      0 |            0 |
|             (pipe_lane[1].pipe_eq.pipe_eq_i)                   |               pcie_7x_v1_10_pipe_eq_74 |         76 |         76 |       0 |    0 |    50 |      0 |      0 |            0 |
|             rxeq_scan_i                                        |            pcie_7x_v1_10_rxeq_scan_121 |         47 |         47 |       0 |    0 |    34 |      0 |      0 |            0 |
|           pipe_lane[1].pipe_rate.pipe_rate_i                   |             pcie_7x_v1_10_pipe_rate_75 |         76 |         76 |       0 |    0 |    55 |      0 |      0 |            0 |
|           pipe_lane[1].pipe_sync_i                             |             pcie_7x_v1_10_pipe_sync_76 |         17 |         17 |       0 |    0 |    16 |      0 |      0 |            0 |
|           pipe_lane[1].pipe_user_i                             |             pcie_7x_v1_10_pipe_user_77 |         29 |         29 |       0 |    0 |    61 |      0 |      0 |            0 |
|           pipe_lane[2].gt_wrapper_i                            |            pcie_7x_v1_10_gt_wrapper_78 |          2 |          2 |       0 |    0 |     0 |      0 |      0 |            0 |
|           pipe_lane[2].pipe_drp.pipe_drp_i                     |              pcie_7x_v1_10_pipe_drp_79 |         60 |         60 |       0 |    0 |    74 |      0 |      0 |            0 |
|           pipe_lane[2].pipe_eq.pipe_eq_i                       |               pcie_7x_v1_10_pipe_eq_80 |        128 |        128 |       0 |    0 |    84 |      0 |      0 |            0 |
|             (pipe_lane[2].pipe_eq.pipe_eq_i)                   |               pcie_7x_v1_10_pipe_eq_80 |         81 |         81 |       0 |    0 |    50 |      0 |      0 |            0 |
|             rxeq_scan_i                                        |            pcie_7x_v1_10_rxeq_scan_120 |         47 |         47 |       0 |    0 |    34 |      0 |      0 |            0 |
|           pipe_lane[2].pipe_rate.pipe_rate_i                   |             pcie_7x_v1_10_pipe_rate_81 |         76 |         76 |       0 |    0 |    55 |      0 |      0 |            0 |
|           pipe_lane[2].pipe_sync_i                             |             pcie_7x_v1_10_pipe_sync_82 |         17 |         17 |       0 |    0 |    16 |      0 |      0 |            0 |
|           pipe_lane[2].pipe_user_i                             |             pcie_7x_v1_10_pipe_user_83 |         30 |         30 |       0 |    0 |    61 |      0 |      0 |            0 |
|           pipe_lane[3].gt_wrapper_i                            |            pcie_7x_v1_10_gt_wrapper_84 |          2 |          2 |       0 |    0 |     0 |      0 |      0 |            0 |
|           pipe_lane[3].pipe_drp.pipe_drp_i                     |              pcie_7x_v1_10_pipe_drp_85 |         60 |         60 |       0 |    0 |    74 |      0 |      0 |            0 |
|           pipe_lane[3].pipe_eq.pipe_eq_i                       |               pcie_7x_v1_10_pipe_eq_86 |        124 |        124 |       0 |    0 |    84 |      0 |      0 |            0 |
|             (pipe_lane[3].pipe_eq.pipe_eq_i)                   |               pcie_7x_v1_10_pipe_eq_86 |         77 |         77 |       0 |    0 |    50 |      0 |      0 |            0 |
|             rxeq_scan_i                                        |            pcie_7x_v1_10_rxeq_scan_119 |         47 |         47 |       0 |    0 |    34 |      0 |      0 |            0 |
|           pipe_lane[3].pipe_rate.pipe_rate_i                   |             pcie_7x_v1_10_pipe_rate_87 |         76 |         76 |       0 |    0 |    55 |      0 |      0 |            0 |
|           pipe_lane[3].pipe_sync_i                             |             pcie_7x_v1_10_pipe_sync_88 |         17 |         17 |       0 |    0 |    16 |      0 |      0 |            0 |
|           pipe_lane[3].pipe_user_i                             |             pcie_7x_v1_10_pipe_user_89 |         34 |         34 |       0 |    0 |    61 |      0 |      0 |            0 |
|           pipe_lane[4].gt_wrapper_i                            |            pcie_7x_v1_10_gt_wrapper_90 |          2 |          2 |       0 |    0 |     0 |      0 |      0 |            0 |
|           pipe_lane[4].pipe_drp.pipe_drp_i                     |              pcie_7x_v1_10_pipe_drp_91 |         59 |         59 |       0 |    0 |    74 |      0 |      0 |            0 |
|           pipe_lane[4].pipe_eq.pipe_eq_i                       |               pcie_7x_v1_10_pipe_eq_92 |        123 |        123 |       0 |    0 |    84 |      0 |      0 |            0 |
|             (pipe_lane[4].pipe_eq.pipe_eq_i)                   |               pcie_7x_v1_10_pipe_eq_92 |         76 |         76 |       0 |    0 |    50 |      0 |      0 |            0 |
|             rxeq_scan_i                                        |            pcie_7x_v1_10_rxeq_scan_118 |         47 |         47 |       0 |    0 |    34 |      0 |      0 |            0 |
|           pipe_lane[4].pipe_quad.pipe_common.qpll_drp_i        |              pcie_7x_v1_10_qpll_drp_93 |         51 |         51 |       0 |    0 |    78 |      0 |      0 |            0 |
|           pipe_lane[4].pipe_quad.pipe_common.qpll_wrapper_i    |          pcie_7x_v1_10_qpll_wrapper_94 |          0 |          0 |       0 |    0 |     0 |      0 |      0 |            0 |
|           pipe_lane[4].pipe_rate.pipe_rate_i                   |             pcie_7x_v1_10_pipe_rate_95 |         76 |         76 |       0 |    0 |    55 |      0 |      0 |            0 |
|           pipe_lane[4].pipe_sync_i                             |             pcie_7x_v1_10_pipe_sync_96 |         17 |         17 |       0 |    0 |    16 |      0 |      0 |            0 |
|           pipe_lane[4].pipe_user_i                             |             pcie_7x_v1_10_pipe_user_97 |         28 |         28 |       0 |    0 |    62 |      0 |      0 |            0 |
|           pipe_lane[5].gt_wrapper_i                            |            pcie_7x_v1_10_gt_wrapper_98 |          6 |          6 |       0 |    0 |     0 |      0 |      0 |            0 |
|           pipe_lane[5].pipe_drp.pipe_drp_i                     |              pcie_7x_v1_10_pipe_drp_99 |         60 |         60 |       0 |    0 |    74 |      0 |      0 |            0 |
|           pipe_lane[5].pipe_eq.pipe_eq_i                       |              pcie_7x_v1_10_pipe_eq_100 |        121 |        121 |       0 |    0 |    84 |      0 |      0 |            0 |
|             (pipe_lane[5].pipe_eq.pipe_eq_i)                   |              pcie_7x_v1_10_pipe_eq_100 |         74 |         74 |       0 |    0 |    50 |      0 |      0 |            0 |
|             rxeq_scan_i                                        |            pcie_7x_v1_10_rxeq_scan_117 |         47 |         47 |       0 |    0 |    34 |      0 |      0 |            0 |
|           pipe_lane[5].pipe_rate.pipe_rate_i                   |            pcie_7x_v1_10_pipe_rate_101 |         76 |         76 |       0 |    0 |    55 |      0 |      0 |            0 |
|           pipe_lane[5].pipe_sync_i                             |            pcie_7x_v1_10_pipe_sync_102 |         17 |         17 |       0 |    0 |    16 |      0 |      0 |            0 |
|           pipe_lane[5].pipe_user_i                             |            pcie_7x_v1_10_pipe_user_103 |         30 |         30 |       0 |    0 |    61 |      0 |      0 |            0 |
|           pipe_lane[6].gt_wrapper_i                            |           pcie_7x_v1_10_gt_wrapper_104 |          6 |          6 |       0 |    0 |     0 |      0 |      0 |            0 |
|           pipe_lane[6].pipe_drp.pipe_drp_i                     |             pcie_7x_v1_10_pipe_drp_105 |         59 |         59 |       0 |    0 |    74 |      0 |      0 |            0 |
|           pipe_lane[6].pipe_eq.pipe_eq_i                       |              pcie_7x_v1_10_pipe_eq_106 |        119 |        119 |       0 |    0 |    84 |      0 |      0 |            0 |
|             (pipe_lane[6].pipe_eq.pipe_eq_i)                   |              pcie_7x_v1_10_pipe_eq_106 |         72 |         72 |       0 |    0 |    50 |      0 |      0 |            0 |
|             rxeq_scan_i                                        |            pcie_7x_v1_10_rxeq_scan_116 |         47 |         47 |       0 |    0 |    34 |      0 |      0 |            0 |
|           pipe_lane[6].pipe_rate.pipe_rate_i                   |            pcie_7x_v1_10_pipe_rate_107 |         75 |         75 |       0 |    0 |    55 |      0 |      0 |            0 |
|           pipe_lane[6].pipe_sync_i                             |            pcie_7x_v1_10_pipe_sync_108 |         17 |         17 |       0 |    0 |    16 |      0 |      0 |            0 |
|           pipe_lane[6].pipe_user_i                             |            pcie_7x_v1_10_pipe_user_109 |         31 |         31 |       0 |    0 |    61 |      0 |      0 |            0 |
|           pipe_lane[7].gt_wrapper_i                            |           pcie_7x_v1_10_gt_wrapper_110 |          2 |          2 |       0 |    0 |     0 |      0 |      0 |            0 |
|           pipe_lane[7].pipe_drp.pipe_drp_i                     |             pcie_7x_v1_10_pipe_drp_111 |         60 |         60 |       0 |    0 |    75 |      0 |      0 |            0 |
|           pipe_lane[7].pipe_eq.pipe_eq_i                       |              pcie_7x_v1_10_pipe_eq_112 |        122 |        122 |       0 |    0 |    84 |      0 |      0 |            0 |
|             (pipe_lane[7].pipe_eq.pipe_eq_i)                   |              pcie_7x_v1_10_pipe_eq_112 |         75 |         75 |       0 |    0 |    50 |      0 |      0 |            0 |
|             rxeq_scan_i                                        |                pcie_7x_v1_10_rxeq_scan |         47 |         47 |       0 |    0 |    34 |      0 |      0 |            0 |
|           pipe_lane[7].pipe_rate.pipe_rate_i                   |            pcie_7x_v1_10_pipe_rate_113 |         76 |         76 |       0 |    0 |    55 |      0 |      0 |            0 |
|           pipe_lane[7].pipe_sync_i                             |            pcie_7x_v1_10_pipe_sync_114 |         17 |         17 |       0 |    0 |    19 |      0 |      0 |            0 |
|           pipe_lane[7].pipe_user_i                             |            pcie_7x_v1_10_pipe_user_115 |         30 |         30 |       0 |    0 |    61 |      0 |      0 |            0 |
|           pipe_reset.pipe_reset_i                              |               pcie_7x_v1_10_pipe_reset |         75 |         75 |       0 |    0 |   123 |      0 |      0 |            0 |
|           qpll_reset.qpll_reset_i                              |               pcie_7x_v1_10_qpll_reset |         23 |         23 |       0 |    0 |    64 |      0 |      0 |            0 |
|       pcie_top_i                                               |                 pcie_7x_v1_10_pcie_top |        256 |        256 |       0 |    0 |   686 |      8 |      0 |            0 |
|         (pcie_top_i)                                           |                 pcie_7x_v1_10_pcie_top |          3 |          3 |       0 |    0 |    16 |      0 |      0 |            0 |
|         axi_basic_top                                          |            pcie_7x_v1_10_axi_basic_top |        232 |        232 |       0 |    0 |   265 |      0 |      0 |            0 |
|           rx_inst                                              |             pcie_7x_v1_10_axi_basic_rx |        211 |        211 |       0 |    0 |   170 |      0 |      0 |            0 |
|             rx_null_gen_inst                                   |    pcie_7x_v1_10_axi_basic_rx_null_gen |         39 |         39 |       0 |    0 |    13 |      0 |      0 |            0 |
|             rx_pipeline_inst                                   |    pcie_7x_v1_10_axi_basic_rx_pipeline |        174 |        174 |       0 |    0 |   157 |      0 |      0 |            0 |
|           tx_inst                                              |             pcie_7x_v1_10_axi_basic_tx |         21 |         21 |       0 |    0 |    95 |      0 |      0 |            0 |
|             thrtl_ctl_enabled.tx_thrl_ctl_inst                 |   pcie_7x_v1_10_axi_basic_tx_thrtl_ctl |         16 |         16 |       0 |    0 |    24 |      0 |      0 |            0 |
|             tx_pipeline_inst                                   |    pcie_7x_v1_10_axi_basic_tx_pipeline |          5 |          5 |       0 |    0 |    71 |      0 |      0 |            0 |
|         pcie_7x_i                                              |                  pcie_7x_v1_10_pcie_7x |         21 |         21 |       0 |    0 |     0 |      8 |      0 |            0 |
|           (pcie_7x_i)                                          |                  pcie_7x_v1_10_pcie_7x |         21 |         21 |       0 |    0 |     0 |      0 |      0 |            0 |
|           pcie_bram_top                                        |         pcie_7x_v1_10_pcie_bram_top_7x |          0 |          0 |       0 |    0 |     0 |      8 |      0 |            0 |
|             pcie_brams_rx                                      |            pcie_7x_v1_10_pcie_brams_7x |          0 |          0 |       0 |    0 |     0 |      4 |      0 |            0 |
|               brams[0].ram                                     |          pcie_7x_v1_10_pcie_bram_7x_57 |          0 |          0 |       0 |    0 |     0 |      1 |      0 |            0 |
|                 use_tdp.ramb36                                 |                      BRAM_TDP_MACRO_64 |          0 |          0 |       0 |    0 |     0 |      1 |      0 |            0 |
|               brams[1].ram                                     |          pcie_7x_v1_10_pcie_bram_7x_58 |          0 |          0 |       0 |    0 |     0 |      1 |      0 |            0 |
|                 use_tdp.ramb36                                 |                      BRAM_TDP_MACRO_63 |          0 |          0 |       0 |    0 |     0 |      1 |      0 |            0 |
|               brams[2].ram                                     |          pcie_7x_v1_10_pcie_bram_7x_59 |          0 |          0 |       0 |    0 |     0 |      1 |      0 |            0 |
|                 use_tdp.ramb36                                 |                      BRAM_TDP_MACRO_62 |          0 |          0 |       0 |    0 |     0 |      1 |      0 |            0 |
|               brams[3].ram                                     |          pcie_7x_v1_10_pcie_bram_7x_60 |          0 |          0 |       0 |    0 |     0 |      1 |      0 |            0 |
|                 use_tdp.ramb36                                 |                      BRAM_TDP_MACRO_61 |          0 |          0 |       0 |    0 |     0 |      1 |      0 |            0 |
|             pcie_brams_tx                                      |         pcie_7x_v1_10_pcie_brams_7x_50 |          0 |          0 |       0 |    0 |     0 |      4 |      0 |            0 |
|               brams[0].ram                                     |             pcie_7x_v1_10_pcie_bram_7x |          0 |          0 |       0 |    0 |     0 |      1 |      0 |            0 |
|                 use_tdp.ramb36                                 |                      BRAM_TDP_MACRO_56 |          0 |          0 |       0 |    0 |     0 |      1 |      0 |            0 |
|               brams[1].ram                                     |          pcie_7x_v1_10_pcie_bram_7x_51 |          0 |          0 |       0 |    0 |     0 |      1 |      0 |            0 |
|                 use_tdp.ramb36                                 |                      BRAM_TDP_MACRO_55 |          0 |          0 |       0 |    0 |     0 |      1 |      0 |            0 |
|               brams[2].ram                                     |          pcie_7x_v1_10_pcie_bram_7x_52 |          0 |          0 |       0 |    0 |     0 |      1 |      0 |            0 |
|                 use_tdp.ramb36                                 |                      BRAM_TDP_MACRO_54 |          0 |          0 |       0 |    0 |     0 |      1 |      0 |            0 |
|               brams[3].ram                                     |          pcie_7x_v1_10_pcie_bram_7x_53 |          0 |          0 |       0 |    0 |     0 |      1 |      0 |            0 |
|                 use_tdp.ramb36                                 |                         BRAM_TDP_MACRO |          0 |          0 |       0 |    0 |     0 |      1 |      0 |            0 |
|         pcie_pipe_pipeline_i                                   |       pcie_7x_v1_10_pcie_pipe_pipeline |          0 |          0 |       0 |    0 |   405 |      0 |      0 |            0 |
|           pipe_2_lane.pipe_lane_1_i                            |           pcie_7x_v1_10_pcie_pipe_lane |          0 |          0 |       0 |    0 |    48 |      0 |      0 |            0 |
|           pipe_4_lane.pipe_lane_2_i                            |        pcie_7x_v1_10_pcie_pipe_lane_43 |          0 |          0 |       0 |    0 |    48 |      0 |      0 |            0 |
|           pipe_4_lane.pipe_lane_3_i                            |        pcie_7x_v1_10_pcie_pipe_lane_44 |          0 |          0 |       0 |    0 |    48 |      0 |      0 |            0 |
|           pipe_8_lane.pipe_lane_4_i                            |        pcie_7x_v1_10_pcie_pipe_lane_45 |          0 |          0 |       0 |    0 |    48 |      0 |      0 |            0 |
|           pipe_8_lane.pipe_lane_5_i                            |        pcie_7x_v1_10_pcie_pipe_lane_46 |          0 |          0 |       0 |    0 |    48 |      0 |      0 |            0 |
|           pipe_8_lane.pipe_lane_6_i                            |        pcie_7x_v1_10_pcie_pipe_lane_47 |          0 |          0 |       0 |    0 |    48 |      0 |      0 |            0 |
|           pipe_8_lane.pipe_lane_7_i                            |        pcie_7x_v1_10_pcie_pipe_lane_48 |          0 |          0 |       0 |    0 |    48 |      0 |      0 |            0 |
|           pipe_lane_0_i                                        |        pcie_7x_v1_10_pcie_pipe_lane_49 |          0 |          0 |       0 |    0 |    48 |      0 |      0 |            0 |
|           pipe_misc_i                                          |           pcie_7x_v1_10_pcie_pipe_misc |          0 |          0 |       0 |    0 |    21 |      0 |      0 |            0 |
|   scemi_processor_req_inport_buffer_empty_sp                   |                          SyncHandshake |          4 |          4 |       0 |    0 |     6 |      0 |      0 |            0 |
|   scemi_processor_req_inport_buffer_full_sp                    |                        SyncHandshake_2 |          6 |          6 |       0 |    0 |     6 |      0 |      0 |            0 |
|   scemi_processor_req_inport_ending_reset                      |                              SyncPulse |          2 |          2 |       0 |    0 |     4 |      0 |      0 |            0 |
|   scemi_processor_req_inport_next_sp                           |                        SyncHandshake_3 |          6 |          6 |       0 |    0 |     6 |      0 |      0 |            0 |
|   scemi_processor_req_inport_starting_reset                    |                            SyncPulse_4 |          1 |          1 |       0 |    0 |     4 |      0 |      0 |            0 |
|   scemi_processor_req_inport_wait_sp                           |                        SyncHandshake_5 |          7 |          7 |       0 |    0 |     6 |      0 |      0 |            0 |
|   scemi_processor_req_res_fifo                                 |               SyncFIFO__parameterized0 |         19 |         15 |       4 |    0 |    28 |      0 |      0 |            0 |
|   scemi_processor_resp_outport_finished                        |                        SyncHandshake_6 |          1 |          1 |       0 |    0 |     5 |      0 |      0 |            0 |
|   scemi_rstgen_inv_rstgen                                      |                           MakeResetA_7 |          2 |          2 |       0 |    0 |     3 |      0 |      0 |            0 |
|     (scemi_rstgen_inv_rstgen)                                  |                           MakeResetA_7 |          0 |          0 |       0 |    0 |     1 |      0 |      0 |            0 |
|     rstSync                                                    |                             SyncResetA |          2 |          2 |       0 |    0 |     2 |      0 |      0 |            0 |
|   scemi_scemi_clkgen_fRequest                                  |                  FIFO2__parameterized6 |        183 |        183 |       0 |    0 |    46 |      0 |      0 |            0 |
|   scemi_scemi_clkgen_fResponse                                 |                  FIFO2__parameterized7 |          5 |          5 |       0 |    0 |    34 |      0 |      0 |            0 |
|   scemi_setkey_inport_buffer_empty_sp                          |                        SyncHandshake_8 |          6 |          6 |       0 |    0 |     6 |      0 |      0 |            0 |
|   scemi_setkey_inport_buffer_full_sp                           |                        SyncHandshake_9 |          2 |          2 |       0 |    0 |     6 |      0 |      0 |            0 |
|   scemi_setkey_inport_ending_reset                             |                           SyncPulse_10 |          2 |          2 |       0 |    0 |     4 |      0 |      0 |            0 |
|   scemi_setkey_inport_next_sp                                  |                       SyncHandshake_11 |          6 |          6 |       0 |    0 |     6 |      0 |      0 |            0 |
|   scemi_setkey_inport_starting_reset                           |                           SyncPulse_12 |          1 |          1 |       0 |    0 |     4 |      0 |      0 |            0 |
|   scemi_setkey_inport_wait_sp                                  |                       SyncHandshake_13 |          7 |          7 |       0 |    0 |     6 |      0 |      0 |            0 |
|   scemi_setkey_res_fifo                                        |               SyncFIFO__parameterized1 |         19 |         15 |       4 |    0 |    28 |      0 |      0 |            0 |
|   scemi_settabledut_dut_dutIfc_didreset                        |                  FIFO2__parameterized4 |          4 |          4 |       0 |    0 |     3 |      0 |      0 |            0 |
|   scemi_settabledut_dut_dutIfc_m_dut                           |                           mkDutWrapper |         53 |         44 |       8 |    1 |   105 |      0 |      0 |            0 |
|     decrypt                                                    |                   mkSynthesizedDecrypt |         12 |         12 |       0 |    0 |    26 |      0 |      0 |            0 |
|       (decrypt)                                                |                   mkSynthesizedDecrypt |          2 |          2 |       0 |    0 |    24 |      0 |      0 |            0 |
|       dec_ciphertextFIFO                                       |               FIFO2__parameterized8_42 |         10 |         10 |       0 |    0 |     2 |      0 |      0 |            0 |
|     encrypt                                                    |                   mkSynthesizedEncrypt |         11 |         11 |       0 |    0 |    26 |      0 |      0 |            0 |
|       (encrypt)                                                |                   mkSynthesizedEncrypt |          1 |          1 |       0 |    0 |    24 |      0 |      0 |            0 |
|       enc_plaintextFIFO                                        |                  FIFO2__parameterized8 |         10 |         10 |       0 |    0 |     2 |      0 |      0 |            0 |
|     rst_usr                                                    |             SyncResetA__parameterized3 |          3 |          2 |       0 |    1 |     7 |      0 |      0 |            0 |
|     toKeySyncQ                                                 |            SyncFIFO__parameterized1_40 |         13 |          9 |       4 |    0 |    23 |      0 |      0 |            0 |
|     toSyncQ                                                    |            SyncFIFO__parameterized0_41 |         14 |         10 |       4 |    0 |    23 |      0 |      0 |            0 |
|   scemi_settabledut_dut_dutIfc_myrst                           |             MakeResetA__parameterized1 |          3 |          3 |       0 |    0 |     8 |      0 |      0 |            0 |
|     (scemi_settabledut_dut_dutIfc_myrst)                       |             MakeResetA__parameterized1 |          1 |          1 |       0 |    0 |     1 |      0 |      0 |            0 |
|     rstSync                                                    |             SyncResetA__parameterized4 |          2 |          2 |       0 |    0 |     7 |      0 |      0 |            0 |
|   scemi_settabledut_dut_prb_control_ackFifo                    |                  FIFO2__parameterized1 |        120 |        120 |       0 |    0 |    34 |      0 |      0 |            0 |
|   scemi_settabledut_dut_prb_control_control_in_buffer_empty_sp |                       SyncHandshake_14 |          6 |          6 |       0 |    0 |     6 |      0 |      0 |            0 |
|   scemi_settabledut_dut_prb_control_control_in_buffer_full_sp  |                       SyncHandshake_15 |          4 |          4 |       0 |    0 |     6 |      0 |      0 |            0 |
|   scemi_settabledut_dut_prb_control_control_in_ending_reset    |                           SyncPulse_16 |          2 |          2 |       0 |    0 |     4 |      0 |      0 |            0 |
|   scemi_settabledut_dut_prb_control_control_in_next_sp         |                       SyncHandshake_17 |          7 |          7 |       0 |    0 |     6 |      0 |      0 |            0 |
|   scemi_settabledut_dut_prb_control_control_in_starting_reset  |                           SyncPulse_18 |          1 |          1 |       0 |    0 |     4 |      0 |      0 |            0 |
|   scemi_settabledut_dut_prb_control_control_in_wait_sp         |                       SyncHandshake_19 |          2 |          2 |       0 |    0 |     6 |      0 |      0 |            0 |
|   scemi_settabledut_dut_prb_control_data_out_finished          |                       SyncHandshake_20 |          4 |          4 |       0 |    0 |     6 |      0 |      0 |            0 |
|   scemi_settabledut_dut_prb_control_data_out_next              |                       SyncHandshake_21 |         77 |         77 |       0 |    0 |     5 |      0 |      0 |            0 |
|   scemi_settabledut_dut_prb_control_enff                       |                  FIFO2__parameterized9 |         81 |         81 |       0 |    0 |     2 |      0 |      0 |            0 |
|   scemi_settabledut_softrst_req_inport_buffer_empty_sp         |                       SyncHandshake_22 |          4 |          4 |       0 |    0 |     6 |      0 |      0 |            0 |
|   scemi_settabledut_softrst_req_inport_buffer_full_sp          |                       SyncHandshake_23 |          4 |          4 |       0 |    0 |     6 |      0 |      0 |            0 |
|   scemi_settabledut_softrst_req_inport_ending_reset            |                           SyncPulse_24 |          2 |          2 |       0 |    0 |     4 |      0 |      0 |            0 |
|   scemi_settabledut_softrst_req_inport_next_sp                 |                       SyncHandshake_25 |          5 |          5 |       0 |    0 |     6 |      0 |      0 |            0 |
|   scemi_settabledut_softrst_req_inport_starting_reset          |                           SyncPulse_26 |          1 |          1 |       0 |    0 |     4 |      0 |      0 |            0 |
|   scemi_settabledut_softrst_req_inport_wait_sp                 |                       SyncHandshake_27 |          5 |          5 |       0 |    0 |     6 |      0 |      0 |            0 |
|   scemi_settabledut_softrst_req_res_fifo                       |               SyncFIFO__parameterized2 |          9 |          9 |       0 |    0 |    20 |      0 |      0 |            0 |
|   scemi_settabledut_softrst_resp_outport_finished              |                       SyncHandshake_28 |         17 |         17 |       0 |    0 |     6 |      0 |      0 |            0 |
|   scemi_settabledut_softrst_resp_outport_next                  |                       SyncHandshake_29 |          1 |          1 |       0 |    0 |     5 |      0 |      0 |            0 |
|   scemi_settabledut_softrst_resp_res_fifo                      |            SyncFIFO__parameterized2_30 |         14 |         12 |       2 |    0 |    23 |      0 |      0 |            0 |
|   scemi_shutdown_ctrl_in_buffer_empty_sp                       |                       SyncHandshake_31 |          7 |          7 |       0 |    0 |     6 |      0 |      0 |            0 |
|   scemi_shutdown_ctrl_in_buffer_full_sp                        |                       SyncHandshake_32 |          4 |          4 |       0 |    0 |     6 |      0 |      0 |            0 |
|   scemi_shutdown_ctrl_in_ending_reset                          |                           SyncPulse_33 |          2 |          2 |       0 |    0 |     4 |      0 |      0 |            0 |
|   scemi_shutdown_ctrl_in_next_sp                               |                       SyncHandshake_34 |          6 |          6 |       0 |    0 |     6 |      0 |      0 |            0 |
|   scemi_shutdown_ctrl_in_starting_reset                        |                           SyncPulse_35 |          1 |          1 |       0 |    0 |     4 |      0 |      0 |            0 |
|   scemi_shutdown_ctrl_in_wait_sp                               |                       SyncHandshake_36 |          5 |          5 |       0 |    0 |     6 |      0 |      0 |            0 |
|   scemi_shutdown_ctrl_out_finished                             |                       SyncHandshake_37 |          2 |          2 |       0 |    0 |     6 |      0 |      0 |            0 |
|   scemi_shutdown_ctrl_out_next                                 |                       SyncHandshake_38 |          1 |          1 |       0 |    0 |     5 |      0 |      0 |            0 |
|   scemi_uclkgen                                                |                           MakeClock_39 |          1 |          1 |       0 |    0 |     2 |      0 |      0 |            0 |
|   scemi_user_reset_half                                        |             SyncResetA__parameterized5 |          1 |          1 |       0 |    0 |     1 |      0 |      0 |            0 |
+----------------------------------------------------------------+----------------------------------------+------------+------------+---------+------+-------+--------+--------+--------------+
* Note: The sum of lower-level cells may be larger than their parent cells total, due to cross-hierarchy LUT combining


