Copyright 1986-2014 Xilinx, Inc. All Rights Reserved.
-------------------------------------------------------------------------------------
| Tool Version : Vivado v.2014.1 (lin64) Build 881834 Fri Apr  4 14:00:25 MDT 2014
| Date         : Tue Apr 26 20:21:01 2016
| Host         : bdbm11 running 64-bit Ubuntu 14.04.3 LTS
| Command      : report_control_sets -verbose -file mkBridge_control_sets_placed.rpt
| Design       : mkBridge
| Device       : xc7vx485t
-------------------------------------------------------------------------------------

Control Set Information

Table of Contents
-----------------
1. Summary
2. Flip-Flop Distribution
3. Detailed Control Set Information

1. Summary
----------

+-------------------------------------------------------------------+-------+
|                               Status                              | Count |
+-------------------------------------------------------------------+-------+
| Number of unique control sets                                     |   271 |
| Minimum Number of register sites lost to control set restrictions |   661 |
+-------------------------------------------------------------------+-------+


2. Flip-Flop Distribution
-------------------------

+--------------+-----------------------+------------------------+-----------------+--------------+
| Clock Enable | Synchronous Set/Reset | Asynchronous Set/Reset | Total Registers | Total Slices |
+--------------+-----------------------+------------------------+-----------------+--------------+
| No           | No                    | No                     |            1829 |          741 |
| No           | No                    | Yes                    |             332 |          126 |
| No           | Yes                   | No                     |            5400 |         1987 |
| Yes          | No                    | No                     |            1949 |          663 |
| Yes          | No                    | Yes                    |              90 |           25 |
| Yes          | Yes                   | No                     |            2275 |          797 |
+--------------+-----------------------+------------------------+-----------------+--------------+


3. Detailed Control Set Information
-----------------------------------

+----------------------------------------------------+---------------------------------------------------------------------------------------------------------------------------+-------------------------------------------------------------------------------------------------------------+------------------+----------------+
|                    Clock Signal                    |                                                       Enable Signal                                                       |                                               Set/Reset Signal                                              | Slice Load Count | Bel Load Count |
+----------------------------------------------------+---------------------------------------------------------------------------------------------------------------------------+-------------------------------------------------------------------------------------------------------------+------------------+----------------+
|  scemi_pcie_ep/ext_clk.pipe_clock_i/CLK            |                                                                                                                           |                                                                                                             |                1 |              1 |
|  usrClk_mmcm_clkout0buffer$O                       | scemi_settabledut_dut_dutIfc_m_dut/toSyncQ/dGDeqPtr0                                                                      |                                                                                                             |                1 |              1 |
|  scemi_uclkgen/p_0_in                              | scemi_settabledut_softrst_resp_res_fifo/dGDeqPtr0                                                                         |                                                                                                             |                1 |              1 |
|  scemi_clkgen_clkout0buffer$O                      |                                                                                                                           | scemi_epReset250/O1                                                                                         |                1 |              1 |
|  usrClk_mmcm_clkout0buffer$O                       | scemi_settabledut_dut_dutIfc_m_dut/toKeySyncQ/dGDeqPtr0                                                                   |                                                                                                             |                1 |              1 |
|  scemi_pcie_ep/ext_clk.pipe_clock_i/O1             |                                                                                                                           | scemi_epReset250/O1                                                                                         |                1 |              1 |
|  scemi_pcie_ep/ext_clk.pipe_clock_i/CLK            |                                                                                                                           | scemi_pcie_ep/pcie_7x_v1_10_i/gt_top_i/pipe_wrapper_i/pipe_reset.pipe_reset_i/n_0_dclk_rst_reg1_i_1         |                1 |              1 |
|  scemi_clk_port_scemi_clkgen/sCLK                  |                                                                                                                           | scemi_rstgen_inv_rstgen/rstSync/O2                                                                          |                1 |              2 |
|  scemi_pcie_ep/ext_clk.pipe_clock_i/PIPE_OOBCLK_IN |                                                                                                                           | scemi_pcie_ep/pcie_7x_v1_10_i/gt_top_i/O1                                                                   |                1 |              2 |
| ~scemi_scemi_clkgen_clkout0buf$O                   |                                                                                                                           | scemi_network_status/rstSync/O1                                                                             |                1 |              2 |
|  scemi_clk_port_scemi_clkgen/sCLK                  | scemi_settabledut_dut_dutIfc_didreset/sENQ                                                                                |                                                                                                             |                1 |              2 |
|  scemi_uclkgen/p_0_in                              |                                                                                                                           | scemi_rstgen_inv_rstgen/rstSync/O2                                                                          |                1 |              2 |
|  scemi_pcie_ep/ext_clk.pipe_clock_i/O1             |                                                                                                                           | scemi_pcie_ep/pcie_7x_v1_10_i/n_0_user_reset_out_i_1                                                        |                1 |              2 |
|  scemi_clkgen_clkout0buffer$O                      | scemi_bridge/pbb_csr_rd_addr_queue/pbb_csr_completion_tlp_valids_0$D_IN                                                   | scemi_bridge/pbb_csr_rd_addr_queue/O41                                                                      |                2 |              4 |
|  scemi_clkgen_clkout0buffer$O                      | scemi_bridge/pbb_csr_rd_addr_queue/pbb_csr_completion_tlp_valids_2$D_IN                                                   | scemi_bridge/pbb_csr_rd_addr_queue/O75                                                                      |                3 |              4 |
|  scemi_clkgen_clkout0buffer$O                      | scemi_bridge/pbb_csr_rd_addr_queue/pbb_csr_completion_tlp_valids_1$D_IN                                                   | scemi_bridge/pbb_csr_rd_addr_queue/O42                                                                      |                2 |              4 |
|  scemi_clkgen_clkout0buffer$O                      | scemi_bridge/pbb_csr_rd_addr_queue/pbb_csr_completion_tlp_valids_1$D_IN                                                   | scemi_bridge/pbb_csr_rd_addr_queue/O79                                                                      |                2 |              4 |
|  scemi_clk_port_scemi_clkgen/sCLK                  |                                                                                                                           |                                                                                                             |                1 |              4 |
|  scemi_clkgen_clkout0buffer$O                      | scemi_bridge/pbb_csr_rd_addr_queue/pbb_csr_completion_tlp_valids_0$D_IN                                                   | scemi_bridge/pbb_csr_rd_addr_queue/O78                                                                      |                2 |              4 |
|  scemi_clkgen_clkout0buffer$O                      | scemi_bridge/pbb_dispatcher/tlp_in_cfg_fifo/E[0]                                                                          | scemi_bridge/pbb_dispatcher/tlp_in_cfg_fifo/SR[0]                                                           |                2 |              4 |
|  scemi_clkgen_clkout0buffer$O                      | scemi_bridge/pbb_dispatcher/tlp_in_cfg_fifo/O39[0]                                                                        | scemi_epReset125/O1                                                                                         |                3 |              4 |
|  scemi_clkgen_clkout0buffer$O                      | scemi_bridge/pbb_dispatcher/tlp_in_cfg_fifo/O26[0]                                                                        | scemi_bridge/pbb_dispatcher/tlp_in_cfg_fifo/O25                                                             |                1 |              4 |
|  scemi_clkgen_clkout0buffer$O                      | scemi_bridge/pbb_dispatcher/tlp_in_dma_fifo/O32[0]                                                                        |                                                                                                             |                1 |              4 |
|  scemi_clkgen_clkout0buffer$O                      | scemi_bridge/pbb_csr_rd_addr_queue/pbb_csr_completion_tlp_valids_2$D_IN                                                   | scemi_bridge/pbb_csr_rd_addr_queue/O76                                                                      |                3 |              4 |
|  scemi_clkgen_clkout0buffer$O                      | scemi_bridge/pbb_csr_rd_addr_queue/pbb_csr_completion_tlp_valids_3$D_IN                                                   | scemi_bridge/pbb_csr_rd_addr_queue/O80                                                                      |                3 |              4 |
|  scemi_clkgen_clkout0buffer$O                      | scemi_bridge/pbb_csr_rd_addr_queue/pbb_csr_completion_tlp_valids_3$D_IN                                                   | scemi_bridge/pbb_csr_rd_addr_queue/O43                                                                      |                3 |              4 |
|  scemi_clkgen_clkout0buffer$O                      | scemi_bridge/O67                                                                                                          | scemi_epReset125/O1                                                                                         |                1 |              4 |
|  scemi_clkgen_clkout0buffer$O                      |                                                                                                                           | scemi_bridge/pbb_arbiter/tlp_out_cfg_fifo/n_0_data0_reg[139]_i_1                                            |                1 |              4 |
|  scemi_clkgen_clkout0buffer$O                      |                                                                                                                           | scemi_bridge/pbb_arbiter/tlp_out_cfg_fifo/n_0_data0_reg[135]_i_1                                            |                2 |              4 |
|  scemi_clkgen_clkout0buffer$O                      |                                                                                                                           | scemi_bridge/pbb_arbiter/tlp_out_dma_fifo/n_0_data0_reg[139]_i_1__0                                         |                2 |              4 |
|  scemi_clkgen_clkout0buffer$O                      |                                                                                                                           | scemi_bridge/pbb_arbiter/tlp_out_dma_fifo/n_0_data0_reg[135]_i_1__0                                         |                2 |              4 |
|  scemi_clkgen_clkout0buffer$O                      |                                                                                                                           | scemi_bridge/pbb_arbiter/tlp_out_dma_fifo/n_0_data0_reg[131]_i_1                                            |                1 |              4 |
|  scemi_pcie_ep/ext_clk.pipe_clock_i/CLK            | scemi_pcie_ep/pcie_7x_v1_10_i/gt_top_i/pipe_wrapper_i/pipe_lane[3].pipe_drp.pipe_drp_i/n_0_index[4]_i_1__2                | scemi_pcie_ep/pcie_7x_v1_10_i/gt_top_i/pipe_wrapper_i/pipe_reset.pipe_reset_i/dclk_rst_reg2                 |                1 |              5 |
|  scemi_pcie_ep/ext_clk.pipe_clock_i/O1             |                                                                                                                           | scemi_pcie_ep/pcie_7x_v1_10_i/gt_top_i/O1                                                                   |                4 |              5 |
|  scemi_pcie_ep/ext_clk.pipe_clock_i/CLK            | scemi_pcie_ep/pcie_7x_v1_10_i/gt_top_i/pipe_wrapper_i/pipe_lane[0].pipe_drp.pipe_drp_i/n_0_index[4]_i_1                   | scemi_pcie_ep/pcie_7x_v1_10_i/gt_top_i/pipe_wrapper_i/pipe_reset.pipe_reset_i/dclk_rst_reg2                 |                1 |              5 |
|  scemi_pcie_ep/ext_clk.pipe_clock_i/CLK            | scemi_pcie_ep/pcie_7x_v1_10_i/gt_top_i/pipe_wrapper_i/pipe_lane[1].pipe_drp.pipe_drp_i/n_0_index[4]_i_1__0                | scemi_pcie_ep/pcie_7x_v1_10_i/gt_top_i/pipe_wrapper_i/pipe_reset.pipe_reset_i/dclk_rst_reg2                 |                2 |              5 |
|  scemi_scemi_clkgen_clkout0buf$O                   |                                                                                                                           | scemi_network_status/rstSync/n_0_reset_hold[4]_i_1                                                          |                1 |              5 |
|  scemi_pcie_ep/ext_clk.pipe_clock_i/CLK            | scemi_pcie_ep/pcie_7x_v1_10_i/gt_top_i/pipe_wrapper_i/pipe_lane[5].pipe_drp.pipe_drp_i/n_0_index[4]_i_1__4                | scemi_pcie_ep/pcie_7x_v1_10_i/gt_top_i/pipe_wrapper_i/pipe_reset.pipe_reset_i/dclk_rst_reg2                 |                2 |              5 |
|  scemi_clkgen_clkout0buffer$O                      | scemi_scemi_clkgen_rCount$EN                                                                                              | scemi_user_reset_half/O1                                                                                    |                2 |              5 |
|  scemi_uclkgen/p_0_in                              |                                                                                                                           | scemi_settabledut_softrst_resp_res_fifo/O3                                                                  |                1 |              5 |
|  scemi_clkgen_clkout0buffer$O                      | scemi_bridge/pbb_dma_last_completion_tag$EN                                                                               | scemi_bridge/n_0_pbb_dma_last_completion_tag[4]_i_1                                                         |                1 |              5 |
|  scemi_uclkgen/p_0_in                              | scemi_settabledut_softrst_req_res_fifo/CAN_FIRE_RL_scemi_settabledut_softrst_req_connect_res_mkConnectionGetPut           | scemi_rstgen_inv_rstgen/rstSync/O1                                                                          |                2 |              5 |
|  scemi_pcie_ep/ext_clk.pipe_clock_i/CLK            | scemi_pcie_ep/pcie_7x_v1_10_i/gt_top_i/pipe_wrapper_i/pipe_lane[7].pipe_drp.pipe_drp_i/n_0_index[4]_i_1__6                | scemi_pcie_ep/pcie_7x_v1_10_i/gt_top_i/pipe_wrapper_i/pipe_reset.pipe_reset_i/dclk_rst_reg2                 |                1 |              5 |
|  scemi_pcie_ep/ext_clk.pipe_clock_i/CLK            | scemi_pcie_ep/pcie_7x_v1_10_i/gt_top_i/pipe_wrapper_i/pipe_lane[6].pipe_drp.pipe_drp_i/n_0_index[4]_i_1__5                | scemi_pcie_ep/pcie_7x_v1_10_i/gt_top_i/pipe_wrapper_i/pipe_reset.pipe_reset_i/dclk_rst_reg2                 |                2 |              5 |
|  scemi_clk_port_scemi_clkgen/sCLK                  | scemi_settabledut_softrst_req_res_fifo/dGDeqPtr0                                                                          | scemi_rstgen_inv_rstgen/rstSync/O1                                                                          |                1 |              5 |
|  scemi_clkgen_clkout0buffer$O                      | scemi_bridge/pbb_dma_last_tag_queue/O8[0]                                                                                 | scemi_bridge/pbb_dma_last_tag_queue/O12[0]                                                                  |                1 |              5 |
|  scemi_clkgen_clkout0buffer$O                      | scemi_bridge/pbb_dma_last_tag_queue/n_0_head[4]_i_1                                                                       | scemi_epReset125/O1                                                                                         |                2 |              5 |
|  scemi_clkgen_clkout0buffer$O                      | scemi_bridge/pbb_dma_last_tag_queue/n_0_D_OUT[4]_i_1                                                                      |                                                                                                             |                3 |              5 |
|  scemi_clkgen_clkout0buffer$O                      | scemi_bridge/pbb_dma_last_tag_queue/n_0_tail[4]_i_1                                                                       | scemi_epReset125/O1                                                                                         |                2 |              5 |
|  scemi_pcie_ep/ext_clk.pipe_clock_i/CLK            | scemi_pcie_ep/pcie_7x_v1_10_i/gt_top_i/pipe_wrapper_i/pipe_lane[2].pipe_drp.pipe_drp_i/n_0_index[4]_i_1__1                | scemi_pcie_ep/pcie_7x_v1_10_i/gt_top_i/pipe_wrapper_i/pipe_reset.pipe_reset_i/dclk_rst_reg2                 |                1 |              5 |
|  scemi_clkgen_clkout0buffer$O                      | scemi_bridge/pbb_dma_last_tag_queue/O10[0]                                                                                | scemi_bridge/n_0_pbb_dma_write_buffers_level[4]_i_1                                                         |                2 |              5 |
|  scemi_pcie_ep/ext_clk.pipe_clock_i/PIPE_OOBCLK_IN | scemi_pcie_ep/pcie_7x_v1_10_i/gt_top_i/gt_rx_valid_filter[4].GT_RX_VALID_FILTER_7x_inst/n_0_reg_state_eios_det[4]_i_1__3  | scemi_pcie_ep/pcie_7x_v1_10_i/gt_top_i/phy_rdy_n_int                                                        |                3 |              5 |
|  scemi_clkgen_clkout0buffer$O                      | scemi_bridge/pbb_dispatcher/tlp_in_dma_fifo/O73[0]                                                                        | scemi_bridge/n_0_pbb_dma_wr_buffer_queue_rRdPtr[5]_i_1                                                      |                1 |              5 |
|  scemi_pcie_ep/ext_clk.pipe_clock_i/PIPE_OOBCLK_IN | scemi_pcie_ep/pcie_7x_v1_10_i/gt_top_i/gt_rx_valid_filter[6].GT_RX_VALID_FILTER_7x_inst/n_0_reg_state_eios_det[4]_i_1__5  | scemi_pcie_ep/pcie_7x_v1_10_i/gt_top_i/phy_rdy_n_int                                                        |                2 |              5 |
|  scemi_pcie_ep/ext_clk.pipe_clock_i/PIPE_OOBCLK_IN | scemi_pcie_ep/pcie_7x_v1_10_i/gt_top_i/gt_rx_valid_filter[7].GT_RX_VALID_FILTER_7x_inst/n_0_reg_state_eios_det[4]_i_1__6  | scemi_pcie_ep/pcie_7x_v1_10_i/gt_top_i/phy_rdy_n_int                                                        |                2 |              5 |
|  scemi_pcie_ep/ext_clk.pipe_clock_i/PIPE_OOBCLK_IN | scemi_pcie_ep/pcie_7x_v1_10_i/gt_top_i/gt_rx_valid_filter[5].GT_RX_VALID_FILTER_7x_inst/n_0_reg_state_eios_det[4]_i_1__4  | scemi_pcie_ep/pcie_7x_v1_10_i/gt_top_i/phy_rdy_n_int                                                        |                2 |              5 |
|  scemi_pcie_ep/ext_clk.pipe_clock_i/PIPE_OOBCLK_IN | scemi_pcie_ep/pcie_7x_v1_10_i/gt_top_i/gt_rx_valid_filter[2].GT_RX_VALID_FILTER_7x_inst/n_0_reg_state_eios_det[4]_i_1__1  | scemi_pcie_ep/pcie_7x_v1_10_i/gt_top_i/phy_rdy_n_int                                                        |                2 |              5 |
|  scemi_pcie_ep/ext_clk.pipe_clock_i/PIPE_OOBCLK_IN | scemi_pcie_ep/pcie_7x_v1_10_i/gt_top_i/gt_rx_valid_filter[3].GT_RX_VALID_FILTER_7x_inst/n_0_reg_state_eios_det[4]_i_1__2  | scemi_pcie_ep/pcie_7x_v1_10_i/gt_top_i/phy_rdy_n_int                                                        |                2 |              5 |
|  scemi_pcie_ep/ext_clk.pipe_clock_i/PIPE_OOBCLK_IN | scemi_pcie_ep/pcie_7x_v1_10_i/gt_top_i/gt_rx_valid_filter[0].GT_RX_VALID_FILTER_7x_inst/n_0_reg_state_eios_det[4]_i_1     | scemi_pcie_ep/pcie_7x_v1_10_i/gt_top_i/phy_rdy_n_int                                                        |                2 |              5 |
|  scemi_pcie_ep/ext_clk.pipe_clock_i/PIPE_OOBCLK_IN | scemi_pcie_ep/pcie_7x_v1_10_i/gt_top_i/gt_rx_valid_filter[1].GT_RX_VALID_FILTER_7x_inst/n_0_reg_state_eios_det[4]_i_1__0  | scemi_pcie_ep/pcie_7x_v1_10_i/gt_top_i/phy_rdy_n_int                                                        |                2 |              5 |
|  scemi_pcie_ep/ext_clk.pipe_clock_i/CLK            | scemi_pcie_ep/pcie_7x_v1_10_i/gt_top_i/pipe_wrapper_i/pipe_lane[4].pipe_drp.pipe_drp_i/n_0_index[4]_i_1__3                | scemi_pcie_ep/pcie_7x_v1_10_i/gt_top_i/pipe_wrapper_i/pipe_reset.pipe_reset_i/dclk_rst_reg2                 |                1 |              5 |
|  usrClk_mmcm_clkout0buffer$O                       | scemi_settabledut_dut_dutIfc_m_dut/toKeySyncQ/dGDeqPtr0                                                                   | scemi_settabledut_dut_dutIfc_myrst/rstSync/O2                                                               |                1 |              6 |
|  usrClk_mmcm_clkout0buffer$O                       | scemi_settabledut_dut_dutIfc_m_dut/toSyncQ/dGDeqPtr0                                                                      | scemi_settabledut_dut_dutIfc_myrst/rstSync/O2                                                               |                1 |              6 |
|  scemi_pcie_ep/ext_clk.pipe_clock_i/CLK            | scemi_pcie_ep/pcie_7x_v1_10_i/gt_top_i/pipe_wrapper_i/pipe_lane[4].pipe_quad.pipe_common.qpll_drp_i/n_0_crscode[5]_i_1__0 | scemi_pcie_ep/pcie_7x_v1_10_i/gt_top_i/pipe_wrapper_i/pipe_reset.pipe_reset_i/dclk_rst_reg2                 |                2 |              6 |
|  usrClk_mmcm_clkout0buffer$O                       |                                                                                                                           |                                                                                                             |                3 |              6 |
|  scemi_uclkgen/p_0_in                              | scemi_settabledut_softrst_resp_res_fifo/dGDeqPtr0                                                                         | scemi_settabledut_softrst_resp_res_fifo/O3                                                                  |                2 |              6 |
|  scemi_uclkgen/p_0_in                              | scemi_setkey_res_fifo/CAN_FIRE_RL_scemi_setkey_connect_res_mkConnectionGetPut                                             | scemi_rstgen_inv_rstgen/rstSync/O1                                                                          |                1 |              6 |
|  scemi_uclkgen/p_0_in                              | scemi_processor_req_res_fifo/CAN_FIRE_RL_scemi_processor_req_connect_res_mkConnectionGetPut                               | scemi_rstgen_inv_rstgen/rstSync/O1                                                                          |                2 |              6 |
|  scemi_pcie_ep/ext_clk.pipe_clock_i/CLK            | scemi_pcie_ep/pcie_7x_v1_10_i/gt_top_i/pipe_wrapper_i/pipe_lane[0].pipe_quad.pipe_common.qpll_drp_i/n_0_crscode[5]_i_1    | scemi_pcie_ep/pcie_7x_v1_10_i/gt_top_i/pipe_wrapper_i/pipe_reset.pipe_reset_i/dclk_rst_reg2                 |                2 |              6 |
|  scemi_clkgen_clkout0buffer$O                      | scemi_bridge/pbb_dispatcher/tlp_in_dma_fifo/O72[0]                                                                        | scemi_bridge/n_0_pbb_dma_wr_buffer_queue_rRdPtr[5]_i_1                                                      |                2 |              6 |
|  scemi_clk_port_scemi_clkgen/sCLK                  |                                                                                                                           | scemi_settabledut_softrst_resp_res_fifo/O3                                                                  |                1 |              6 |
|  scemi_clk_port_scemi_clkgen/sCLK                  | scemi_processor_req_res_fifo/dGDeqPtr0                                                                                    |                                                                                                             |                1 |              6 |
|  scemi_clk_port_scemi_clkgen/sCLK                  | scemi_processor_req_res_fifo/dGDeqPtr0                                                                                    | scemi_rstgen_inv_rstgen/rstSync/O1                                                                          |                1 |              6 |
|  scemi_clk_port_scemi_clkgen/sCLK                  | scemi_settabledut_dut_dutIfc_didreset/sENQ                                                                                | scemi_settabledut_softrst_resp_res_fifo/O3                                                                  |                1 |              6 |
|  scemi_clk_port_scemi_clkgen/sCLK                  | scemi_setkey_res_fifo/dGDeqPtr0                                                                                           |                                                                                                             |                1 |              6 |
|  scemi_clk_port_scemi_clkgen/sCLK                  | scemi_setkey_res_fifo/dGDeqPtr0                                                                                           | scemi_rstgen_inv_rstgen/rstSync/O1                                                                          |                3 |              6 |
|  scemi_clkgen_clkout0buffer$O                      | scemi_bridge/pbb_dma_rd_buffer_queue_rRdPtr$EN                                                                            | scemi_bridge/n_0_pbb_dma_wr_buffer_queue_rRdPtr[5]_i_1                                                      |                1 |              6 |
|  scemi_clk_port_scemi_clkgen/sCLK                  | scemi_settabledut_dut_dutIfc_m_dut/toKeySyncQ/CAN_FIRE_RL_scemi_setkey_connect_put_mkConnectionGetPut                     | scemi_settabledut_dut_dutIfc_myrst/rstSync/O2                                                               |                1 |              6 |
|  scemi_clk_port_scemi_clkgen/sCLK                  | scemi_settabledut_dut_dutIfc_m_dut/toSyncQ/CAN_FIRE_RL_scemi_processor_req_connect_put_mkConnectionGetPut                 | scemi_settabledut_dut_dutIfc_myrst/rstSync/O2                                                               |                1 |              6 |
|  scemi_clkgen_clkout0buffer$O                      | scemi_bridge/pbb_dma_last_tag_queue/E[0]                                                                                  | scemi_bridge/n_0_pbb_dma_wr_buffer_queue_rRdPtr[5]_i_1                                                      |                1 |              6 |
|  scemi_pcie_ep/ext_clk.pipe_clock_i/PIPE_OOBCLK_IN | scemi_pcie_ep/pcie_7x_v1_10_i/gt_top_i/pipe_wrapper_i/pipe_lane[3].pipe_eq.pipe_eq_i/n_0_txeq_preset[17]_i_1__2           |                                                                                                             |                1 |              6 |
|  scemi_pcie_ep/ext_clk.pipe_clock_i/PIPE_OOBCLK_IN | scemi_pcie_ep/pcie_7x_v1_10_i/gt_top_i/pipe_wrapper_i/pipe_lane[0].pipe_eq.pipe_eq_i/n_0_txeq_preset[17]_i_1              |                                                                                                             |                3 |              6 |
|  scemi_clkgen_clkout0buffer$O                      | scemi_bridge/pbb_dispatcher/tlp_in_dma_fifo/O31[0]                                                                        | scemi_bridge/n_0_pbb_dma_wr_buffer_queue_rRdPtr[5]_i_1                                                      |                1 |              6 |
|  scemi_pcie_ep/ext_clk.pipe_clock_i/PIPE_OOBCLK_IN | scemi_pcie_ep/pcie_7x_v1_10_i/gt_top_i/pipe_wrapper_i/pipe_lane[1].pipe_eq.pipe_eq_i/n_0_txeq_preset[17]_i_1__0           |                                                                                                             |                2 |              6 |
|  scemi_clkgen_clkout0buffer$O                      | scemi_bridge/pbb_dispatcher/tlp_in_cfg_fifo/O26[0]                                                                        | scemi_epReset125/O1                                                                                         |                4 |              6 |
|  scemi_pcie_ep/ext_clk.pipe_clock_i/PIPE_OOBCLK_IN | scemi_pcie_ep/pcie_7x_v1_10_i/gt_top_i/pipe_wrapper_i/pipe_lane[2].pipe_eq.pipe_eq_i/n_0_txeq_preset[17]_i_1__1           |                                                                                                             |                1 |              6 |
|  scemi_pcie_ep/ext_clk.pipe_clock_i/PIPE_OOBCLK_IN | scemi_pcie_ep/pcie_7x_v1_10_i/gt_top_i/pipe_wrapper_i/pipe_lane[4].pipe_eq.pipe_eq_i/n_0_txeq_preset[17]_i_1__3           |                                                                                                             |                3 |              6 |
|  scemi_pcie_ep/ext_clk.pipe_clock_i/PIPE_OOBCLK_IN | scemi_pcie_ep/pcie_7x_v1_10_i/gt_top_i/pipe_wrapper_i/pipe_lane[5].pipe_eq.pipe_eq_i/n_0_txeq_preset[17]_i_1__4           |                                                                                                             |                2 |              6 |
|  scemi_pcie_ep/ext_clk.pipe_clock_i/PIPE_OOBCLK_IN | scemi_pcie_ep/pcie_7x_v1_10_i/gt_top_i/pipe_wrapper_i/pipe_lane[6].pipe_eq.pipe_eq_i/n_0_txeq_preset[17]_i_1__5           |                                                                                                             |                2 |              6 |
|  scemi_pcie_ep/ext_clk.pipe_clock_i/PIPE_OOBCLK_IN | scemi_pcie_ep/pcie_7x_v1_10_i/gt_top_i/pipe_wrapper_i/pipe_lane[7].pipe_eq.pipe_eq_i/n_0_txeq_preset[17]_i_1__6           |                                                                                                             |                2 |              6 |
|  scemi_clkgen_clkout0buffer$O                      |                                                                                                                           | scemi_bridge/n_0_pbb_dma_rIdleCount[6]_i_1                                                                  |                3 |              7 |
|  scemi_clkgen_clkout0buffer$O                      |                                                                                                                           | scemi_pcie_ep/pcie_7x_v1_10_i/O1                                                                            |                3 |              7 |
|  scemi_clkgen_clkout0buffer$O                      | MUX_scemi_scemi_clkgen_rReset$write_1__SEL_2                                                                              | scemi_user_reset_half/SR[0]                                                                                 |                1 |              7 |
|  scemi_clk_port_scemi_clkgen/sCLK                  |                                                                                                                           | scemi_settabledut_dut_dutIfc_myrst/rstSync/ASSERT_OUT                                                       |                2 |              7 |
|  scemi_uclkgen/p_0_in                              |                                                                                                                           | scemi_processor_req_res_fifo/SS[0]                                                                          |                2 |              7 |
|  scemi_uclkgen/p_0_in                              |                                                                                                                           | scemi_setkey_res_fifo/SS[0]                                                                                 |                2 |              7 |
|  scemi_pcie_ep/ext_clk.pipe_clock_i/PIPE_OOBCLK_IN |                                                                                                                           | scemi_pcie_ep/pcie_7x_v1_10_i/gt_top_i/n_0_reg_clock_locked_i_1                                             |                2 |              7 |
|  scemi_clkgen_clkout0buffer$O                      | scemi_bridge/pbb_csr_rd_addr_queue/O29[0]                                                                                 |                                                                                                             |                5 |              8 |
|  scemi_clkgen_clkout0buffer$O                      | scemi_bridge/pbb_csr_rd_addr_queue/O77[0]                                                                                 |                                                                                                             |                4 |              8 |
|  scemi_clkgen_clkout0buffer$O                      | scemi_bridge/pbb_csr_rd_addr_queue/O31[0]                                                                                 |                                                                                                             |                4 |              8 |
|  scemi_clkgen_clkout0buffer$O                      | scemi_bridge/O62[0]                                                                                                       |                                                                                                             |                3 |              8 |
|  scemi_clkgen_clkout0buffer$O                      | scemi_bridge/O25[0]                                                                                                       | scemi_epReset125/O1                                                                                         |                6 |              8 |
|  scemi_clkgen_clkout0buffer$O                      | scemi_bridge/pbb_csr_rd_addr_queue/O30[0]                                                                                 |                                                                                                             |                2 |              8 |
|  scemi_clkgen_clkout0buffer$O                      | scemi_bridge/p_344_in                                                                                                     | scemi_bridge/n_0_pbb_dma_dma_write_req_tlp_values_10[7]_i_1                                                 |                7 |              8 |
|  scemi_clkgen_clkout0buffer$O                      | scemi_bridge/pbb_csr_rd_addr_queue/O28[0]                                                                                 |                                                                                                             |                4 |              8 |
|  scemi_clkgen_clkout0buffer$O                      | scemi_bridge/pbb_csr_rd_addr_queue/O27[0]                                                                                 |                                                                                                             |                4 |              8 |
|  scemi_clkgen_clkout0buffer$O                      | scemi_bridge/pbb_csr_rd_addr_queue/O26[0]                                                                                 |                                                                                                             |                2 |              8 |
|  scemi_clkgen_clkout0buffer$O                      | scemi_bridge/pbb_csr_rd_addr_queue/O25[0]                                                                                 |                                                                                                             |                5 |              8 |
|  scemi_clkgen_clkout0buffer$O                      | scemi_bridge/p_344_in                                                                                                     | scemi_bridge/n_0_pbb_dma_dma_write_req_tlp_values_7[7]_i_1                                                  |                1 |              8 |
|  scemi_clkgen_clkout0buffer$O                      | scemi_bridge/p_344_in                                                                                                     | scemi_bridge/n_0_pbb_dma_dma_write_req_tlp_values_11[7]_i_1                                                 |                1 |              8 |
|  scemi_clkgen_clkout0buffer$O                      | scemi_bridge/pbb_csr_rd_addr_queue/O8[0]                                                                                  |                                                                                                             |                4 |              8 |
|  scemi_clkgen_clkout0buffer$O                      | scemi_bridge/p_344_in                                                                                                     | scemi_bridge/n_0_pbb_dma_dma_write_req_tlp_values_6[7]_i_1                                                  |                2 |              8 |
|  scemi_clkgen_clkout0buffer$O                      | scemi_bridge/p_344_in                                                                                                     | scemi_bridge/n_0_pbb_dma_dma_write_req_tlp_values_13[7]_i_1                                                 |                4 |              8 |
|  scemi_clkgen_clkout0buffer$O                      | scemi_bridge/pbb_csr_rd_addr_queue/O12[0]                                                                                 |                                                                                                             |                4 |              8 |
|  scemi_clkgen_clkout0buffer$O                      | scemi_bridge/pbb_csr_rd_addr_queue/O11[0]                                                                                 |                                                                                                             |                5 |              8 |
|  scemi_clkgen_clkout0buffer$O                      | scemi_bridge/pbb_csr_rd_addr_queue/E[0]                                                                                   |                                                                                                             |                2 |              8 |
|  scemi_clkgen_clkout0buffer$O                      | scemi_bridge/p_344_in                                                                                                     | scemi_bridge/n_0_pbb_dma_dma_write_req_tlp_values_14[7]_i_1                                                 |                4 |              8 |
|  scemi_clkgen_clkout0buffer$O                      | scemi_bridge/p_344_in                                                                                                     | scemi_bridge/n_0_pbb_dma_dma_write_req_tlp_values_1[7]_i_1                                                  |                2 |              8 |
|  scemi_clkgen_clkout0buffer$O                      | scemi_bridge/p_344_in                                                                                                     | scemi_bridge/n_0_pbb_dma_dma_write_req_tlp_values_2[7]_i_1                                                  |                3 |              8 |
|  scemi_clkgen_clkout0buffer$O                      | scemi_bridge/p_344_in                                                                                                     | scemi_bridge/n_0_pbb_dma_dma_write_req_tlp_values_9[7]_i_1                                                  |                3 |              8 |
|  scemi_clkgen_clkout0buffer$O                      | scemi_bridge/p_344_in                                                                                                     | scemi_bridge/n_0_pbb_dma_dma_write_req_tlp_values_3[7]_i_1                                                  |                2 |              8 |
|  scemi_clkgen_clkout0buffer$O                      | scemi_bridge/p_344_in                                                                                                     | scemi_bridge/n_0_pbb_dma_dma_write_req_tlp_values_4[7]_i_1                                                  |                7 |              8 |
|  scemi_clkgen_clkout0buffer$O                      | scemi_bridge/p_344_in                                                                                                     | scemi_bridge/n_0_pbb_dma_dma_write_req_tlp_values_5[7]_i_1                                                  |                1 |              8 |
|  scemi_clkgen_clkout0buffer$O                      | scemi_bridge/p_344_in                                                                                                     | scemi_bridge/n_0_pbb_dma_dma_write_req_tlp_values_12[7]_i_1                                                 |                4 |              8 |
|  scemi_uclkgen/p_0_in                              | scemi_setkey_res_fifo/CAN_FIRE_RL_scemi_setkey_connect_res_mkConnectionGetPut                                             |                                                                                                             |                1 |              8 |
|  scemi_uclkgen/p_0_in                              | scemi_processor_req_res_fifo/CAN_FIRE_RL_scemi_processor_req_connect_res_mkConnectionGetPut                               |                                                                                                             |                1 |              8 |
|  scemi_uclkgen/p_0_in                              | scemi_settabledut_dut_prb_control_data_out_next/scemi_settabledut_dut_prb_control_data_out_beats$EN                       |                                                                                                             |                2 |              8 |
|  scemi_uclkgen/p_0_in                              | scemi_settabledut_dut_prb_control_enff/O3[0]                                                                              | scemi_rstgen_inv_rstgen/rstSync/O1                                                                          |                3 |              8 |
|  scemi_uclkgen/p_0_in                              | scemi_settabledut_dut_prb_control_enff/O2[0]                                                                              | scemi_rstgen_inv_rstgen/rstSync/O1                                                                          |                2 |              8 |
|  scemi_uclkgen/p_0_in                              | scemi_settabledut_dut_prb_control_enff/O4[0]                                                                              | scemi_rstgen_inv_rstgen/rstSync/O1                                                                          |                2 |              8 |
|  scemi_uclkgen/p_0_in                              | scemi_settabledut_dut_prb_control_enff/O5[0]                                                                              | scemi_rstgen_inv_rstgen/rstSync/O1                                                                          |                3 |              8 |
|  scemi_clkgen_clkout0buffer$O                      | scemi_bridge/pbb_dma_last_tag_queue/p_0_in8_out                                                                           |                                                                                                             |                1 |              8 |
|  scemi_clkgen_clkout0buffer$O                      | scemi_bridge/pbb_dma_msg_len_out/O3                                                                                       | scemi_bridge/pbb_dma_msg_len_out/O86                                                                        |                3 |              8 |
|  scemi_clkgen_clkout0buffer$O                      | scemi_bridge/pbb_dispatcher/tlp_in_dma_fifo/O33[0]                                                                        |                                                                                                             |                2 |              8 |
|  scemi_pcie_ep/ext_clk.pipe_clock_i/O1             | scemi_pcie_ep/pcie_7x_v1_10_i/pcie_top_i/axi_basic_top/rx_inst/rx_pipeline_inst/n_0_m_axis_rx_tuser[14]_i_2               | scemi_pcie_ep/pcie_7x_v1_10_i/pcie_top_i/axi_basic_top/rx_inst/rx_pipeline_inst/n_0_m_axis_rx_tuser[14]_i_1 |                3 |              8 |
|  scemi_clkgen_clkout0buffer$O                      | scemi_bridge/pbb_dma_msg_len_out/O76[0]                                                                                   | scemi_epReset125/O1                                                                                         |                3 |              8 |
|  scemi_clk_port_scemi_clkgen/sCLK                  | scemi_settabledut_dut_dutIfc_m_dut/toKeySyncQ/CAN_FIRE_RL_scemi_setkey_connect_put_mkConnectionGetPut                     |                                                                                                             |                1 |              8 |
|  scemi_clkgen_clkout0buffer$O                      | scemi_bridge/pbb_dispatcher/tlp_in_cfg_fifo/O40[0]                                                                        | scemi_epReset125/O1                                                                                         |                7 |              8 |
|  scemi_clk_port_scemi_clkgen/sCLK                  | scemi_settabledut_dut_dutIfc_m_dut/toSyncQ/CAN_FIRE_RL_scemi_processor_req_connect_put_mkConnectionGetPut                 |                                                                                                             |                1 |              8 |
|  scemi_clkgen_clkout0buffer$O                      |                                                                                                                           | scemi_user_reset_half/O1                                                                                    |                6 |              9 |
|  scemi_clkgen_clkout0buffer$O                      | scemi_bridge/pbb_dma_msg_len_out/d1di                                                                                     |                                                                                                             |                3 |              9 |
|  scemi_clkgen_clkout0buffer$O                      | scemi_bridge/scemi_setkey_inport_scemiInportBeats$EN                                                                      | scemi_epReset125/O1                                                                                         |                3 |              9 |
|  scemi_clkgen_clkout0buffer$O                      | scemi_bridge/pbb_dma_msg_len_out/E[0]                                                                                     | scemi_epReset125/O1                                                                                         |                3 |              9 |
|  scemi_clkgen_clkout0buffer$O                      | scemi_bridge/pbb_dma_last_tag_queue/p_508_in                                                                              | scemi_bridge/pbb_dma_last_tag_queue/O18                                                                     |                3 |              9 |
|  scemi_clkgen_clkout0buffer$O                      | scemi_bridge/pbb_dma_bytes_left_in_tlp$EN                                                                                 | scemi_epReset125/O1                                                                                         |                3 |              9 |
|  scemi_clkgen_clkout0buffer$O                      | scemi_init_state_msgFIFO/dGDeqPtr0                                                                                        | scemi_rstgen_inv_rstgen/rstSync/O1                                                                          |                4 |             10 |
|  scemi_uclkgen/p_0_in                              | scemi_settabledut_dut_prb_control_data_out_next/scemi_settabledut_dut_prb_control_data_out_beats$EN                       | scemi_settabledut_dut_prb_control_data_out_next/O6                                                          |                4 |             10 |
|  scemi_clkgen_clkout0buffer$O                      | scemi_bridge/pbb_dispatcher/tlp_in_dma_fifo/O62[0]                                                                        |                                                                                                             |                4 |             10 |
|  scemi_uclkgen/p_0_in                              | scemi_settabledut_dut_prb_control_data_out_next/scemi_init_state_msgFIFO$sENQ                                             | scemi_rstgen_inv_rstgen/rstSync/O1                                                                          |                4 |             10 |
|  scemi_clkgen_clkout0buffer$O                      | scemi_bridge/O67                                                                                                          | scemi_bridge/SR[0]                                                                                          |                3 |             10 |
|  scemi_clk_port_scemi_clkgen/sCLK                  |                                                                                                                           | scemi_settabledut_dut_dutIfc_myrst/rstSync/O2                                                               |                3 |             10 |
|  scemi_clkgen_clkout0buffer$O                      | scemi_bridge/O29[0]                                                                                                       |                                                                                                             |                3 |             10 |
|  scemi_pcie_ep/ext_clk.pipe_clock_i/O1             | scemi_pcie_ep/pcie_7x_v1_10_i/pcie_top_i/axi_basic_top/rx_inst/rx_pipeline_inst/O1                                        | scemi_pcie_ep/pcie_7x_v1_10_i/O1                                                                            |                3 |             11 |
|  scemi_clkgen_clkout0buffer$O                      | scemi_bridge/pbb_arbiter/tlp_out_dma_fifo/E[0]                                                                            | scemi_bridge/pbb_arbiter/tlp_out_dma_fifo/SR[0]                                                             |                4 |             11 |
|  scemi_clkgen_clkout0buffer$O                      | scemi_bridge/E[0]                                                                                                         | scemi_epReset125/O1                                                                                         |                4 |             12 |
|  scemi_clkgen_clkout0buffer$O                      | scemi_bridge/pbb_dma_intr_info/pbb_dma_intr_tlp_valids_4$D_IN                                                             |                                                                                                             |                5 |             12 |
|  scemi_clkgen_clkout0buffer$O                      | scemi_bridge/scemi_setkey_inport_scemiInportBeats$EN                                                                      |                                                                                                             |                2 |             12 |
|  scemi_clkgen_clkout0buffer$O                      | scemi_bridge/p_342_in                                                                                                     | scemi_bridge/n_0_pbb_dma_dma_fd_bytes_to_end_of_page[12]_i_1                                                |                4 |             13 |
|  scemi_clkgen_clkout0buffer$O                      | scemi_bridge/pbb_csr_rd_addr_queue/d1di                                                                                   |                                                                                                             |                8 |             13 |
|  scemi_clkgen_clkout0buffer$O                      | scemi_bridge/pbb_dma_last_tag_queue/pbb_dma_dma_td_block_offset$EN                                                        |                                                                                                             |                4 |             13 |
|  scemi_clk_port_scemi_clkgen/sCLK                  |                                                                                                                           | scemi_rstgen_inv_rstgen/rstSync/O1                                                                          |                6 |             15 |
|  scemi_clkgen_clkout0buffer$O                      | scemi_scemi_clkgen_fRequest/O18[0]                                                                                        | scemi_user_reset_half/O1                                                                                    |                9 |             16 |
|  scemi_clkgen_clkout0buffer$O                      | scemi_scemi_clkgen_fRequest/O5[0]                                                                                         | scemi_user_reset_half/O1                                                                                    |                7 |             16 |
|  scemi_clkgen_clkout0buffer$O                      | scemi_scemi_clkgen_fRequest/O4[0]                                                                                         | scemi_user_reset_half/O1                                                                                    |               11 |             16 |
|  scemi_clkgen_clkout0buffer$O                      | scemi_scemi_clkgen_fRequest/O3[0]                                                                                         | scemi_user_reset_half/O1                                                                                    |                8 |             16 |
|  scemi_clkgen_clkout0buffer$O                      | scemi_scemi_clkgen_fRequest/O24[0]                                                                                        | scemi_user_reset_half/O1                                                                                    |               12 |             16 |
|  scemi_clkgen_clkout0buffer$O                      | scemi_scemi_clkgen_fRequest/O23[0]                                                                                        | scemi_user_reset_half/O1                                                                                    |               12 |             16 |
|  scemi_clkgen_clkout0buffer$O                      | scemi_scemi_clkgen_fRequest/O22[0]                                                                                        | scemi_user_reset_half/O1                                                                                    |               11 |             16 |
|  scemi_clkgen_clkout0buffer$O                      | scemi_scemi_clkgen_fRequest/O2[0]                                                                                         | scemi_user_reset_half/O1                                                                                    |               10 |             16 |
|  scemi_clkgen_clkout0buffer$O                      | scemi_scemi_clkgen_fRequest/O19[0]                                                                                        | scemi_user_reset_half/O1                                                                                    |                9 |             16 |
|  scemi_clkgen_clkout0buffer$O                      | scemi_scemi_clkgen_rWrData$EN                                                                                             | scemi_user_reset_half/SR[0]                                                                                 |               10 |             16 |
|  scemi_clkgen_clkout0buffer$O                      | scemi_scemi_clkgen_fRequest/O17[0]                                                                                        | scemi_user_reset_half/O1                                                                                    |                9 |             16 |
|  scemi_clkgen_clkout0buffer$O                      | scemi_scemi_clkgen_fResponse/d1di                                                                                         |                                                                                                             |               10 |             16 |
|  scemi_clkgen_clkout0buffer$O                      | scemi_scemi_clkgen_fRequest/O6[0]                                                                                         | scemi_user_reset_half/O1                                                                                    |               12 |             16 |
|  scemi_clkgen_clkout0buffer$O                      | scemi_scemi_clkgen_fRequest/O7[0]                                                                                         | scemi_user_reset_half/O1                                                                                    |                9 |             16 |
|  scemi_clkgen_clkout0buffer$O                      | scemi_scemi_clkgen_fRequest/O8[0]                                                                                         | scemi_user_reset_half/O1                                                                                    |                9 |             16 |
|  scemi_clkgen_clkout0buffer$O                      | scemi_scemi_clkgen_fRequest/O9[0]                                                                                         | scemi_user_reset_half/O1                                                                                    |                9 |             16 |
|  scemi_clkgen_clkout0buffer$O                      | scemi_scemi_clkgen_fResponse/I138[0]                                                                                      |                                                                                                             |                4 |             16 |
|  scemi_clkgen_clkout0buffer$O                      | scemi_scemi_clkgen_fRequest/O1[0]                                                                                         | scemi_user_reset_half/O1                                                                                    |                9 |             16 |
|  scemi_clkgen_clkout0buffer$O                      | scemi_scemi_clkgen_fRequest/O10[0]                                                                                        | scemi_user_reset_half/O1                                                                                    |               10 |             16 |
|  scemi_clkgen_clkout0buffer$O                      | scemi_scemi_clkgen_fRequest/O11[0]                                                                                        | scemi_user_reset_half/O1                                                                                    |                6 |             16 |
|  scemi_clkgen_clkout0buffer$O                      | scemi_scemi_clkgen_fRequest/O12[0]                                                                                        | scemi_user_reset_half/O1                                                                                    |               10 |             16 |
|  scemi_clkgen_clkout0buffer$O                      | scemi_scemi_clkgen_fRequest/O13[0]                                                                                        | scemi_user_reset_half/O1                                                                                    |                8 |             16 |
|  scemi_clkgen_clkout0buffer$O                      | scemi_scemi_clkgen_fRequest/O14[0]                                                                                        | scemi_user_reset_half/O1                                                                                    |               11 |             16 |
|  scemi_clkgen_clkout0buffer$O                      | scemi_scemi_clkgen_fRequest/O15[0]                                                                                        | scemi_user_reset_half/O1                                                                                    |                7 |             16 |
|  scemi_clkgen_clkout0buffer$O                      | scemi_scemi_clkgen_fRequest/E[0]                                                                                          | scemi_user_reset_half/O1                                                                                    |               12 |             16 |
|  scemi_clkgen_clkout0buffer$O                      | scemi_bridge/scemi_rS1BitsRem$EN                                                                                          |                                                                                                             |                5 |             16 |
|  scemi_uclkgen/p_0_in                              | scemi_settabledut_dut_prb_control_enff/O7[0]                                                                              |                                                                                                             |                7 |             16 |
|  usrClk_mmcm_clkout0buffer$O                       |                                                                                                                           | scemi_settabledut_dut_dutIfc_myrst/rstSync/O2                                                               |                5 |             16 |
|  scemi_pcie_ep/ext_clk.pipe_clock_i/O1             | scemi_pcie_ep/pcie_7x_v1_10_i/pcie_top_i/pcie_7x_i/E[0]                                                                   | scemi_pcie_ep/pcie_7x_v1_10_i/pcie_top_i/n_0_cfg_bus_number_d[7]_i_1                                        |                3 |             16 |
|  scemi_clkgen_clkout0buffer$O                      | scemi_bridge/scemi_settabledut_dut_prb_control_control_in_scemiInportBeats$EN                                             | scemi_epReset125/O1                                                                                         |                9 |             17 |
|  scemi_uclkgen/p_0_in                              |                                                                                                                           | scemi_settabledut_dut_prb_control_enff/SS[0]                                                                |                9 |             18 |
|  scemi_pcie_ep/ext_clk.pipe_clock_i/PIPE_OOBCLK_IN | scemi_pcie_ep/pcie_7x_v1_10_i/gt_top_i/pipe_wrapper_i/pipe_lane[5].pipe_eq.pipe_eq_i/n_0_txeq_txcoeff[18]_i_1__4          | scemi_pcie_ep/pcie_7x_v1_10_i/gt_top_i/pipe_wrapper_i/pipe_reset.pipe_reset_i/rst_cpllreset                 |                7 |             19 |
|  scemi_pcie_ep/ext_clk.pipe_clock_i/PIPE_OOBCLK_IN | scemi_pcie_ep/pcie_7x_v1_10_i/gt_top_i/pipe_wrapper_i/pipe_lane[2].pipe_eq.pipe_eq_i/n_0_txeq_txcoeff[18]_i_1__1          | scemi_pcie_ep/pcie_7x_v1_10_i/gt_top_i/pipe_wrapper_i/pipe_reset.pipe_reset_i/rst_cpllreset                 |                7 |             19 |
|  scemi_pcie_ep/ext_clk.pipe_clock_i/PIPE_OOBCLK_IN | scemi_pcie_ep/pcie_7x_v1_10_i/gt_top_i/pipe_wrapper_i/pipe_lane[3].pipe_eq.pipe_eq_i/n_0_txeq_txcoeff[18]_i_1__2          | scemi_pcie_ep/pcie_7x_v1_10_i/gt_top_i/pipe_wrapper_i/pipe_reset.pipe_reset_i/rst_cpllreset                 |                8 |             19 |
|  scemi_pcie_ep/ext_clk.pipe_clock_i/PIPE_OOBCLK_IN | scemi_pcie_ep/pcie_7x_v1_10_i/gt_top_i/pipe_wrapper_i/pipe_lane[7].pipe_eq.pipe_eq_i/n_0_txeq_txcoeff[18]_i_1__6          | scemi_pcie_ep/pcie_7x_v1_10_i/gt_top_i/pipe_wrapper_i/pipe_reset.pipe_reset_i/rst_cpllreset                 |                8 |             19 |
|  scemi_pcie_ep/ext_clk.pipe_clock_i/PIPE_OOBCLK_IN | scemi_pcie_ep/pcie_7x_v1_10_i/gt_top_i/pipe_wrapper_i/pipe_lane[0].pipe_eq.pipe_eq_i/n_0_txeq_txcoeff[18]_i_1             | scemi_pcie_ep/pcie_7x_v1_10_i/gt_top_i/pipe_wrapper_i/pipe_reset.pipe_reset_i/rst_cpllreset                 |                7 |             19 |
|  scemi_pcie_ep/ext_clk.pipe_clock_i/PIPE_OOBCLK_IN | scemi_pcie_ep/pcie_7x_v1_10_i/gt_top_i/pipe_wrapper_i/pipe_lane[4].pipe_eq.pipe_eq_i/n_0_txeq_txcoeff[18]_i_1__3          | scemi_pcie_ep/pcie_7x_v1_10_i/gt_top_i/pipe_wrapper_i/pipe_reset.pipe_reset_i/rst_cpllreset                 |                8 |             19 |
|  scemi_pcie_ep/ext_clk.pipe_clock_i/PIPE_OOBCLK_IN | scemi_pcie_ep/pcie_7x_v1_10_i/gt_top_i/pipe_wrapper_i/pipe_lane[1].pipe_eq.pipe_eq_i/n_0_txeq_txcoeff[18]_i_1__0          | scemi_pcie_ep/pcie_7x_v1_10_i/gt_top_i/pipe_wrapper_i/pipe_reset.pipe_reset_i/rst_cpllreset                 |                9 |             19 |
|  scemi_pcie_ep/ext_clk.pipe_clock_i/PIPE_OOBCLK_IN | scemi_pcie_ep/pcie_7x_v1_10_i/gt_top_i/pipe_wrapper_i/pipe_lane[6].pipe_eq.pipe_eq_i/n_0_txeq_txcoeff[18]_i_1__5          | scemi_pcie_ep/pcie_7x_v1_10_i/gt_top_i/pipe_wrapper_i/pipe_reset.pipe_reset_i/rst_cpllreset                 |                8 |             19 |
|  scemi_pcie_ep/ext_clk.pipe_clock_i/PIPE_OOBCLK_IN | scemi_pcie_ep/pcie_7x_v1_10_i/gt_top_i/pipe_wrapper_i/pipe_lane[1].pipe_user_i/sel                                        | scemi_pcie_ep/pcie_7x_v1_10_i/gt_top_i/pipe_wrapper_i/pipe_lane[1].pipe_user_i/n_0_converge_cnt[0]_i_1__1   |                6 |             22 |
|  scemi_pcie_ep/ext_clk.pipe_clock_i/PIPE_OOBCLK_IN | scemi_pcie_ep/pcie_7x_v1_10_i/gt_top_i/pipe_wrapper_i/pipe_lane[0].pipe_user_i/sel                                        | scemi_pcie_ep/pcie_7x_v1_10_i/gt_top_i/pipe_wrapper_i/pipe_lane[0].pipe_user_i/n_0_converge_cnt[0]_i_1      |                6 |             22 |
|  scemi_pcie_ep/ext_clk.pipe_clock_i/PIPE_OOBCLK_IN | scemi_pcie_ep/pcie_7x_v1_10_i/gt_top_i/pipe_wrapper_i/pipe_lane[6].pipe_user_i/sel                                        | scemi_pcie_ep/pcie_7x_v1_10_i/gt_top_i/pipe_wrapper_i/pipe_lane[6].pipe_user_i/n_0_converge_cnt[0]_i_1__11  |                6 |             22 |
|  scemi_pcie_ep/ext_clk.pipe_clock_i/PIPE_OOBCLK_IN | scemi_pcie_ep/pcie_7x_v1_10_i/gt_top_i/pipe_wrapper_i/pipe_lane[7].pipe_user_i/sel                                        | scemi_pcie_ep/pcie_7x_v1_10_i/gt_top_i/pipe_wrapper_i/pipe_lane[7].pipe_user_i/n_0_converge_cnt[0]_i_1__13  |                6 |             22 |
|  scemi_pcie_ep/ext_clk.pipe_clock_i/PIPE_OOBCLK_IN | scemi_pcie_ep/pcie_7x_v1_10_i/gt_top_i/pipe_wrapper_i/pipe_lane[2].pipe_user_i/sel                                        | scemi_pcie_ep/pcie_7x_v1_10_i/gt_top_i/pipe_wrapper_i/pipe_lane[2].pipe_user_i/n_0_converge_cnt[0]_i_1__3   |                6 |             22 |
|  scemi_clkgen_clkout0buffer$O                      | scemi_scemi_clkgen_fRequest/d1di                                                                                          |                                                                                                             |                6 |             22 |
|  scemi_clkgen_clkout0buffer$O                      | scemi_bridge/pbb_dispatcher/tlp_in_cfg_fifo/O628[0]                                                                       |                                                                                                             |               11 |             22 |
|  scemi_pcie_ep/ext_clk.pipe_clock_i/PIPE_OOBCLK_IN | scemi_pcie_ep/pcie_7x_v1_10_i/gt_top_i/pipe_wrapper_i/pipe_lane[5].pipe_user_i/sel                                        | scemi_pcie_ep/pcie_7x_v1_10_i/gt_top_i/pipe_wrapper_i/pipe_lane[5].pipe_user_i/n_0_converge_cnt[0]_i_1__9   |                6 |             22 |
|  scemi_pcie_ep/ext_clk.pipe_clock_i/PIPE_OOBCLK_IN | scemi_pcie_ep/pcie_7x_v1_10_i/gt_top_i/pipe_wrapper_i/pipe_lane[3].pipe_user_i/sel                                        | scemi_pcie_ep/pcie_7x_v1_10_i/gt_top_i/pipe_wrapper_i/pipe_lane[3].pipe_user_i/n_0_converge_cnt[0]_i_1__5   |                6 |             22 |
|  scemi_pcie_ep/ext_clk.pipe_clock_i/PIPE_OOBCLK_IN | scemi_pcie_ep/pcie_7x_v1_10_i/gt_top_i/pipe_wrapper_i/pipe_lane[4].pipe_user_i/sel                                        | scemi_pcie_ep/pcie_7x_v1_10_i/gt_top_i/pipe_wrapper_i/pipe_lane[4].pipe_user_i/n_0_converge_cnt[0]_i_1__7   |                6 |             22 |
|  scemi_clkgen_clkout0buffer$O                      | scemi_bridge/pbb_dispatcher/tlp_in_cfg_fifo/O49[0]                                                                        |                                                                                                             |                8 |             23 |
|  usrClk_mmcm_clkout0buffer$O                       | scemi_settabledut_dut_dutIfc_m_dut/encrypt/enc_plaintextFIFO/CAN_FIRE_RL_enc_pipeline                                     | scemi_settabledut_dut_dutIfc_m_dut/rst_usr/O1                                                               |                6 |             24 |
|  usrClk_mmcm_clkout0buffer$O                       | scemi_settabledut_dut_dutIfc_m_dut/decrypt/dec_ciphertextFIFO/CAN_FIRE_RL_dec_pipeline                                    | scemi_settabledut_dut_dutIfc_m_dut/rst_usr/O1                                                               |                6 |             24 |
|  scemi_clkgen_clkout0buffer$O                      | scemi_bridge/p_342_in                                                                                                     |                                                                                                             |                6 |             25 |
|  scemi_clkgen_clkout0buffer$O                      | scemi_bridge/pbb_arbiter/tlp_out_dma_fifo/d1di                                                                            | scemi_bridge/pbb_arbiter/tlp_out_dma_fifo/n_0_data1_reg[127]_i_1__1                                         |               11 |             25 |
|  scemi_clkgen_clkout0buffer$O                      | scemi_bridge/pbb_dma_last_tag_queue/pbb_dma_dma_td_block_offset$EN                                                        | scemi_bridge/pbb_dma_last_tag_queue/SR[0]                                                                   |                5 |             25 |
|  scemi_uclkgen/p_0_in                              |                                                                                                                           |                                                                                                             |               18 |             25 |
|  scemi_clkgen_clkout0buffer$O                      | scemi_bridge/pbb_dispatcher/tlp_in_cfg_fifo/pbb_csr_bytes_to_send$EN                                                      |                                                                                                             |                8 |             28 |
|  scemi_clkgen_clkout0buffer$O                      | scemi_bridge/pbb_dma_intr_info/pbb_dma_intr_tlp_valids_4$D_IN                                                             | scemi_bridge/pbb_dma_intr_info/O13                                                                          |                7 |             28 |
|  scemi_clkgen_clkout0buffer$O                      | scemi_bridge/pbb_dma_intr_info/E[0]                                                                                       |                                                                                                             |               10 |             32 |
|  scemi_clkgen_clkout0buffer$O                      |                                                                                                                           | scemi_bridge/pbb_dispatcher/tlp_in_cfg_fifo/O65                                                             |                8 |             32 |
|  scemi_clkgen_clkout0buffer$O                      |                                                                                                                           | scemi_bridge/pbb_dispatcher/tlp_in_cfg_fifo/clear                                                           |                8 |             32 |
|  scemi_scemi_clkgen_clkout0buf$O                   | scemi_clockGenerators_free_stamp                                                                                          | scemi_network_status/rstSync/O1                                                                             |                7 |             32 |
|  scemi_scemi_clkgen_clkout0buf$O                   | scemi_bridge/scemi_clockGenerators_clock_gens_reset_counter_ETC___d1391                                                   | scemi_network_status/rstSync/O1                                                                             |                8 |             32 |
|  scemi_clkgen_clkout0buffer$O                      | scemi_bridge/n_0_pbb_dma_dma_fd_block_bytes_remaining[31]_i_1                                                             | scemi_epReset125/O1                                                                                         |                9 |             32 |
|  scemi_clkgen_clkout0buffer$O                      | scemi_bridge/pbb_dispatcher/tlp_in_dma_fifo/O34[0]                                                                        |                                                                                                             |               12 |             32 |
|  scemi_clkgen_clkout0buffer$O                      | scemi_bridge/pbb_dma_msg_len_out/MUX_scemi_fToBridgeBeat$enq_1__SEL_2                                                     |                                                                                                             |               17 |             32 |
|  scemi_clkgen_clkout0buffer$O                      | scemi_bridge/pbb_dma_last_tag_queue/O7[0]                                                                                 | scemi_epReset125/O1                                                                                         |                9 |             32 |
|  scemi_clkgen_clkout0buffer$O                      | scemi_bridge/pbb_dispatcher/tlp_in_cfg_fifo/O5                                                                            |                                                                                                             |               21 |             36 |
|  scemi_scemi_clkgen_clkout0buf$O                   |                                                                                                                           | scemi_network_status/rstSync/O1                                                                             |               12 |             39 |
|  scemi_clkgen_clkout0buffer$O                      | scemi_bridge/pbb_dma_intr_info/pbb_dma_intr_tlp_valids_4$D_IN                                                             | scemi_bridge/pbb_dma_intr_info/O1                                                                           |               13 |             40 |
|  scemi_clkgen_clkout0buffer$O                      |                                                                                                                           | scemi_rstgen_inv_rstgen/rstSync/O1                                                                          |               18 |             45 |
|  scemi_uclkgen/p_0_in                              |                                                                                                                           | scemi_epReset125/O1                                                                                         |               23 |             51 |
|  scemi_clkgen_clkout0buffer$O                      | scemi_bridge/pbb_dma_last_tag_queue/pbb_dma_dma_td_block_page$EN                                                          |                                                                                                             |               13 |             52 |
|  scemi_clkgen_clkout0buffer$O                      | scemi_bridge/pbb_dma_dma_fd_block_page$EN                                                                                 |                                                                                                             |               13 |             52 |
|  scemi_pcie_ep/ext_clk.pipe_clock_i/PIPE_OOBCLK_IN |                                                                                                                           |                                                                                                             |               32 |             59 |
|  scemi_pcie_ep/ext_clk.pipe_clock_i/O1             | scemi_pcie_ep/pcie_7x_v1_10_i/pcie_top_i/axi_basic_top/rx_inst/rx_pipeline_inst/n_0_m_axis_rx_tuser[14]_i_2               | scemi_pcie_ep/pcie_7x_v1_10_i/O1                                                                            |               20 |             64 |
|  scemi_pcie_ep/ext_clk.pipe_clock_i/O1             | scemi_pcie_ep/pcie_7x_v1_10_i/pcie_top_i/axi_basic_top/rx_inst/rx_pipeline_inst/n_0_trn_rd_prev[63]_i_1                   | scemi_pcie_ep/pcie_7x_v1_10_i/O1                                                                            |               15 |             64 |
|  scemi_uclkgen/p_0_in                              | scemi_settabledut_dut_prb_control_enff/E[0]                                                                               | scemi_rstgen_inv_rstgen/rstSync/O1                                                                          |               18 |             64 |
|  scemi_scemi_clkgen_clkout0buf$O                   | CAN_FIRE_RL_scemi_clockGenerators_incr_cycle_stamp                                                                        | scemi_network_status/rstSync/O1                                                                             |               16 |             64 |
|  scemi_pcie_ep/ext_clk.pipe_clock_i/O1             |                                                                                                                           | scemi_1_outFifo/CAN_FIRE_RL_scemi_drive_axi_tx_info                                                         |               20 |             69 |
|  scemi_clkgen_clkout0buffer$O                      | scemi_bridge/pbb_dispatcher/tlp_in_dma_fifo/O78[0]                                                                        | scemi_epReset125/O1                                                                                         |               17 |             72 |
|  scemi_clkgen_clkout0buffer$O                      | scemi_bridge/pbb_dispatcher/tlp_in_dma_fifo/O75[0]                                                                        | scemi_epReset125/O1                                                                                         |               24 |             72 |
|  scemi_pcie_ep/ext_clk.pipe_clock_i/O1             | scemi_inFifo/d1di                                                                                                         |                                                                                                             |               27 |             73 |
|  scemi_pcie_ep/ext_clk.pipe_clock_i/O1             | scemi_pcie_ep/pcie_7x_v1_10_i/pcie_top_i/axi_basic_top/rx_inst/rx_pipeline_inst/O16                                       | scemi_inFifo/CAN_FIRE_RL_scemi_accept_data                                                                  |               20 |             73 |
|  scemi_pcie_ep/ext_clk.pipe_clock_i/O1             | scemi_1_outFifo/d1di                                                                                                      |                                                                                                             |               27 |             73 |
|  scemi_clkgen_clkout0buffer$O                      | scemi_init_state_msgFIFO/dGDeqPtr0                                                                                        |                                                                                                             |               18 |             74 |
|  scemi_clkgen_clkout0buffer$O                      | scemi_bridge/WILL_FIRE_RL_scemi_msg_source_noc_active_outports_start_data_message                                         |                                                                                                             |               25 |             74 |
|  scemi_clkgen_clkout0buffer$O                      | scemi_bridge/pbb_dma_last_tag_queue/p_508_in                                                                              |                                                                                                             |               24 |             88 |
|  scemi_uclkgen/p_0_in                              |                                                                                                                           | scemi_rstgen_inv_rstgen/rstSync/O1                                                                          |               38 |             90 |
|  scemi_clkgen_clkout0buffer$O                      | scemi_bridge/pbb_dma_last_tag_queue/O19[0]                                                                                |                                                                                                             |               16 |             94 |
|  scemi_uclkgen/p_0_in                              | scemi_settabledut_dut_prb_control_data_out_next/scemi_init_state_msgFIFO$sENQ                                             |                                                                                                             |               13 |            104 |
|  scemi_pcie_ep/ext_clk.pipe_clock_i/O1             |                                                                                                                           | scemi_pcie_ep/pcie_7x_v1_10_i/O1                                                                            |               31 |            108 |
|  scemi_clkgen_clkout0buffer$O                      | scemi_bridge/pbb_arbiter/tlp_out_dma_fifo/d1di                                                                            |                                                                                                             |               40 |            108 |
|  scemi_clkgen_clkout0buffer$O                      | scemi_bridge/pbb_dispatcher/tlp_in_dma_fifo/d1di                                                                          |                                                                                                             |               50 |            130 |
|  scemi_clkgen_clkout0buffer$O                      | scemi_bridge/pbb_dispatcher/tlp_in_cfg_fifo/d1di                                                                          |                                                                                                             |               54 |            136 |
|  scemi_clkgen_clkout0buffer$O                      | scemi_bridge/pbb_arbiter/tlp_out_cfg_fifo/d1di                                                                            |                                                                                                             |               39 |            136 |
|  scemi_clkgen_clkout0buffer$O                      | scemi_bridge/pbb_dispatcher/tlp_in_fifo/d1di                                                                              |                                                                                                             |               43 |            137 |
|  scemi_pcie_ep/ext_clk.pipe_clock_i/PIPE_OOBCLK_IN |                                                                                                                           | scemi_pcie_ep/pcie_7x_v1_10_i/gt_top_i/pipe_wrapper_i/pipe_reset.pipe_reset_i/rxusrclk_rst_reg2             |               35 |            137 |
|  scemi_clkgen_clkout0buffer$O                      | scemi_bridge/pbb_arbiter/tlp_out_fifo/d1di                                                                                |                                                                                                             |               44 |            141 |
|  scemi_clkgen_clkout0buffer$O                      | scemi_bridge/pbb_arbiter/tlp_out_fifo/O68                                                                                 | scemi_epReset125/O1                                                                                         |               27 |            144 |
|  scemi_clkgen_clkout0buffer$O                      | scemi_bridge/pbb_arbiter/tlp_out_fifo/O70                                                                                 | scemi_epReset125/O1                                                                                         |               30 |            144 |
|  scemi_pcie_ep/ext_clk.pipe_clock_i/O1             |                                                                                                                           |                                                                                                             |               59 |            169 |
|  scemi_pcie_ep/ext_clk.pipe_clock_i/PIPE_OOBCLK_IN |                                                                                                                           | scemi_pcie_ep/pcie_7x_v1_10_i/gt_top_i/pipe_wrapper_i/pipe_reset.pipe_reset_i/p_0_in__0                     |               49 |            183 |
|  scemi_pcie_ep/ext_clk.pipe_clock_i/O1             |                                                                                                                           | scemi_epReset250/SR[0]                                                                                      |               89 |            303 |
|  scemi_pcie_ep/ext_clk.pipe_clock_i/PIPE_OOBCLK_IN |                                                                                                                           | scemi_pcie_ep/pcie_7x_v1_10_i/gt_top_i/phy_rdy_n_int                                                        |              187 |            605 |
|  scemi_clkgen_clkout0buffer$O                      |                                                                                                                           | scemi_epReset125/O1                                                                                         |              471 |            619 |
|  scemi_pcie_ep/ext_clk.pipe_clock_i/CLK            |                                                                                                                           | scemi_pcie_ep/pcie_7x_v1_10_i/gt_top_i/pipe_wrapper_i/pipe_reset.pipe_reset_i/dclk_rst_reg2                 |              201 |            695 |
|  scemi_pcie_ep/ext_clk.pipe_clock_i/PIPE_OOBCLK_IN |                                                                                                                           | scemi_pcie_ep/pcie_7x_v1_10_i/gt_top_i/pipe_wrapper_i/pipe_reset.pipe_reset_i/rst_cpllreset                 |              383 |           1182 |
|  scemi_clkgen_clkout0buffer$O                      |                                                                                                                           | scemi_epReset125/SR[0]                                                                                      |              474 |           1378 |
|  scemi_clkgen_clkout0buffer$O                      |                                                                                                                           |                                                                                                             |              628 |           1566 |
+----------------------------------------------------+---------------------------------------------------------------------------------------------------------------------------+-------------------------------------------------------------------------------------------------------------+------------------+----------------+


