
*** Running vivado
    with args -log mkBridge.vdi -applog -m64 -messageDb vivado.pb -mode batch -source mkBridge.tcl -notrace


****** Vivado v2014.1 (64-bit)
  **** SW Build 881834 on Fri Apr  4 14:00:25 MDT 2014
  **** IP Build 877625 on Fri Mar 28 16:29:15 MDT 2014
    ** Copyright 1986-2014 Xilinx, Inc. All Rights Reserved.

source mkBridge.tcl -notrace
Design is defaulting to srcset: sources_1
Design is defaulting to constrset: constrs_1
INFO: [Netlist 29-17] Analyzing 57 Unisim elements for replacement
INFO: [Netlist 29-28] Unisim Transformation completed in 0 CPU seconds
INFO: [Project 1-479] Netlist was created with Vivado 2014.1
Loading clock regions from /opt/xilinx/vivado2014.1/Vivado/2014.1/data/parts/xilinx/virtex7/virtex7/xc7vx485t/ClockRegion.xml
Loading clock buffers from /opt/xilinx/vivado2014.1/Vivado/2014.1/data/parts/xilinx/virtex7/virtex7/xc7vx485t/ClockBuffers.xml
Loading clock placement rules from /opt/xilinx/vivado2014.1/Vivado/2014.1/data/parts/xilinx/virtex7/ClockPlacerRules.xml
Loading package pin functions from /opt/xilinx/vivado2014.1/Vivado/2014.1/data/parts/xilinx/virtex7/PinFunctions.xml...
Loading package from /opt/xilinx/vivado2014.1/Vivado/2014.1/data/parts/xilinx/virtex7/virtex7/xc7vx485t/ffg1761/Package.xml
Loading io standards from /opt/xilinx/vivado2014.1/Vivado/2014.1/data/./parts/xilinx/virtex7/IOStandards.xml
Loading device configuration modes from /opt/xilinx/vivado2014.1/Vivado/2014.1/data/parts/xilinx/virtex7/ConfigModes.xml
INFO: [Opt 31-140] Inserted 0 IBUFs to IO ports without IO buffers.
INFO: [Opt 31-141] Inserted 0 OBUFs to IO ports without IO buffers.
Parsing XDC File [/mnt/nfs/var/nfs/ldemeyer/speck/Bluespec/scemi2/fpga/xilinx/default.xdc]
WARNING: [Vivado 12-180] No cells matched 'get_cells -hier -filter { NAME =~ *clk_gen_pll }'. [/mnt/nfs/var/nfs/ldemeyer/speck/Bluespec/scemi2/fpga/xilinx/default.xdc:95]
CRITICAL WARNING: [Common 17-55] 'set_property' expects at least one object. [/mnt/nfs/var/nfs/ldemeyer/speck/Bluespec/scemi2/fpga/xilinx/default.xdc:95]
WARNING: [Vivado 12-180] No cells matched '*/pcie_7x_v1_10_i/pcie_top_i/pcie_7x_i/pcie_bram_top/pcie_brams_rx/brams[7].ram/use_tdp.ramb36/genblk*.bram36_tdp_bl.bram36_tdp_bl'. [/mnt/nfs/var/nfs/ldemeyer/speck/Bluespec/scemi2/fpga/xilinx/default.xdc:130]
CRITICAL WARNING: [Common 17-55] 'set_property' expects at least one object. [/mnt/nfs/var/nfs/ldemeyer/speck/Bluespec/scemi2/fpga/xilinx/default.xdc:130]
WARNING: [Vivado 12-180] No cells matched '*/pcie_7x_v1_10_i/pcie_top_i/pcie_7x_i/pcie_bram_top/pcie_brams_rx/brams[6].ram/use_tdp.ramb36/genblk*.bram36_tdp_bl.bram36_tdp_bl'. [/mnt/nfs/var/nfs/ldemeyer/speck/Bluespec/scemi2/fpga/xilinx/default.xdc:131]
CRITICAL WARNING: [Common 17-55] 'set_property' expects at least one object. [/mnt/nfs/var/nfs/ldemeyer/speck/Bluespec/scemi2/fpga/xilinx/default.xdc:131]
WARNING: [Vivado 12-180] No cells matched '*/pcie_7x_v1_10_i/pcie_top_i/pcie_7x_i/pcie_bram_top/pcie_brams_rx/brams[5].ram/use_tdp.ramb36/genblk*.bram36_tdp_bl.bram36_tdp_bl'. [/mnt/nfs/var/nfs/ldemeyer/speck/Bluespec/scemi2/fpga/xilinx/default.xdc:132]
CRITICAL WARNING: [Common 17-55] 'set_property' expects at least one object. [/mnt/nfs/var/nfs/ldemeyer/speck/Bluespec/scemi2/fpga/xilinx/default.xdc:132]
WARNING: [Vivado 12-180] No cells matched '*/pcie_7x_v1_10_i/pcie_top_i/pcie_7x_i/pcie_bram_top/pcie_brams_rx/brams[4].ram/use_tdp.ramb36/genblk*.bram36_tdp_bl.bram36_tdp_bl'. [/mnt/nfs/var/nfs/ldemeyer/speck/Bluespec/scemi2/fpga/xilinx/default.xdc:133]
CRITICAL WARNING: [Common 17-55] 'set_property' expects at least one object. [/mnt/nfs/var/nfs/ldemeyer/speck/Bluespec/scemi2/fpga/xilinx/default.xdc:133]
WARNING: [Vivado 12-180] No cells matched '*/pcie_7x_v1_10_i/pcie_top_i/pcie_7x_i/pcie_bram_top/pcie_brams_tx/brams[4].ram/use_tdp.ramb36/genblk*.bram36_tdp_bl.bram36_tdp_bl'. [/mnt/nfs/var/nfs/ldemeyer/speck/Bluespec/scemi2/fpga/xilinx/default.xdc:142]
CRITICAL WARNING: [Common 17-55] 'set_property' expects at least one object. [/mnt/nfs/var/nfs/ldemeyer/speck/Bluespec/scemi2/fpga/xilinx/default.xdc:142]
WARNING: [Vivado 12-180] No cells matched '*/pcie_7x_v1_10_i/pcie_top_i/pcie_7x_i/pcie_bram_top/pcie_brams_tx/brams[5].ram/use_tdp.ramb36/genblk*.bram36_tdp_bl.bram36_tdp_bl'. [/mnt/nfs/var/nfs/ldemeyer/speck/Bluespec/scemi2/fpga/xilinx/default.xdc:143]
CRITICAL WARNING: [Common 17-55] 'set_property' expects at least one object. [/mnt/nfs/var/nfs/ldemeyer/speck/Bluespec/scemi2/fpga/xilinx/default.xdc:143]
WARNING: [Vivado 12-180] No cells matched '*/pcie_7x_v1_10_i/pcie_top_i/pcie_7x_i/pcie_bram_top/pcie_brams_tx/brams[6].ram/use_tdp.ramb36/genblk*.bram36_tdp_bl.bram36_tdp_bl'. [/mnt/nfs/var/nfs/ldemeyer/speck/Bluespec/scemi2/fpga/xilinx/default.xdc:144]
CRITICAL WARNING: [Common 17-55] 'set_property' expects at least one object. [/mnt/nfs/var/nfs/ldemeyer/speck/Bluespec/scemi2/fpga/xilinx/default.xdc:144]
WARNING: [Vivado 12-180] No cells matched '*/pcie_7x_v1_10_i/pcie_top_i/pcie_7x_i/pcie_bram_top/pcie_brams_tx/brams[7].ram/use_tdp.ramb36/genblk*.bram36_tdp_bl.bram36_tdp_bl'. [/mnt/nfs/var/nfs/ldemeyer/speck/Bluespec/scemi2/fpga/xilinx/default.xdc:145]
CRITICAL WARNING: [Common 17-55] 'set_property' expects at least one object. [/mnt/nfs/var/nfs/ldemeyer/speck/Bluespec/scemi2/fpga/xilinx/default.xdc:145]
WARNING: [Vivado 12-180] No cells matched '*fS2MsgOut*'. [/mnt/nfs/var/nfs/ldemeyer/speck/Bluespec/scemi2/fpga/xilinx/default.xdc:161]
CRITICAL WARNING: [Vivado 12-1433] Expecting a non-empty list of cells to be added to the pblock.  Please verify the correctness of the <cells> argument. [/mnt/nfs/var/nfs/ldemeyer/speck/Bluespec/scemi2/fpga/xilinx/default.xdc:161]
WARNING: [Vivado 12-507] No nets matched '*/pcie_7x_v1_10_i/gt_top_i/pipe_wrapper_i/user_resetdone*'. [/mnt/nfs/var/nfs/ldemeyer/speck/Bluespec/scemi2/fpga/xilinx/default.xdc:186]
CRITICAL WARNING: [Vivado 12-1387] No valid object(s) found for set_false_path constraint with option '-through [get_nets */pcie_7x_v1_10_i/gt_top_i/pipe_wrapper_i/user_resetdone*]'. [/mnt/nfs/var/nfs/ldemeyer/speck/Bluespec/scemi2/fpga/xilinx/default.xdc:186]
Resolution: Check if the specified object(s) exists in the current design. If it does, ensure that the correct design hierarchy was specified for the object.
INFO: [Timing 38-35] Done setting XDC timing constraints. [/mnt/nfs/var/nfs/ldemeyer/speck/Bluespec/scemi2/fpga/xilinx/default.xdc:203]
WARNING: [Timing 38-3] User defined clock exists on pin scemi_clkgen_pll/CLKOUT0 and will prevent any subsequent automatic derivation of generated clocks on that pin. [/mnt/nfs/var/nfs/ldemeyer/speck/Bluespec/scemi2/fpga/xilinx/default.xdc:203]
WARNING: [Timing 38-3] User defined clock exists on pin scemi_scemi_clkgen_mmcm/CLKOUT0 and will prevent any subsequent automatic derivation of generated clocks on that pin. [/mnt/nfs/var/nfs/ldemeyer/speck/Bluespec/scemi2/fpga/xilinx/default.xdc:203]
INFO: [Timing 38-2] Deriving generated clocks [/mnt/nfs/var/nfs/ldemeyer/speck/Bluespec/scemi2/fpga/xilinx/default.xdc:203]
get_clocks: Time (s): cpu = 00:00:19 ; elapsed = 00:00:17 . Memory (MB): peak = 1804.910 ; gain = 563.742
Finished Parsing XDC File [/mnt/nfs/var/nfs/ldemeyer/speck/Bluespec/scemi2/fpga/xilinx/default.xdc]
INFO: [Opt 31-138] Pushed 0 inverter(s).
INFO: [Project 1-111] Unisim Transformation Summary:
  A total of 19 instances were transformed.
  RAM16X1D => RAM32X1D (RAMD32, RAMD32): 3 instances
  RAM32M => RAM32M (RAMD32, RAMD32, RAMD32, RAMD32, RAMD32, RAMD32, RAMS32, RAMS32): 16 instances

link_design: Time (s): cpu = 00:00:41 ; elapsed = 00:00:41 . Memory (MB): peak = 1804.910 ; gain = 1050.883
Command: opt_design
Attempting to get a license for feature 'Implementation' and/or device 'xc7vx485t'
INFO: [Common 17-349] Got license for feature 'Implementation' and/or device 'xc7vx485t'
Running DRC as a precondition to command opt_design

Starting DRC Task
INFO: [Drc 23-27] Running DRC with 8 threads
INFO: [Project 1-461] DRC finished with 0 Errors
INFO: [Project 1-462] Please refer to the DRC report (report_drc) for more information.

Time (s): cpu = 00:00:00.64 ; elapsed = 00:00:00.64 . Memory (MB): peak = 1809.930 ; gain = 4.020

Starting Logic Optimization Task
WARNING: [Timing 38-3] User defined clock exists on pin scemi_clkgen_pll/CLKOUT0 and will prevent any subsequent automatic derivation of generated clocks on that pin.
WARNING: [Timing 38-3] User defined clock exists on pin scemi_scemi_clkgen_mmcm/CLKOUT0 and will prevent any subsequent automatic derivation of generated clocks on that pin.

Phase 1 Retarget

INFO: [Opt 31-138] Pushed 13 inverter(s).
INFO: [Opt 31-49] Retargeted 0 cell(s).
Phase 1 Retarget | Checksum: 1eb0d3345

Time (s): cpu = 00:00:02 ; elapsed = 00:00:01 . Memory (MB): peak = 1809.930 ; gain = 0.000

Phase 2 Constant Propagation
INFO: [Opt 31-138] Pushed 16 inverter(s).
INFO: [Opt 31-10] Eliminated 2408 cells.
Phase 2 Constant Propagation | Checksum: 19f3ce01c

Time (s): cpu = 00:00:07 ; elapsed = 00:00:06 . Memory (MB): peak = 1809.930 ; gain = 0.000

Phase 3 Sweep
INFO: [Opt 31-12] Eliminated 4862 unconnected nets.
INFO: [Opt 31-11] Eliminated 1683 unconnected cells.
Phase 3 Sweep | Checksum: 21bdc2834

Time (s): cpu = 00:00:08 ; elapsed = 00:00:07 . Memory (MB): peak = 1809.930 ; gain = 0.000
Ending Logic Optimization Task | Checksum: 21bdc2834

Time (s): cpu = 00:00:09 ; elapsed = 00:00:08 . Memory (MB): peak = 1809.930 ; gain = 0.000
Implement Debug Cores | Checksum: 20e961b7a
Logic Optimization | Checksum: 20e961b7a

Starting Power Optimization Task

Starting PowerOpt TimerUpdates Task
INFO: [Timing 38-35] Done setting XDC timing constraints.
WARNING: [Timing 38-3] User defined clock exists on pin scemi_clkgen_pll/CLKOUT0 and will prevent any subsequent automatic derivation of generated clocks on that pin.
WARNING: [Timing 38-3] User defined clock exists on pin scemi_scemi_clkgen_mmcm/CLKOUT0 and will prevent any subsequent automatic derivation of generated clocks on that pin.
Ending PowerOpt TimerUpdates Task | Checksum: 21bdc2834

Time (s): cpu = 00:00:03 ; elapsed = 00:00:02 . Memory (MB): peak = 1809.930 ; gain = 0.000
INFO: [Pwropt 34-9] Applying IDT optimizations ...
INFO: [Pwropt 34-10] Applying ODC optimizations ...

INFO: [Pwropt 34-162] WRITE_MODE attribute of 6 BRAM(s) out of a total of 14 has been updated to save power.
    Run report_power_opt to get a complete listing of the BRAMs updated.
INFO: [Pwropt 34-201] Structural ODC has moved 0 WE to EN ports
Number of BRAM Ports augmented: 0 newly gated: 0 Total Ports: 28
Ending Power Optimization Task | Checksum: 21bdc2834

Time (s): cpu = 00:00:10 ; elapsed = 00:00:09 . Memory (MB): peak = 1938.953 ; gain = 129.023
INFO: [Common 17-83] Releasing license: Implementation
25 Infos, 17 Warnings, 11 Critical Warnings and 0 Errors encountered.
opt_design completed successfully
opt_design: Time (s): cpu = 00:00:20 ; elapsed = 00:00:18 . Memory (MB): peak = 1938.953 ; gain = 133.043
Writing XDEF routing.
Writing XDEF routing logical nets.
Writing XDEF routing special nets.
Write XDEF Complete: Time (s): cpu = 00:00:00.52 ; elapsed = 00:00:00.60 . Memory (MB): peak = 1939.953 ; gain = 0.000
Command: place_design
Attempting to get a license for feature 'Implementation' and/or device 'xc7vx485t'
INFO: [Common 17-349] Got license for feature 'Implementation' and/or device 'xc7vx485t'
Running DRC as a precondition to command place_design
INFO: [Drc 23-27] Running DRC with 8 threads
INFO: [Vivado_Tcl 4-198] DRC finished with 0 Errors
INFO: [Vivado_Tcl 4-199] Please refer to the DRC report (report_drc) for more information.

Starting Placer Task
INFO: [Place 30-611] Multithreading enabled for place_design using a maximum of 8 CPUs

Phase 1 Placer Initialization

Phase 1.1 Placer Initialization Core
Netlist sorting complete. Time (s): cpu = 00:00:00.03 ; elapsed = 00:00:00.03 . Memory (MB): peak = 1939.953 ; gain = 0.000

Phase 1.1.1 Mandatory Logic Optimization
INFO: [Opt 31-140] Inserted 0 IBUFs to IO ports without IO buffers.
INFO: [Opt 31-141] Inserted 0 OBUFs to IO ports without IO buffers.
INFO: [Opt 31-138] Pushed 0 inverter(s).
Netlist sorting complete. Time (s): cpu = 00:00:00.03 ; elapsed = 00:00:00.03 . Memory (MB): peak = 1939.953 ; gain = 0.000
Phase 1.1.1 Mandatory Logic Optimization | Checksum: f32a2cce

Time (s): cpu = 00:00:01 ; elapsed = 00:00:01 . Memory (MB): peak = 1939.953 ; gain = 0.000

Phase 1.1.2 Build Super Logic Region (SLR) Database
Phase 1.1.2 Build Super Logic Region (SLR) Database | Checksum: f32a2cce

Time (s): cpu = 00:00:01 ; elapsed = 00:00:01 . Memory (MB): peak = 1939.953 ; gain = 0.000

Phase 1.1.3 Add Constraints
Phase 1.1.3 Add Constraints | Checksum: 1a7083f79

Time (s): cpu = 00:00:02 ; elapsed = 00:00:02 . Memory (MB): peak = 1939.953 ; gain = 0.000

Phase 1.1.4 Build Shapes/ HD Config

Phase 1.1.4.1 Build Macros
Phase 1.1.4.1 Build Macros | Checksum: 1b2ec67d9

Time (s): cpu = 00:00:05 ; elapsed = 00:00:05 . Memory (MB): peak = 1994.980 ; gain = 55.027
Phase 1.1.4 Build Shapes/ HD Config | Checksum: 1b2ec67d9

Time (s): cpu = 00:00:06 ; elapsed = 00:00:06 . Memory (MB): peak = 1994.980 ; gain = 55.027

Phase 1.1.5 IO Placement/ Clock Placement/ Build Placer Device

Phase 1.1.5.1 Pre-Place Cells
Phase 1.1.5.1 Pre-Place Cells | Checksum: 1a7083f79

Time (s): cpu = 00:00:06 ; elapsed = 00:00:06 . Memory (MB): peak = 1994.980 ; gain = 55.027

Phase 1.1.5.2 Implementation Feasibility check
Phase 1.1.5.2 Implementation Feasibility check | Checksum: 1a7083f79

Time (s): cpu = 00:00:14 ; elapsed = 00:00:09 . Memory (MB): peak = 1994.980 ; gain = 55.027
INFO: [Timing 38-35] Done setting XDC timing constraints.
WARNING: [Timing 38-3] User defined clock exists on pin scemi_clkgen_pll/CLKOUT0 and will prevent any subsequent automatic derivation of generated clocks on that pin.
WARNING: [Timing 38-3] User defined clock exists on pin scemi_scemi_clkgen_mmcm/CLKOUT0 and will prevent any subsequent automatic derivation of generated clocks on that pin.

Phase 1.1.5.3 Implementation Feasibility check On IDelay
Phase 1.1.5.3 Implementation Feasibility check On IDelay | Checksum: 1a7083f79

Time (s): cpu = 00:00:21 ; elapsed = 00:00:13 . Memory (MB): peak = 1994.980 ; gain = 55.027
Phase 1.1.5 IO Placement/ Clock Placement/ Build Placer Device | Checksum: 108349aa0

Time (s): cpu = 00:00:21 ; elapsed = 00:00:14 . Memory (MB): peak = 1994.980 ; gain = 55.027

Phase 1.1.6 Build Placer Netlist Model

Phase 1.1.6.1 Place Init Design

Phase 1.1.6.1.1 Build Clock Data
Phase 1.1.6.1.1 Build Clock Data | Checksum: 1aa5aed8d

Time (s): cpu = 00:00:42 ; elapsed = 00:00:20 . Memory (MB): peak = 1994.980 ; gain = 55.027
Phase 1.1.6.1 Place Init Design | Checksum: 1a1388930

Time (s): cpu = 00:00:44 ; elapsed = 00:00:22 . Memory (MB): peak = 1994.980 ; gain = 55.027
Phase 1.1.6 Build Placer Netlist Model | Checksum: 1a1388930

Time (s): cpu = 00:00:44 ; elapsed = 00:00:22 . Memory (MB): peak = 1994.980 ; gain = 55.027

Phase 1.1.7 Constrain Clocks/Macros

Phase 1.1.7.1 Constrain Global/Regional Clocks
Phase 1.1.7.1 Constrain Global/Regional Clocks | Checksum: 1a1388930

Time (s): cpu = 00:00:45 ; elapsed = 00:00:23 . Memory (MB): peak = 1994.980 ; gain = 55.027
Phase 1.1.7 Constrain Clocks/Macros | Checksum: 1c05aa505

Time (s): cpu = 00:00:45 ; elapsed = 00:00:23 . Memory (MB): peak = 1994.980 ; gain = 55.027
Phase 1.1 Placer Initialization Core | Checksum: 1c05aa505

Time (s): cpu = 00:00:46 ; elapsed = 00:00:24 . Memory (MB): peak = 1994.980 ; gain = 55.027
Phase 1 Placer Initialization | Checksum: 1c05aa505

Time (s): cpu = 00:00:46 ; elapsed = 00:00:24 . Memory (MB): peak = 1994.980 ; gain = 55.027

Phase 2 Global Placement
Phase 2 Global Placement | Checksum: 1e1ce74f0

Time (s): cpu = 00:02:00 ; elapsed = 00:00:56 . Memory (MB): peak = 2016.418 ; gain = 76.465

Phase 3 Detail Placement

Phase 3.1 Commit Multi Column Macros
Phase 3.1 Commit Multi Column Macros | Checksum: 1e1ce74f0

Time (s): cpu = 00:02:01 ; elapsed = 00:00:56 . Memory (MB): peak = 2016.418 ; gain = 76.465

Phase 3.2 Commit Most Macros & LUTRAMs
Phase 3.2 Commit Most Macros & LUTRAMs | Checksum: 21e447a5f

Time (s): cpu = 00:02:17 ; elapsed = 00:01:02 . Memory (MB): peak = 2016.418 ; gain = 76.465

Phase 3.3 Area Swap Optimization
Phase 3.3 Area Swap Optimization | Checksum: 1f366df59

Time (s): cpu = 00:02:18 ; elapsed = 00:01:03 . Memory (MB): peak = 2016.418 ; gain = 76.465

Phase 3.4 Timing Path Optimizer
Phase 3.4 Timing Path Optimizer | Checksum: 16a52dbdf

Time (s): cpu = 00:02:25 ; elapsed = 00:01:05 . Memory (MB): peak = 2019.230 ; gain = 79.277

Phase 3.5 Commit Small Macros & Core Logic
Phase 3.5 Commit Small Macros & Core Logic | Checksum: 1f61108eb

Time (s): cpu = 00:02:42 ; elapsed = 00:01:18 . Memory (MB): peak = 2087.406 ; gain = 147.453

Phase 3.6 Re-assign LUT pins
Phase 3.6 Re-assign LUT pins | Checksum: 1f61108eb

Time (s): cpu = 00:02:45 ; elapsed = 00:01:20 . Memory (MB): peak = 2088.406 ; gain = 148.453
Phase 3 Detail Placement | Checksum: 1f61108eb

Time (s): cpu = 00:02:45 ; elapsed = 00:01:21 . Memory (MB): peak = 2088.406 ; gain = 148.453

Phase 4 Post Placement Optimization and Clean-Up

Phase 4.1 PCOPT Shape updates
Phase 4.1 PCOPT Shape updates | Checksum: 2fb3a2d18

Time (s): cpu = 00:02:46 ; elapsed = 00:01:21 . Memory (MB): peak = 2088.406 ; gain = 148.453

Phase 4.2 Post Placement Optimization

Phase 4.2.1 Post Placement Timing Optimization

Phase 4.2.1.1 Restore Best Placement
Phase 4.2.1.1 Restore Best Placement | Checksum: 29c33ec87

Time (s): cpu = 00:03:03 ; elapsed = 00:01:29 . Memory (MB): peak = 2088.406 ; gain = 148.453
INFO: [Place 30-746] Post Placement Timing Summary WNS=0.535. For the most accurate timing information please run report_timing.
Phase 4.2.1 Post Placement Timing Optimization | Checksum: 29c33ec87

Time (s): cpu = 00:03:04 ; elapsed = 00:01:29 . Memory (MB): peak = 2088.406 ; gain = 148.453
Phase 4.2 Post Placement Optimization | Checksum: 29c33ec87

Time (s): cpu = 00:03:04 ; elapsed = 00:01:30 . Memory (MB): peak = 2088.406 ; gain = 148.453

Phase 4.3 Post Placement Cleanup
Phase 4.3 Post Placement Cleanup | Checksum: 29c33ec87

Time (s): cpu = 00:03:04 ; elapsed = 00:01:30 . Memory (MB): peak = 2088.406 ; gain = 148.453

Phase 4.4 Placer Reporting

Phase 4.4.1 Restore STA
Phase 4.4.1 Restore STA | Checksum: 29c33ec87

Time (s): cpu = 00:03:05 ; elapsed = 00:01:31 . Memory (MB): peak = 2088.406 ; gain = 148.453
Phase 4.4 Placer Reporting | Checksum: 29c33ec87

Time (s): cpu = 00:03:09 ; elapsed = 00:01:32 . Memory (MB): peak = 2088.406 ; gain = 148.453

Phase 4.5 Final Placement Cleanup
Phase 4.5 Final Placement Cleanup | Checksum: 223c84c52

Time (s): cpu = 00:03:10 ; elapsed = 00:01:32 . Memory (MB): peak = 2088.406 ; gain = 148.453
Phase 4 Post Placement Optimization and Clean-Up | Checksum: 223c84c52

Time (s): cpu = 00:03:10 ; elapsed = 00:01:33 . Memory (MB): peak = 2088.406 ; gain = 148.453
Ending Placer Task | Checksum: 1b3f6171b

Time (s): cpu = 00:03:10 ; elapsed = 00:01:33 . Memory (MB): peak = 2088.406 ; gain = 148.453
INFO: [Common 17-83] Releasing license: Implementation
36 Infos, 19 Warnings, 11 Critical Warnings and 0 Errors encountered.
place_design completed successfully
place_design: Time (s): cpu = 00:03:14 ; elapsed = 00:01:35 . Memory (MB): peak = 2088.406 ; gain = 148.453
Writing XDEF routing.
Writing XDEF routing logical nets.
Writing XDEF routing special nets.
Write XDEF Complete: Time (s): cpu = 00:00:03 ; elapsed = 00:00:03 . Memory (MB): peak = 2089.406 ; gain = 0.000
write_checkpoint: Time (s): cpu = 00:00:05 ; elapsed = 00:00:07 . Memory (MB): peak = 2089.406 ; gain = 1.000
report_utilization: Time (s): cpu = 00:00:00.53 ; elapsed = 00:00:00.67 . Memory (MB): peak = 2089.406 ; gain = 0.000
Command: route_design
Attempting to get a license for feature 'Implementation' and/or device 'xc7vx485t'
INFO: [Common 17-349] Got license for feature 'Implementation' and/or device 'xc7vx485t'
Running DRC as a precondition to command route_design
INFO: [Drc 23-27] Running DRC with 8 threads
INFO: [Vivado_Tcl 4-198] DRC finished with 0 Errors
INFO: [Vivado_Tcl 4-199] Please refer to the DRC report (report_drc) for more information.


Starting Routing Task
INFO: [Route 35-254] Multithreading enabled for route_design using a maximum of 8 CPUs

Starting Route Task

Phase 1 Build RT Design
Phase 1 Build RT Design | Checksum: 111d55527

Time (s): cpu = 00:02:09 ; elapsed = 00:01:41 . Memory (MB): peak = 2373.352 ; gain = 244.719

Phase 2 Router Initialization

Phase 2.1 Create Timer
Phase 2.1 Create Timer | Checksum: 111d55527

Time (s): cpu = 00:02:09 ; elapsed = 00:01:42 . Memory (MB): peak = 2373.352 ; gain = 244.719

Phase 2.2 Update Timing
Phase 2.2 Update Timing | Checksum: e991119b

Time (s): cpu = 00:02:38 ; elapsed = 00:01:55 . Memory (MB): peak = 2445.832 ; gain = 317.199
INFO: [Route 35-57] Estimated Timing Summary | WNS=0.646  | TNS=0      | WHS=-0.43  | THS=-662   |

Phase 2 Router Initialization | Checksum: d3f08f3d

Time (s): cpu = 00:02:50 ; elapsed = 00:02:01 . Memory (MB): peak = 2445.832 ; gain = 317.199

Phase 3 Initial Routing
Phase 3 Initial Routing | Checksum: 1589c86f5

Time (s): cpu = 00:03:11 ; elapsed = 00:02:05 . Memory (MB): peak = 2445.832 ; gain = 317.199

Phase 4 Rip-up And Reroute

Phase 4.1 Global Iteration 0
 Number of Nodes with overlaps = 4724
 Number of Nodes with overlaps = 256
 Number of Nodes with overlaps = 17
 Number of Nodes with overlaps = 5
 Number of Nodes with overlaps = 0

Phase 4.1.1 Update Timing
Phase 4.1.1 Update Timing | Checksum: 323477bd

Time (s): cpu = 00:03:51 ; elapsed = 00:02:18 . Memory (MB): peak = 2445.832 ; gain = 317.199
INFO: [Route 35-57] Estimated Timing Summary | WNS=0.104  | TNS=0      | WHS=N/A    | THS=N/A    |

Phase 4.1 Global Iteration 0 | Checksum: c0047fc2

Time (s): cpu = 00:03:51 ; elapsed = 00:02:18 . Memory (MB): peak = 2445.832 ; gain = 317.199
Phase 4 Rip-up And Reroute | Checksum: c0047fc2

Time (s): cpu = 00:03:51 ; elapsed = 00:02:18 . Memory (MB): peak = 2445.832 ; gain = 317.199

Phase 5 Delay CleanUp

Phase 5.1 Update Timing
Phase 5.1 Update Timing | Checksum: c0047fc2

Time (s): cpu = 00:03:56 ; elapsed = 00:02:19 . Memory (MB): peak = 2445.832 ; gain = 317.199
INFO: [Route 35-57] Estimated Timing Summary | WNS=0.191  | TNS=0      | WHS=N/A    | THS=N/A    |

Phase 5 Delay CleanUp | Checksum: c0047fc2

Time (s): cpu = 00:03:56 ; elapsed = 00:02:19 . Memory (MB): peak = 2445.832 ; gain = 317.199

Phase 6 Clock Skew Optimization
Phase 6 Clock Skew Optimization | Checksum: c0047fc2

Time (s): cpu = 00:03:56 ; elapsed = 00:02:19 . Memory (MB): peak = 2445.832 ; gain = 317.199

Phase 7 Post Hold Fix

Phase 7.1 Update Timing
Phase 7.1 Update Timing | Checksum: c0047fc2

Time (s): cpu = 00:04:04 ; elapsed = 00:02:22 . Memory (MB): peak = 2445.832 ; gain = 317.199
INFO: [Route 35-57] Estimated Timing Summary | WNS=0.191  | TNS=0      | WHS=0.005  | THS=0      |

Phase 7 Post Hold Fix | Checksum: c0047fc2

Time (s): cpu = 00:04:04 ; elapsed = 00:02:22 . Memory (MB): peak = 2445.832 ; gain = 317.199

Phase 8 Route finalize

Router Utilization Summary
  Global Vertical Routing Utilization    = 1.63895 %
  Global Horizontal Routing Utilization  = 1.70515 %
  Routable Net Status*
  *Does not include unroutable nets such as driverless and loadless.
  Run report_route_status for detailed report.
  Number of Failed Nets               = 0
  Number of Unrouted Nets             = 0
  Number of Partially Routed Nets     = 0
  Number of Node Overlaps             = 0

Phase 8 Route finalize | Checksum: c0047fc2

Time (s): cpu = 00:04:04 ; elapsed = 00:02:22 . Memory (MB): peak = 2445.832 ; gain = 317.199

Phase 9 Verifying routed nets

 Verification completed successfully
Phase 9 Verifying routed nets | Checksum: c0047fc2

Time (s): cpu = 00:04:05 ; elapsed = 00:02:22 . Memory (MB): peak = 2445.832 ; gain = 317.199

Phase 10 Depositing Routes
Phase 10 Depositing Routes | Checksum: 1725db4a1

Time (s): cpu = 00:04:07 ; elapsed = 00:02:24 . Memory (MB): peak = 2445.832 ; gain = 317.199

Phase 11 Post Router Timing
INFO: [Route 35-57] Estimated Timing Summary | WNS=0.191  | TNS=0      | WHS=0.005  | THS=0      |

INFO: [Route 35-327] The final timing numbers are based on the router estimated timing analysis. For a complete and accurate timing signoff, please run report_timing_summary.
Phase 11 Post Router Timing | Checksum: 1725db4a1

Time (s): cpu = 00:04:14 ; elapsed = 00:02:26 . Memory (MB): peak = 2445.832 ; gain = 317.199
INFO: [Route 35-16] Router Completed Successfully
Ending Route Task | Checksum: 1725db4a1

Time (s): cpu = 00:04:14 ; elapsed = 00:02:26 . Memory (MB): peak = 2445.832 ; gain = 317.199

Routing Is Done.

Time (s): cpu = 00:04:14 ; elapsed = 00:02:26 . Memory (MB): peak = 2445.832 ; gain = 317.199
INFO: [Common 17-83] Releasing license: Implementation
49 Infos, 19 Warnings, 11 Critical Warnings and 0 Errors encountered.
route_design completed successfully
route_design: Time (s): cpu = 00:04:21 ; elapsed = 00:02:30 . Memory (MB): peak = 2445.832 ; gain = 356.426
Writing XDEF routing.
Writing XDEF routing logical nets.
Writing XDEF routing special nets.
Write XDEF Complete: Time (s): cpu = 00:00:04 ; elapsed = 00:00:04 . Memory (MB): peak = 2445.832 ; gain = 0.000
write_checkpoint: Time (s): cpu = 00:00:06 ; elapsed = 00:00:08 . Memory (MB): peak = 2445.832 ; gain = 0.000
INFO: [Drc 23-27] Running DRC with 8 threads
INFO: [Coretcl 2-168] The results of DRC are in file /mnt/nfs/var/nfs/ldemeyer/speck/Bluespec/scemi2/fpga/xilinx/mkBridge/mkBridge.runs/impl_1/mkBridge_drc_routed.rpt.
INFO: [Timing 38-91] UpdateTimingParams: Speed grade: -2, Delay Type: min_max, Constraints type: SDC.
INFO: [Timing 38-191] Multithreading enabled for timing update using a maximum of 8 CPUs
report_timing_summary: Time (s): cpu = 00:00:29 ; elapsed = 00:00:08 . Memory (MB): peak = 2445.832 ; gain = 0.000
Running Vector-less Activity Propagation...

Finished Running Vector-less Activity Propagation
WARNING: [Power 33-218] MMCM/PLL RST static_probability should be either 0 or 1, power analysis is using 0 by default.
Use 'set_switching_activity -static_probability 1 -signal_rate 0 [get_nets scemi_pcie_ep/pcie_7x_v1_10_i/O1]'  to set the static_probability to '1'  if desired.
WARNING: [Power 33-218] MMCM/PLL RST static_probability should be either 0 or 1, power analysis is using 0 by default.
Use 'set_switching_activity -static_probability 1 -signal_rate 0 [get_nets scemi_scemi_clkgen_rReset]'  to set the static_probability to '1'  if desired.
report_power: Time (s): cpu = 00:00:12 ; elapsed = 00:00:12 . Memory (MB): peak = 2445.832 ; gain = 0.000
Attempting to get a license for feature 'Implementation' and/or device 'xc7vx485t'
INFO: [Common 17-349] Got license for feature 'Implementation' and/or device 'xc7vx485t'
Running DRC as a precondition to command write_bitstream
INFO: [Drc 23-27] Running DRC with 8 threads
INFO: [Vivado 12-3199] DRC finished with 0 Errors, 2 Warnings, 1 Advisories
INFO: [Vivado 12-3200] Please refer to the DRC report (report_drc) for more information.
Loading data files...
Loading site data...
Loading route data...
Processing options...
Creating bitmap...
Creating bitstream...
Writing bitstream ./mkBridge.bit...
INFO: [Vivado 12-1842] Bitgen Completed Successfully.
INFO: [Project 1-118] WebTalk data collection is enabled (User setting is ON. Install Setting is ON.).
sh: 1: Syntax error: Bad fd number
sh: 1: Syntax error: Bad fd number
INFO: [Common 17-185] WebTalk report has not been sent to Xilinx. Please check your network and proxy settings.
INFO: [Common 17-83] Releasing license: Implementation
write_bitstream: Time (s): cpu = 00:01:50 ; elapsed = 00:01:47 . Memory (MB): peak = 2863.199 ; gain = 417.367
INFO: [Common 17-206] Exiting Vivado at Wed Apr 20 15:03:19 2016...
