checking package dependencies
compiling ../../scemi/ResetXactor.bsv
compiling ../../common/SpeckTypes.bsv
compiling ../../common/Speck.bsv
code generation for mkSynthesizedEncrypt starts
Elaborated module file created: bdir_dut/mkSynthesizedEncrypt.ba
code generation for mkSynthesizedDecrypt starts
Elaborated module file created: bdir_dut/mkSynthesizedDecrypt.ba
compiling ../../scemi/SceMiLayer.bsv
code generation for mkDutWrapper starts
Warning: "../../scemi/SceMiLayer.bsv", line 22, column 17: (G0046)
  Reset information for method `setkey_put' is lost because the reset is not
  available at the module boundary.
  During elaboration of the interface method `setkey_put' at
  "../../scemi/SceMiLayer.bsv", line 22, column 17.
  During elaboration of `mkDutWrapper' at "../../scemi/SceMiLayer.bsv", line
  22, column 17.
Warning: "../../scemi/SceMiLayer.bsv", line 22, column 17: (G0010)
  Rule "getResponseEncrypt" was treated as more urgent than
  "getResponseDecrypt". Conflicts:
    "getResponseEncrypt" cannot fire before "getResponseDecrypt":
      calls to fromSyncQ.enq vs. fromSyncQ.enq
    "getResponseDecrypt" cannot fire before "getResponseEncrypt":
      calls to fromSyncQ.enq vs. fromSyncQ.enq
Elaborated module file created: bdir_dut/mkDutWrapper.ba
compiling ../Bridge.bsv
code generation for mkBridge starts
Warning: "SceMiNoC.bsv", line 496, column 9: (G0043)
  Multiple reset signals influence rule
  `scemi_settabledut_dut_prb_control_data_out_detect_scemi_reset'.
  This can lead to inconsistent, non-atomic results when not all of these
  signals are asserted.
  Method calls by reset:
    Reset 1 (scemi_rstgen_final_reset.reset_out):
      scemi_settabledut_dut_prb_control_data_out_in_reset_uclk.read
    Reset 2
    (scemi_settabledut_dut_prb_control_data_out_nocResetUClock.gen_rst):
      scemi_settabledut_dut_prb_control_data_out_starting_reset.send
  During elaboration of rule `detect_scemi_reset' at "SceMiNoC.bsv", line 496,
  column 9.
  During elaboration of `data_out' at "../SceMiSerialProbe.bsv", line 247,
  column 44.
  During elaboration of `prb_control' at "../SceMiSerialProbe.bsv", line 1753,
  column 8.
  During elaboration of `dut' at "../../scemi/ResetXactor.bsv", line 51,
  column 28.
  During elaboration of `settabledut' at "../../scemi/SceMiLayer.bsv", line
  86, column 25.
  During elaboration of `scemi' at "../Bridge.bsv", line 9, column 10.
  During elaboration of `mkBridge' at "../Bridge.bsv", line 7, column 8.
Warning: "SceMiNoC.bsv", line 501, column 9: (G0043)
  Multiple reset signals influence rule
  `scemi_settabledut_dut_prb_control_data_out_detect_end_of_scemi_reset'.
  This can lead to inconsistent, non-atomic results when not all of these
  signals are asserted.
  Method calls by reset:
    Reset 1 (scemi_rstgen_final_reset.reset_out):
      scemi_settabledut_dut_prb_control_data_out_in_reset_uclk.read
      scemi_settabledut_dut_prb_control_data_out_prev_reset_uclk.read
      scemi_settabledut_dut_prb_control_data_out_prev_reset_uclk.write
    Reset 2
    (scemi_settabledut_dut_prb_control_data_out_nocResetUClock.gen_rst):
      scemi_settabledut_dut_prb_control_data_out_ending_reset.send
  During elaboration of rule `detect_end_of_scemi_reset' at "SceMiNoC.bsv",
  line 501, column 9.
  During elaboration of `data_out' at "../SceMiSerialProbe.bsv", line 247,
  column 44.
  During elaboration of `prb_control' at "../SceMiSerialProbe.bsv", line 1753,
  column 8.
  During elaboration of `dut' at "../../scemi/ResetXactor.bsv", line 51,
  column 28.
  During elaboration of `settabledut' at "../../scemi/SceMiLayer.bsv", line
  86, column 25.
  During elaboration of `scemi' at "../Bridge.bsv", line 9, column 10.
  During elaboration of `mkBridge' at "../Bridge.bsv", line 7, column 8.
Warning: "SceMiNoC.bsv", line 316, column 9: (G0043)
  Multiple reset signals influence rule
  `scemi_settabledut_dut_prb_control_control_in_detect_scemi_reset'.
  This can lead to inconsistent, non-atomic results when not all of these
  signals are asserted.
  Method calls by reset:
    Reset 1 (scemi_rstgen_final_reset.reset_out):
      scemi_settabledut_dut_prb_control_control_in_in_reset_uclk.read
    Reset 2
    (scemi_settabledut_dut_prb_control_control_in_nocResetUClock.gen_rst):
      scemi_settabledut_dut_prb_control_control_in_starting_reset.send
  During elaboration of rule `detect_scemi_reset' at "SceMiNoC.bsv", line 316,
  column 9.
  During elaboration of `control_in' at "../SceMiSerialProbe.bsv", line 248,
  column 42.
  During elaboration of `prb_control' at "../SceMiSerialProbe.bsv", line 1753,
  column 8.
  During elaboration of `dut' at "../../scemi/ResetXactor.bsv", line 51,
  column 28.
  During elaboration of `settabledut' at "../../scemi/SceMiLayer.bsv", line
  86, column 25.
  During elaboration of `scemi' at "../Bridge.bsv", line 9, column 10.
  During elaboration of `mkBridge' at "../Bridge.bsv", line 7, column 8.
Warning: "SceMiNoC.bsv", line 321, column 9: (G0043)
  Multiple reset signals influence rule
  `scemi_settabledut_dut_prb_control_control_in_detect_end_of_scemi_reset'.
  This can lead to inconsistent, non-atomic results when not all of these
  signals are asserted.
  Method calls by reset:
    Reset 1 (scemi_rstgen_final_reset.reset_out):
      scemi_settabledut_dut_prb_control_control_in_in_reset_uclk.read
      scemi_settabledut_dut_prb_control_control_in_prev_reset_uclk.read
      scemi_settabledut_dut_prb_control_control_in_prev_reset_uclk.write
    Reset 2
    (scemi_settabledut_dut_prb_control_control_in_nocResetUClock.gen_rst):
      scemi_settabledut_dut_prb_control_control_in_ending_reset.send
  During elaboration of rule `detect_end_of_scemi_reset' at "SceMiNoC.bsv",
  line 321, column 9.
  During elaboration of `control_in' at "../SceMiSerialProbe.bsv", line 248,
  column 42.
  During elaboration of `prb_control' at "../SceMiSerialProbe.bsv", line 1753,
  column 8.
  During elaboration of `dut' at "../../scemi/ResetXactor.bsv", line 51,
  column 28.
  During elaboration of `settabledut' at "../../scemi/SceMiLayer.bsv", line
  86, column 25.
  During elaboration of `scemi' at "../Bridge.bsv", line 9, column 10.
  During elaboration of `mkBridge' at "../Bridge.bsv", line 7, column 8.
Warning: "SceMiNoC.bsv", line 316, column 9: (G0043)
  Multiple reset signals influence rule
  `scemi_settabledut_softrst_req_inport_detect_scemi_reset'.
  This can lead to inconsistent, non-atomic results when not all of these
  signals are asserted.
  Method calls by reset:
    Reset 1 (scemi_rstgen_final_reset.reset_out):
      scemi_settabledut_softrst_req_inport_in_reset_uclk.read
    Reset 2 (scemi_settabledut_softrst_req_inport_nocResetUClock.gen_rst):
      scemi_settabledut_softrst_req_inport_starting_reset.send
  During elaboration of rule `detect_scemi_reset' at "SceMiNoC.bsv", line 316,
  column 9.
  During elaboration of `inport' at "../SceMiXactors.bsv", line 251, column
  31.
  During elaboration of `req' at "../SceMiXactors.bsv", line 397, column 8.
  During elaboration of `softrst' at "../../scemi/ResetXactor.bsv", line 52,
  column 11.
  During elaboration of `settabledut' at "../../scemi/SceMiLayer.bsv", line
  86, column 25.
  During elaboration of `scemi' at "../Bridge.bsv", line 9, column 10.
  During elaboration of `mkBridge' at "../Bridge.bsv", line 7, column 8.
Warning: "SceMiNoC.bsv", line 321, column 9: (G0043)
  Multiple reset signals influence rule
  `scemi_settabledut_softrst_req_inport_detect_end_of_scemi_reset'.
  This can lead to inconsistent, non-atomic results when not all of these
  signals are asserted.
  Method calls by reset:
    Reset 1 (scemi_rstgen_final_reset.reset_out):
      scemi_settabledut_softrst_req_inport_in_reset_uclk.read
      scemi_settabledut_softrst_req_inport_prev_reset_uclk.read
      scemi_settabledut_softrst_req_inport_prev_reset_uclk.write
    Reset 2 (scemi_settabledut_softrst_req_inport_nocResetUClock.gen_rst):
      scemi_settabledut_softrst_req_inport_ending_reset.send
  During elaboration of rule `detect_end_of_scemi_reset' at "SceMiNoC.bsv",
  line 321, column 9.
  During elaboration of `inport' at "../SceMiXactors.bsv", line 251, column
  31.
  During elaboration of `req' at "../SceMiXactors.bsv", line 397, column 8.
  During elaboration of `softrst' at "../../scemi/ResetXactor.bsv", line 52,
  column 11.
  During elaboration of `settabledut' at "../../scemi/SceMiLayer.bsv", line
  86, column 25.
  During elaboration of `scemi' at "../Bridge.bsv", line 9, column 10.
  During elaboration of `mkBridge' at "../Bridge.bsv", line 7, column 8.
Warning: "SceMiNoC.bsv", line 496, column 9: (G0043)
  Multiple reset signals influence rule
  `scemi_settabledut_softrst_resp_outport_detect_scemi_reset'.
  This can lead to inconsistent, non-atomic results when not all of these
  signals are asserted.
  Method calls by reset:
    Reset 1 (scemi_rstgen_final_reset.reset_out):
      scemi_settabledut_softrst_resp_outport_in_reset_uclk.read
    Reset 2 (scemi_settabledut_softrst_resp_outport_nocResetUClock.gen_rst):
      scemi_settabledut_softrst_resp_outport_starting_reset.send
  During elaboration of rule `detect_scemi_reset' at "SceMiNoC.bsv", line 496,
  column 9.
  During elaboration of `outport' at "../SceMiXactors.bsv", line 329, column
  32.
  During elaboration of `resp' at "../SceMiXactors.bsv", line 398, column 8.
  During elaboration of `softrst' at "../../scemi/ResetXactor.bsv", line 52,
  column 11.
  During elaboration of `settabledut' at "../../scemi/SceMiLayer.bsv", line
  86, column 25.
  During elaboration of `scemi' at "../Bridge.bsv", line 9, column 10.
  During elaboration of `mkBridge' at "../Bridge.bsv", line 7, column 8.
Warning: "SceMiNoC.bsv", line 501, column 9: (G0043)
  Multiple reset signals influence rule
  `scemi_settabledut_softrst_resp_outport_detect_end_of_scemi_reset'.
  This can lead to inconsistent, non-atomic results when not all of these
  signals are asserted.
  Method calls by reset:
    Reset 1 (scemi_rstgen_final_reset.reset_out):
      scemi_settabledut_softrst_resp_outport_in_reset_uclk.read
      scemi_settabledut_softrst_resp_outport_prev_reset_uclk.read
      scemi_settabledut_softrst_resp_outport_prev_reset_uclk.write
    Reset 2 (scemi_settabledut_softrst_resp_outport_nocResetUClock.gen_rst):
      scemi_settabledut_softrst_resp_outport_ending_reset.send
  During elaboration of rule `detect_end_of_scemi_reset' at "SceMiNoC.bsv",
  line 501, column 9.
  During elaboration of `outport' at "../SceMiXactors.bsv", line 329, column
  32.
  During elaboration of `resp' at "../SceMiXactors.bsv", line 398, column 8.
  During elaboration of `softrst' at "../../scemi/ResetXactor.bsv", line 52,
  column 11.
  During elaboration of `settabledut' at "../../scemi/SceMiLayer.bsv", line
  86, column 25.
  During elaboration of `scemi' at "../Bridge.bsv", line 9, column 10.
  During elaboration of `mkBridge' at "../Bridge.bsv", line 7, column 8.
Warning: "SceMiNoC.bsv", line 316, column 9: (G0043)
  Multiple reset signals influence rule
  `scemi_processor_req_inport_detect_scemi_reset'.
  This can lead to inconsistent, non-atomic results when not all of these
  signals are asserted.
  Method calls by reset:
    Reset 1 (scemi_rstgen_final_reset.reset_out):
      scemi_processor_req_inport_in_reset_uclk.read
    Reset 2 (scemi_processor_req_inport_nocResetUClock.gen_rst):
      scemi_processor_req_inport_starting_reset.send
  During elaboration of rule `detect_scemi_reset' at "SceMiNoC.bsv", line 316,
  column 9.
  During elaboration of `inport' at "../SceMiXactors.bsv", line 251, column
  31.
  During elaboration of `req' at "../SceMiXactors.bsv", line 397, column 8.
  During elaboration of `processor' at "../../scemi/SceMiLayer.bsv", line 88,
  column 10.
  During elaboration of `scemi' at "../Bridge.bsv", line 9, column 10.
  During elaboration of `mkBridge' at "../Bridge.bsv", line 7, column 8.
Warning: "SceMiNoC.bsv", line 321, column 9: (G0043)
  Multiple reset signals influence rule
  `scemi_processor_req_inport_detect_end_of_scemi_reset'.
  This can lead to inconsistent, non-atomic results when not all of these
  signals are asserted.
  Method calls by reset:
    Reset 1 (scemi_rstgen_final_reset.reset_out):
      scemi_processor_req_inport_in_reset_uclk.read
      scemi_processor_req_inport_prev_reset_uclk.read
      scemi_processor_req_inport_prev_reset_uclk.write
    Reset 2 (scemi_processor_req_inport_nocResetUClock.gen_rst):
      scemi_processor_req_inport_ending_reset.send
  During elaboration of rule `detect_end_of_scemi_reset' at "SceMiNoC.bsv",
  line 321, column 9.
  During elaboration of `inport' at "../SceMiXactors.bsv", line 251, column
  31.
  During elaboration of `req' at "../SceMiXactors.bsv", line 397, column 8.
  During elaboration of `processor' at "../../scemi/SceMiLayer.bsv", line 88,
  column 10.
  During elaboration of `scemi' at "../Bridge.bsv", line 9, column 10.
  During elaboration of `mkBridge' at "../Bridge.bsv", line 7, column 8.
Warning: "SceMiNoC.bsv", line 496, column 9: (G0043)
  Multiple reset signals influence rule
  `scemi_processor_resp_outport_detect_scemi_reset'.
  This can lead to inconsistent, non-atomic results when not all of these
  signals are asserted.
  Method calls by reset:
    Reset 1 (scemi_rstgen_final_reset.reset_out):
      scemi_processor_resp_outport_in_reset_uclk.read
    Reset 2 (scemi_processor_resp_outport_nocResetUClock.gen_rst):
      scemi_processor_resp_outport_starting_reset.send
  During elaboration of rule `detect_scemi_reset' at "SceMiNoC.bsv", line 496,
  column 9.
  During elaboration of `outport' at "../SceMiXactors.bsv", line 329, column
  32.
  During elaboration of `resp' at "../SceMiXactors.bsv", line 398, column 8.
  During elaboration of `processor' at "../../scemi/SceMiLayer.bsv", line 88,
  column 10.
  During elaboration of `scemi' at "../Bridge.bsv", line 9, column 10.
  During elaboration of `mkBridge' at "../Bridge.bsv", line 7, column 8.
Warning: "SceMiNoC.bsv", line 501, column 9: (G0043)
  Multiple reset signals influence rule
  `scemi_processor_resp_outport_detect_end_of_scemi_reset'.
  This can lead to inconsistent, non-atomic results when not all of these
  signals are asserted.
  Method calls by reset:
    Reset 1 (scemi_rstgen_final_reset.reset_out):
      scemi_processor_resp_outport_in_reset_uclk.read
      scemi_processor_resp_outport_prev_reset_uclk.read
      scemi_processor_resp_outport_prev_reset_uclk.write
    Reset 2 (scemi_processor_resp_outport_nocResetUClock.gen_rst):
      scemi_processor_resp_outport_ending_reset.send
  During elaboration of rule `detect_end_of_scemi_reset' at "SceMiNoC.bsv",
  line 501, column 9.
  During elaboration of `outport' at "../SceMiXactors.bsv", line 329, column
  32.
  During elaboration of `resp' at "../SceMiXactors.bsv", line 398, column 8.
  During elaboration of `processor' at "../../scemi/SceMiLayer.bsv", line 88,
  column 10.
  During elaboration of `scemi' at "../Bridge.bsv", line 9, column 10.
  During elaboration of `mkBridge' at "../Bridge.bsv", line 7, column 8.
Warning: "SceMiNoC.bsv", line 316, column 9: (G0043)
  Multiple reset signals influence rule
  `scemi_setkey_inport_detect_scemi_reset'.
  This can lead to inconsistent, non-atomic results when not all of these
  signals are asserted.
  Method calls by reset:
    Reset 1 (scemi_rstgen_final_reset.reset_out):
      scemi_setkey_inport_in_reset_uclk.read
    Reset 2 (scemi_setkey_inport_nocResetUClock.gen_rst):
      scemi_setkey_inport_starting_reset.send
  During elaboration of rule `detect_scemi_reset' at "SceMiNoC.bsv", line 316,
  column 9.
  During elaboration of `inport' at "../SceMiXactors.bsv", line 251, column
  31.
  During elaboration of `setkey' at "../../scemi/SceMiLayer.bsv", line 89,
  column 10.
  During elaboration of `scemi' at "../Bridge.bsv", line 9, column 10.
  During elaboration of `mkBridge' at "../Bridge.bsv", line 7, column 8.
Warning: "SceMiNoC.bsv", line 321, column 9: (G0043)
  Multiple reset signals influence rule
  `scemi_setkey_inport_detect_end_of_scemi_reset'.
  This can lead to inconsistent, non-atomic results when not all of these
  signals are asserted.
  Method calls by reset:
    Reset 1 (scemi_rstgen_final_reset.reset_out):
      scemi_setkey_inport_in_reset_uclk.read
      scemi_setkey_inport_prev_reset_uclk.read
      scemi_setkey_inport_prev_reset_uclk.write
    Reset 2 (scemi_setkey_inport_nocResetUClock.gen_rst):
      scemi_setkey_inport_ending_reset.send
  During elaboration of rule `detect_end_of_scemi_reset' at "SceMiNoC.bsv",
  line 321, column 9.
  During elaboration of `inport' at "../SceMiXactors.bsv", line 251, column
  31.
  During elaboration of `setkey' at "../../scemi/SceMiLayer.bsv", line 89,
  column 10.
  During elaboration of `scemi' at "../Bridge.bsv", line 9, column 10.
  During elaboration of `mkBridge' at "../Bridge.bsv", line 7, column 8.
Error: "GetPut.bs", line 337, column 9: (G0007)
  Reference across clock domain in rule
  `scemi_setkey_connect_put_mkConnectionGetPut'.
  Method calls by clock domain:
    Clock domain 1:
      default_clock:
	scemi_settabledut_dut_dutIfc_m_dut.RDY_setkey_put
	scemi_settabledut_dut_dutIfc_m_dut.setkey_put
    Clock domain 2:
      scemi_clk_port_scemi_clkgen.new_clk:
	scemi_setkey_res_fifo.RDY_deq
	scemi_setkey_res_fifo.RDY_first
	scemi_setkey_res_fifo.deq
	scemi_setkey_res_fifo.first
  During elaboration of rule `mkConnectionGetPut' at "GetPut.bs", line 337,
  column 9.
  During elaboration of `connect_put' at "../SceMiXactors.bsv", line 264,
  column 14.
  During elaboration of `setkey' at "../../scemi/SceMiLayer.bsv", line 89,
  column 10.
  During elaboration of `scemi' at "../Bridge.bsv", line 9, column 10.
  During elaboration of `mkBridge' at "../Bridge.bsv", line 7, column 8.
Warning: "SceMiNoC.bsv", line 316, column 9: (G0043)
  Multiple reset signals influence rule
  `scemi_shutdown_ctrl_in_detect_scemi_reset'.
  This can lead to inconsistent, non-atomic results when not all of these
  signals are asserted.
  Method calls by reset:
    Reset 1 (scemi_rstgen_final_reset.reset_out):
      scemi_shutdown_ctrl_in_in_reset_uclk.read
    Reset 2 (scemi_shutdown_ctrl_in_nocResetUClock.gen_rst):
      scemi_shutdown_ctrl_in_starting_reset.send
  During elaboration of rule `detect_scemi_reset' at "SceMiNoC.bsv", line 316,
  column 9.
  During elaboration of `ctrl_in' at "../SceMiXactors.bsv", line 597, column
  34.
  During elaboration of `shutdown' at "../../scemi/SceMiLayer.bsv", line 91,
  column 10.
  During elaboration of `scemi' at "../Bridge.bsv", line 9, column 10.
  During elaboration of `mkBridge' at "../Bridge.bsv", line 7, column 8.
Warning: "SceMiNoC.bsv", line 321, column 9: (G0043)
  Multiple reset signals influence rule
  `scemi_shutdown_ctrl_in_detect_end_of_scemi_reset'.
  This can lead to inconsistent, non-atomic results when not all of these
  signals are asserted.
  Method calls by reset:
    Reset 1 (scemi_rstgen_final_reset.reset_out):
      scemi_shutdown_ctrl_in_in_reset_uclk.read
      scemi_shutdown_ctrl_in_prev_reset_uclk.read
      scemi_shutdown_ctrl_in_prev_reset_uclk.write
    Reset 2 (scemi_shutdown_ctrl_in_nocResetUClock.gen_rst):
      scemi_shutdown_ctrl_in_ending_reset.send
  During elaboration of rule `detect_end_of_scemi_reset' at "SceMiNoC.bsv",
  line 321, column 9.
  During elaboration of `ctrl_in' at "../SceMiXactors.bsv", line 597, column
  34.
  During elaboration of `shutdown' at "../../scemi/SceMiLayer.bsv", line 91,
  column 10.
  During elaboration of `scemi' at "../Bridge.bsv", line 9, column 10.
  During elaboration of `mkBridge' at "../Bridge.bsv", line 7, column 8.
Warning: "SceMiNoC.bsv", line 496, column 9: (G0043)
  Multiple reset signals influence rule
  `scemi_shutdown_ctrl_out_detect_scemi_reset'.
  This can lead to inconsistent, non-atomic results when not all of these
  signals are asserted.
  Method calls by reset:
    Reset 1 (scemi_rstgen_final_reset.reset_out):
      scemi_shutdown_ctrl_out_in_reset_uclk.read
    Reset 2 (scemi_shutdown_ctrl_out_nocResetUClock.gen_rst):
      scemi_shutdown_ctrl_out_starting_reset.send
  During elaboration of rule `detect_scemi_reset' at "SceMiNoC.bsv", line 496,
  column 9.
  During elaboration of `ctrl_out' at "../SceMiXactors.bsv", line 598, column
  34.
  During elaboration of `shutdown' at "../../scemi/SceMiLayer.bsv", line 91,
  column 10.
  During elaboration of `scemi' at "../Bridge.bsv", line 9, column 10.
  During elaboration of `mkBridge' at "../Bridge.bsv", line 7, column 8.
Warning: "SceMiNoC.bsv", line 501, column 9: (G0043)
  Multiple reset signals influence rule
  `scemi_shutdown_ctrl_out_detect_end_of_scemi_reset'.
  This can lead to inconsistent, non-atomic results when not all of these
  signals are asserted.
  Method calls by reset:
    Reset 1 (scemi_rstgen_final_reset.reset_out):
      scemi_shutdown_ctrl_out_in_reset_uclk.read
      scemi_shutdown_ctrl_out_prev_reset_uclk.read
      scemi_shutdown_ctrl_out_prev_reset_uclk.write
    Reset 2 (scemi_shutdown_ctrl_out_nocResetUClock.gen_rst):
      scemi_shutdown_ctrl_out_ending_reset.send
  During elaboration of rule `detect_end_of_scemi_reset' at "SceMiNoC.bsv",
  line 501, column 9.
  During elaboration of `ctrl_out' at "../SceMiXactors.bsv", line 598, column
  34.
  During elaboration of `shutdown' at "../../scemi/SceMiLayer.bsv", line 91,
  column 10.
  During elaboration of `scemi' at "../Bridge.bsv", line 9, column 10.
  During elaboration of `mkBridge' at "../Bridge.bsv", line 7, column 8.
Compilation message: "../SceMiClocks.bsv", line 103, column 13: 
(SCE-MI) Begin clock generation
Compilation message: "../SceMiClocks.bsv", line 140, column 51: 
(SCE-MI) Default clock group
(SCE-MI) Clock #0
  Numerator: 1
  Denominator: 1
  DutyHi: 0
  DutyLo: 100
  Phase: 0
  Reset Cycles: 8
(SCE-MI) Found 1 controllers for clock #0
Compilation message: "../SceMiClocks.bsv", line 210, column 16: 
(SCE-MI) Common clock time scale = 1
(SCE-MI)    Group    Clock   Period     Rise     Fall     Freq
(SCE-MI)  default        0        1         uclock      50.00 MHz
(SCE-MI) Note: clock frequencies assume 100 MHz reference clock
Compilation message: "../SceMiClocks.bsv", line 463, column 47: 
(SCE-MI) Max reset count = 16
