Loading all packages ...
Loading all packages complete.
Creating in-line probe code file ...
Code file tbinclude/SceMiProbes.cxx has been created.
Creating in-line probe code file complete.
Creating header files ...
Header file tbinclude/Tuple2_UInt_24_UInt_24.h has been created.
Header file tbinclude/Key_Flag.h has been created.
Header file tbinclude/PrbNum.h has been created.
Header file tbinclude/PowerProbe.h has been created.
Header file tbinclude/PowerAssoc.h has been created.
Header file tbinclude/CosimStruct.h has been created.
Header file tbinclude/PwPrbKind.h has been created.
Header file tbinclude/PowerStruct.h has been created.
Header file tbinclude/FlagType.h has been created.
Header file tbinclude/ProbeControl.h has been created.
Header file tbinclude/KeyType.h has been created.
Header file tbinclude/SimulationControlReq.h has been created.
Header file tbinclude/SimulationStatusResp.h has been created.
Header file tbinclude/Tag.h has been created.
Header file tbinclude/CreditCount.h has been created.
Header file tbinclude/Lag.h has been created.
Header file tbinclude/ClkNextRdy.h has been created.
Header file tbinclude/SceMiHeaders.h has been created.
Creating header files complete.
