
*** Running vivado
    with args -log mkBridge.vdi -applog -m64 -messageDb vivado.pb -mode batch -source mkBridge.tcl -notrace


****** Vivado v2014.1 (64-bit)
  **** SW Build 881834 on Fri Apr  4 14:00:25 MDT 2014
  **** IP Build 877625 on Fri Mar 28 16:29:15 MDT 2014
    ** Copyright 1986-2014 Xilinx, Inc. All Rights Reserved.

source mkBridge.tcl -notrace
Design is defaulting to srcset: sources_1
Design is defaulting to constrset: constrs_1
INFO: [Netlist 29-17] Analyzing 123 Unisim elements for replacement
INFO: [Netlist 29-28] Unisim Transformation completed in 0 CPU seconds
INFO: [Project 1-479] Netlist was created with Vivado 2014.1
Loading clock regions from /opt/xilinx/vivado2014.1/Vivado/2014.1/data/parts/xilinx/virtex7/virtex7/xc7vx485t/ClockRegion.xml
Loading clock buffers from /opt/xilinx/vivado2014.1/Vivado/2014.1/data/parts/xilinx/virtex7/virtex7/xc7vx485t/ClockBuffers.xml
Loading clock placement rules from /opt/xilinx/vivado2014.1/Vivado/2014.1/data/parts/xilinx/virtex7/ClockPlacerRules.xml
Loading package pin functions from /opt/xilinx/vivado2014.1/Vivado/2014.1/data/parts/xilinx/virtex7/PinFunctions.xml...
Loading package from /opt/xilinx/vivado2014.1/Vivado/2014.1/data/parts/xilinx/virtex7/virtex7/xc7vx485t/ffg1761/Package.xml
Loading io standards from /opt/xilinx/vivado2014.1/Vivado/2014.1/data/./parts/xilinx/virtex7/IOStandards.xml
Loading device configuration modes from /opt/xilinx/vivado2014.1/Vivado/2014.1/data/parts/xilinx/virtex7/ConfigModes.xml
INFO: [Opt 31-140] Inserted 0 IBUFs to IO ports without IO buffers.
INFO: [Opt 31-141] Inserted 0 OBUFs to IO ports without IO buffers.
Parsing XDC File [/mnt/nfs/var/nfs/ldemeyer/speck/Bluespec/scemi/fpga/xilinx/default.xdc]
WARNING: [Vivado 12-180] No cells matched 'get_cells -hier -filter { NAME =~ *clk_gen_pll }'. [/mnt/nfs/var/nfs/ldemeyer/speck/Bluespec/scemi/fpga/xilinx/default.xdc:95]
CRITICAL WARNING: [Common 17-55] 'set_property' expects at least one object. [/mnt/nfs/var/nfs/ldemeyer/speck/Bluespec/scemi/fpga/xilinx/default.xdc:95]
WARNING: [Vivado 12-180] No cells matched '*/pcie_7x_v1_10_i/pcie_top_i/pcie_7x_i/pcie_bram_top/pcie_brams_rx/brams[7].ram/use_tdp.ramb36/genblk*.bram36_tdp_bl.bram36_tdp_bl'. [/mnt/nfs/var/nfs/ldemeyer/speck/Bluespec/scemi/fpga/xilinx/default.xdc:130]
CRITICAL WARNING: [Common 17-55] 'set_property' expects at least one object. [/mnt/nfs/var/nfs/ldemeyer/speck/Bluespec/scemi/fpga/xilinx/default.xdc:130]
WARNING: [Vivado 12-180] No cells matched '*/pcie_7x_v1_10_i/pcie_top_i/pcie_7x_i/pcie_bram_top/pcie_brams_rx/brams[6].ram/use_tdp.ramb36/genblk*.bram36_tdp_bl.bram36_tdp_bl'. [/mnt/nfs/var/nfs/ldemeyer/speck/Bluespec/scemi/fpga/xilinx/default.xdc:131]
CRITICAL WARNING: [Common 17-55] 'set_property' expects at least one object. [/mnt/nfs/var/nfs/ldemeyer/speck/Bluespec/scemi/fpga/xilinx/default.xdc:131]
WARNING: [Vivado 12-180] No cells matched '*/pcie_7x_v1_10_i/pcie_top_i/pcie_7x_i/pcie_bram_top/pcie_brams_rx/brams[5].ram/use_tdp.ramb36/genblk*.bram36_tdp_bl.bram36_tdp_bl'. [/mnt/nfs/var/nfs/ldemeyer/speck/Bluespec/scemi/fpga/xilinx/default.xdc:132]
CRITICAL WARNING: [Common 17-55] 'set_property' expects at least one object. [/mnt/nfs/var/nfs/ldemeyer/speck/Bluespec/scemi/fpga/xilinx/default.xdc:132]
WARNING: [Vivado 12-180] No cells matched '*/pcie_7x_v1_10_i/pcie_top_i/pcie_7x_i/pcie_bram_top/pcie_brams_rx/brams[4].ram/use_tdp.ramb36/genblk*.bram36_tdp_bl.bram36_tdp_bl'. [/mnt/nfs/var/nfs/ldemeyer/speck/Bluespec/scemi/fpga/xilinx/default.xdc:133]
CRITICAL WARNING: [Common 17-55] 'set_property' expects at least one object. [/mnt/nfs/var/nfs/ldemeyer/speck/Bluespec/scemi/fpga/xilinx/default.xdc:133]
WARNING: [Vivado 12-180] No cells matched '*/pcie_7x_v1_10_i/pcie_top_i/pcie_7x_i/pcie_bram_top/pcie_brams_tx/brams[4].ram/use_tdp.ramb36/genblk*.bram36_tdp_bl.bram36_tdp_bl'. [/mnt/nfs/var/nfs/ldemeyer/speck/Bluespec/scemi/fpga/xilinx/default.xdc:142]
CRITICAL WARNING: [Common 17-55] 'set_property' expects at least one object. [/mnt/nfs/var/nfs/ldemeyer/speck/Bluespec/scemi/fpga/xilinx/default.xdc:142]
WARNING: [Vivado 12-180] No cells matched '*/pcie_7x_v1_10_i/pcie_top_i/pcie_7x_i/pcie_bram_top/pcie_brams_tx/brams[5].ram/use_tdp.ramb36/genblk*.bram36_tdp_bl.bram36_tdp_bl'. [/mnt/nfs/var/nfs/ldemeyer/speck/Bluespec/scemi/fpga/xilinx/default.xdc:143]
CRITICAL WARNING: [Common 17-55] 'set_property' expects at least one object. [/mnt/nfs/var/nfs/ldemeyer/speck/Bluespec/scemi/fpga/xilinx/default.xdc:143]
WARNING: [Vivado 12-180] No cells matched '*/pcie_7x_v1_10_i/pcie_top_i/pcie_7x_i/pcie_bram_top/pcie_brams_tx/brams[6].ram/use_tdp.ramb36/genblk*.bram36_tdp_bl.bram36_tdp_bl'. [/mnt/nfs/var/nfs/ldemeyer/speck/Bluespec/scemi/fpga/xilinx/default.xdc:144]
CRITICAL WARNING: [Common 17-55] 'set_property' expects at least one object. [/mnt/nfs/var/nfs/ldemeyer/speck/Bluespec/scemi/fpga/xilinx/default.xdc:144]
WARNING: [Vivado 12-180] No cells matched '*/pcie_7x_v1_10_i/pcie_top_i/pcie_7x_i/pcie_bram_top/pcie_brams_tx/brams[7].ram/use_tdp.ramb36/genblk*.bram36_tdp_bl.bram36_tdp_bl'. [/mnt/nfs/var/nfs/ldemeyer/speck/Bluespec/scemi/fpga/xilinx/default.xdc:145]
CRITICAL WARNING: [Common 17-55] 'set_property' expects at least one object. [/mnt/nfs/var/nfs/ldemeyer/speck/Bluespec/scemi/fpga/xilinx/default.xdc:145]
WARNING: [Vivado 12-180] No cells matched '*fS2MsgOut*'. [/mnt/nfs/var/nfs/ldemeyer/speck/Bluespec/scemi/fpga/xilinx/default.xdc:161]
CRITICAL WARNING: [Vivado 12-1433] Expecting a non-empty list of cells to be added to the pblock.  Please verify the correctness of the <cells> argument. [/mnt/nfs/var/nfs/ldemeyer/speck/Bluespec/scemi/fpga/xilinx/default.xdc:161]
WARNING: [Vivado 12-507] No nets matched '*/pcie_7x_v1_10_i/gt_top_i/pipe_wrapper_i/user_resetdone*'. [/mnt/nfs/var/nfs/ldemeyer/speck/Bluespec/scemi/fpga/xilinx/default.xdc:186]
CRITICAL WARNING: [Vivado 12-1387] No valid object(s) found for set_false_path constraint with option '-through [get_nets */pcie_7x_v1_10_i/gt_top_i/pipe_wrapper_i/user_resetdone*]'. [/mnt/nfs/var/nfs/ldemeyer/speck/Bluespec/scemi/fpga/xilinx/default.xdc:186]
Resolution: Check if the specified object(s) exists in the current design. If it does, ensure that the correct design hierarchy was specified for the object.
INFO: [Timing 38-35] Done setting XDC timing constraints. [/mnt/nfs/var/nfs/ldemeyer/speck/Bluespec/scemi/fpga/xilinx/default.xdc:203]
WARNING: [Timing 38-3] User defined clock exists on pin scemi_clkgen_pll/CLKOUT0 and will prevent any subsequent automatic derivation of generated clocks on that pin. [/mnt/nfs/var/nfs/ldemeyer/speck/Bluespec/scemi/fpga/xilinx/default.xdc:203]
WARNING: [Timing 38-3] User defined clock exists on pin scemi_scemi_clkgen_mmcm/CLKOUT0 and will prevent any subsequent automatic derivation of generated clocks on that pin. [/mnt/nfs/var/nfs/ldemeyer/speck/Bluespec/scemi/fpga/xilinx/default.xdc:203]
INFO: [Timing 38-2] Deriving generated clocks [/mnt/nfs/var/nfs/ldemeyer/speck/Bluespec/scemi/fpga/xilinx/default.xdc:203]
get_clocks: Time (s): cpu = 00:00:19 ; elapsed = 00:00:17 . Memory (MB): peak = 1837.469 ; gain = 570.047
Finished Parsing XDC File [/mnt/nfs/var/nfs/ldemeyer/speck/Bluespec/scemi/fpga/xilinx/default.xdc]
INFO: [Opt 31-138] Pushed 0 inverter(s).
INFO: [Project 1-111] Unisim Transformation Summary:
  A total of 85 instances were transformed.
  RAM16X1D => RAM32X1D (RAMD32, RAMD32): 1 instances
  RAM32M => RAM32M (RAMD32, RAMD32, RAMD32, RAMD32, RAMD32, RAMD32, RAMS32, RAMS32): 84 instances

link_design: Time (s): cpu = 00:00:42 ; elapsed = 00:00:42 . Memory (MB): peak = 1837.469 ; gain = 1083.438
Command: opt_design
Attempting to get a license for feature 'Implementation' and/or device 'xc7vx485t'
INFO: [Common 17-349] Got license for feature 'Implementation' and/or device 'xc7vx485t'
Running DRC as a precondition to command opt_design

Starting DRC Task
INFO: [Drc 23-27] Running DRC with 8 threads
INFO: [Project 1-461] DRC finished with 0 Errors
INFO: [Project 1-462] Please refer to the DRC report (report_drc) for more information.

Time (s): cpu = 00:00:00.70 ; elapsed = 00:00:00.71 . Memory (MB): peak = 1842.488 ; gain = 4.020

Starting Logic Optimization Task
WARNING: [Timing 38-3] User defined clock exists on pin scemi_clkgen_pll/CLKOUT0 and will prevent any subsequent automatic derivation of generated clocks on that pin.
WARNING: [Timing 38-3] User defined clock exists on pin scemi_scemi_clkgen_mmcm/CLKOUT0 and will prevent any subsequent automatic derivation of generated clocks on that pin.

Phase 1 Retarget

INFO: [Opt 31-138] Pushed 13 inverter(s).
INFO: [Opt 31-49] Retargeted 0 cell(s).
Phase 1 Retarget | Checksum: 21587d749

Time (s): cpu = 00:00:02 ; elapsed = 00:00:01 . Memory (MB): peak = 1842.488 ; gain = 0.000

Phase 2 Constant Propagation
INFO: [Opt 31-138] Pushed 16 inverter(s).
INFO: [Opt 31-10] Eliminated 2296 cells.
Phase 2 Constant Propagation | Checksum: 2a93fdd13

Time (s): cpu = 00:00:07 ; elapsed = 00:00:06 . Memory (MB): peak = 1842.488 ; gain = 0.000

Phase 3 Sweep
INFO: [Opt 31-12] Eliminated 4707 unconnected nets.
INFO: [Opt 31-11] Eliminated 1691 unconnected cells.
Phase 3 Sweep | Checksum: 2cf846b25

Time (s): cpu = 00:00:09 ; elapsed = 00:00:08 . Memory (MB): peak = 1842.488 ; gain = 0.000
Ending Logic Optimization Task | Checksum: 2cf846b25

Time (s): cpu = 00:00:10 ; elapsed = 00:00:09 . Memory (MB): peak = 1842.488 ; gain = 0.000
Implement Debug Cores | Checksum: 1df95022c
Logic Optimization | Checksum: 1df95022c

Starting Power Optimization Task

Starting PowerOpt TimerUpdates Task
INFO: [Timing 38-35] Done setting XDC timing constraints.
WARNING: [Timing 38-3] User defined clock exists on pin scemi_clkgen_pll/CLKOUT0 and will prevent any subsequent automatic derivation of generated clocks on that pin.
WARNING: [Timing 38-3] User defined clock exists on pin scemi_scemi_clkgen_mmcm/CLKOUT0 and will prevent any subsequent automatic derivation of generated clocks on that pin.
Ending PowerOpt TimerUpdates Task | Checksum: 2cf846b25

Time (s): cpu = 00:00:04 ; elapsed = 00:00:03 . Memory (MB): peak = 1842.488 ; gain = 0.000
INFO: [Pwropt 34-9] Applying IDT optimizations ...
INFO: [Pwropt 34-10] Applying ODC optimizations ...

INFO: [Pwropt 34-162] WRITE_MODE attribute of 6 BRAM(s) out of a total of 14 has been updated to save power.
    Run report_power_opt to get a complete listing of the BRAMs updated.
INFO: [Pwropt 34-201] Structural ODC has moved 0 WE to EN ports
Number of BRAM Ports augmented: 0 newly gated: 0 Total Ports: 28
Ending Power Optimization Task | Checksum: 2cf846b25

Time (s): cpu = 00:00:12 ; elapsed = 00:00:10 . Memory (MB): peak = 1972.512 ; gain = 130.023
INFO: [Common 17-83] Releasing license: Implementation
25 Infos, 17 Warnings, 11 Critical Warnings and 0 Errors encountered.
opt_design completed successfully
opt_design: Time (s): cpu = 00:00:22 ; elapsed = 00:00:20 . Memory (MB): peak = 1972.512 ; gain = 134.043
Writing XDEF routing.
Writing XDEF routing logical nets.
Writing XDEF routing special nets.
Write XDEF Complete: Time (s): cpu = 00:00:00.53 ; elapsed = 00:00:00.61 . Memory (MB): peak = 1973.512 ; gain = 0.000
Command: place_design
Attempting to get a license for feature 'Implementation' and/or device 'xc7vx485t'
INFO: [Common 17-349] Got license for feature 'Implementation' and/or device 'xc7vx485t'
Running DRC as a precondition to command place_design
INFO: [Drc 23-27] Running DRC with 8 threads
INFO: [Vivado_Tcl 4-198] DRC finished with 0 Errors
INFO: [Vivado_Tcl 4-199] Please refer to the DRC report (report_drc) for more information.

Starting Placer Task
INFO: [Place 30-611] Multithreading enabled for place_design using a maximum of 8 CPUs

Phase 1 Placer Initialization

Phase 1.1 Placer Initialization Core
Netlist sorting complete. Time (s): cpu = 00:00:00.03 ; elapsed = 00:00:00.03 . Memory (MB): peak = 1973.512 ; gain = 0.000

Phase 1.1.1 Mandatory Logic Optimization
INFO: [Opt 31-140] Inserted 0 IBUFs to IO ports without IO buffers.
INFO: [Opt 31-141] Inserted 0 OBUFs to IO ports without IO buffers.
INFO: [Opt 31-138] Pushed 0 inverter(s).
Netlist sorting complete. Time (s): cpu = 00:00:00.04 ; elapsed = 00:00:00.03 . Memory (MB): peak = 1973.512 ; gain = 0.000
Phase 1.1.1 Mandatory Logic Optimization | Checksum: f32a2cce

Time (s): cpu = 00:00:01 ; elapsed = 00:00:01 . Memory (MB): peak = 1973.512 ; gain = 0.000

Phase 1.1.2 Build Super Logic Region (SLR) Database
Phase 1.1.2 Build Super Logic Region (SLR) Database | Checksum: f32a2cce

Time (s): cpu = 00:00:01 ; elapsed = 00:00:02 . Memory (MB): peak = 1973.512 ; gain = 0.000

Phase 1.1.3 Add Constraints
Phase 1.1.3 Add Constraints | Checksum: fcbaee79

Time (s): cpu = 00:00:02 ; elapsed = 00:00:02 . Memory (MB): peak = 1973.512 ; gain = 0.000

Phase 1.1.4 Build Shapes/ HD Config

Phase 1.1.4.1 Build Macros
Phase 1.1.4.1 Build Macros | Checksum: 1a87b3e48

Time (s): cpu = 00:00:06 ; elapsed = 00:00:06 . Memory (MB): peak = 2028.539 ; gain = 55.027
Phase 1.1.4 Build Shapes/ HD Config | Checksum: 1a87b3e48

Time (s): cpu = 00:00:06 ; elapsed = 00:00:06 . Memory (MB): peak = 2028.539 ; gain = 55.027

Phase 1.1.5 IO Placement/ Clock Placement/ Build Placer Device

Phase 1.1.5.1 Pre-Place Cells
Phase 1.1.5.1 Pre-Place Cells | Checksum: fcbaee79

Time (s): cpu = 00:00:07 ; elapsed = 00:00:07 . Memory (MB): peak = 2028.539 ; gain = 55.027

Phase 1.1.5.2 Implementation Feasibility check
Phase 1.1.5.2 Implementation Feasibility check | Checksum: fcbaee79

Time (s): cpu = 00:00:17 ; elapsed = 00:00:10 . Memory (MB): peak = 2028.539 ; gain = 55.027
INFO: [Timing 38-35] Done setting XDC timing constraints.
WARNING: [Timing 38-3] User defined clock exists on pin scemi_clkgen_pll/CLKOUT0 and will prevent any subsequent automatic derivation of generated clocks on that pin.
WARNING: [Timing 38-3] User defined clock exists on pin scemi_scemi_clkgen_mmcm/CLKOUT0 and will prevent any subsequent automatic derivation of generated clocks on that pin.

Phase 1.1.5.3 Implementation Feasibility check On IDelay
Phase 1.1.5.3 Implementation Feasibility check On IDelay | Checksum: fcbaee79

Time (s): cpu = 00:00:23 ; elapsed = 00:00:15 . Memory (MB): peak = 2028.539 ; gain = 55.027
Phase 1.1.5 IO Placement/ Clock Placement/ Build Placer Device | Checksum: fdc3710f

Time (s): cpu = 00:00:24 ; elapsed = 00:00:15 . Memory (MB): peak = 2028.539 ; gain = 55.027

Phase 1.1.6 Build Placer Netlist Model

Phase 1.1.6.1 Place Init Design

Phase 1.1.6.1.1 Build Clock Data
Phase 1.1.6.1.1 Build Clock Data | Checksum: 19fee086c

Time (s): cpu = 00:00:48 ; elapsed = 00:00:22 . Memory (MB): peak = 2028.539 ; gain = 55.027
Phase 1.1.6.1 Place Init Design | Checksum: 1d29b5428

Time (s): cpu = 00:00:50 ; elapsed = 00:00:24 . Memory (MB): peak = 2028.539 ; gain = 55.027
Phase 1.1.6 Build Placer Netlist Model | Checksum: 1d29b5428

Time (s): cpu = 00:00:51 ; elapsed = 00:00:25 . Memory (MB): peak = 2028.539 ; gain = 55.027

Phase 1.1.7 Constrain Clocks/Macros

Phase 1.1.7.1 Constrain Global/Regional Clocks
Phase 1.1.7.1 Constrain Global/Regional Clocks | Checksum: 1d29b5428

Time (s): cpu = 00:00:51 ; elapsed = 00:00:25 . Memory (MB): peak = 2028.539 ; gain = 55.027
Phase 1.1.7 Constrain Clocks/Macros | Checksum: 22c62f5e1

Time (s): cpu = 00:00:52 ; elapsed = 00:00:26 . Memory (MB): peak = 2028.539 ; gain = 55.027
Phase 1.1 Placer Initialization Core | Checksum: 22c62f5e1

Time (s): cpu = 00:00:52 ; elapsed = 00:00:26 . Memory (MB): peak = 2028.539 ; gain = 55.027
Phase 1 Placer Initialization | Checksum: 22c62f5e1

Time (s): cpu = 00:00:53 ; elapsed = 00:00:27 . Memory (MB): peak = 2028.539 ; gain = 55.027

Phase 2 Global Placement
Phase 2 Global Placement | Checksum: 20a262ca2

Time (s): cpu = 00:02:19 ; elapsed = 00:01:04 . Memory (MB): peak = 2050.703 ; gain = 77.191

Phase 3 Detail Placement

Phase 3.1 Commit Multi Column Macros
Phase 3.1 Commit Multi Column Macros | Checksum: 20a262ca2

Time (s): cpu = 00:02:20 ; elapsed = 00:01:04 . Memory (MB): peak = 2050.703 ; gain = 77.191

Phase 3.2 Commit Most Macros & LUTRAMs
Phase 3.2 Commit Most Macros & LUTRAMs | Checksum: 275a9e575

Time (s): cpu = 00:02:39 ; elapsed = 00:01:11 . Memory (MB): peak = 2050.703 ; gain = 77.191

Phase 3.3 Area Swap Optimization
Phase 3.3 Area Swap Optimization | Checksum: 28fe4aefa

Time (s): cpu = 00:02:40 ; elapsed = 00:01:12 . Memory (MB): peak = 2050.703 ; gain = 77.191

Phase 3.4 Timing Path Optimizer
Phase 3.4 Timing Path Optimizer | Checksum: 22cf49dad

Time (s): cpu = 00:02:49 ; elapsed = 00:01:15 . Memory (MB): peak = 2050.703 ; gain = 77.191

Phase 3.5 Commit Small Macros & Core Logic
Phase 3.5 Commit Small Macros & Core Logic | Checksum: 1d73c7f5d

Time (s): cpu = 00:03:06 ; elapsed = 00:01:29 . Memory (MB): peak = 2128.379 ; gain = 154.867

Phase 3.6 Re-assign LUT pins
Phase 3.6 Re-assign LUT pins | Checksum: 1d73c7f5d

Time (s): cpu = 00:03:09 ; elapsed = 00:01:31 . Memory (MB): peak = 2128.379 ; gain = 154.867
Phase 3 Detail Placement | Checksum: 1d73c7f5d

Time (s): cpu = 00:03:09 ; elapsed = 00:01:31 . Memory (MB): peak = 2128.379 ; gain = 154.867

Phase 4 Post Placement Optimization and Clean-Up

Phase 4.1 PCOPT Shape updates
Phase 4.1 PCOPT Shape updates | Checksum: 10d91cecd

Time (s): cpu = 00:03:10 ; elapsed = 00:01:32 . Memory (MB): peak = 2128.379 ; gain = 154.867

Phase 4.2 Post Placement Optimization

Phase 4.2.1 Post Placement Timing Optimization

Phase 4.2.1.1 Restore Best Placement
Phase 4.2.1.1 Restore Best Placement | Checksum: 138e41d3e

Time (s): cpu = 00:03:29 ; elapsed = 00:01:39 . Memory (MB): peak = 2128.379 ; gain = 154.867
INFO: [Place 30-746] Post Placement Timing Summary WNS=0.533. For the most accurate timing information please run report_timing.
Phase 4.2.1 Post Placement Timing Optimization | Checksum: 138e41d3e

Time (s): cpu = 00:03:29 ; elapsed = 00:01:40 . Memory (MB): peak = 2128.379 ; gain = 154.867
Phase 4.2 Post Placement Optimization | Checksum: 138e41d3e

Time (s): cpu = 00:03:30 ; elapsed = 00:01:40 . Memory (MB): peak = 2128.379 ; gain = 154.867

Phase 4.3 Post Placement Cleanup
Phase 4.3 Post Placement Cleanup | Checksum: 138e41d3e

Time (s): cpu = 00:03:30 ; elapsed = 00:01:41 . Memory (MB): peak = 2128.379 ; gain = 154.867

Phase 4.4 Placer Reporting

Phase 4.4.1 Restore STA
Phase 4.4.1 Restore STA | Checksum: 138e41d3e

Time (s): cpu = 00:03:31 ; elapsed = 00:01:41 . Memory (MB): peak = 2128.379 ; gain = 154.867
Phase 4.4 Placer Reporting | Checksum: 138e41d3e

Time (s): cpu = 00:03:36 ; elapsed = 00:01:42 . Memory (MB): peak = 2128.379 ; gain = 154.867

Phase 4.5 Final Placement Cleanup
Phase 4.5 Final Placement Cleanup | Checksum: 223a14e9b

Time (s): cpu = 00:03:36 ; elapsed = 00:01:43 . Memory (MB): peak = 2128.379 ; gain = 154.867
Phase 4 Post Placement Optimization and Clean-Up | Checksum: 223a14e9b

Time (s): cpu = 00:03:36 ; elapsed = 00:01:43 . Memory (MB): peak = 2128.379 ; gain = 154.867
Ending Placer Task | Checksum: 173f5e957

Time (s): cpu = 00:03:37 ; elapsed = 00:01:43 . Memory (MB): peak = 2128.379 ; gain = 154.867
INFO: [Common 17-83] Releasing license: Implementation
36 Infos, 19 Warnings, 11 Critical Warnings and 0 Errors encountered.
place_design completed successfully
place_design: Time (s): cpu = 00:03:40 ; elapsed = 00:01:46 . Memory (MB): peak = 2128.379 ; gain = 154.867
Writing XDEF routing.
Writing XDEF routing logical nets.
Writing XDEF routing special nets.
Write XDEF Complete: Time (s): cpu = 00:00:03 ; elapsed = 00:00:04 . Memory (MB): peak = 2129.379 ; gain = 0.000
write_checkpoint: Time (s): cpu = 00:00:06 ; elapsed = 00:00:08 . Memory (MB): peak = 2129.379 ; gain = 1.000
report_utilization: Time (s): cpu = 00:00:00.58 ; elapsed = 00:00:00.73 . Memory (MB): peak = 2129.379 ; gain = 0.000
Command: route_design
Attempting to get a license for feature 'Implementation' and/or device 'xc7vx485t'
INFO: [Common 17-349] Got license for feature 'Implementation' and/or device 'xc7vx485t'
Running DRC as a precondition to command route_design
INFO: [Drc 23-27] Running DRC with 8 threads
INFO: [Vivado_Tcl 4-198] DRC finished with 0 Errors
INFO: [Vivado_Tcl 4-199] Please refer to the DRC report (report_drc) for more information.


Starting Routing Task
INFO: [Route 35-254] Multithreading enabled for route_design using a maximum of 8 CPUs

Starting Route Task

Phase 1 Build RT Design
Phase 1 Build RT Design | Checksum: 660a8d74

Time (s): cpu = 00:02:10 ; elapsed = 00:01:42 . Memory (MB): peak = 2417.613 ; gain = 243.008

Phase 2 Router Initialization

Phase 2.1 Create Timer
Phase 2.1 Create Timer | Checksum: 660a8d74

Time (s): cpu = 00:02:11 ; elapsed = 00:01:42 . Memory (MB): peak = 2417.613 ; gain = 243.008

Phase 2.2 Update Timing
Phase 2.2 Update Timing | Checksum: a6261aa1

Time (s): cpu = 00:02:44 ; elapsed = 00:01:58 . Memory (MB): peak = 2492.094 ; gain = 317.488
INFO: [Route 35-57] Estimated Timing Summary | WNS=0.582  | TNS=0      | WHS=-0.43  | THS=-852   |

Phase 2 Router Initialization | Checksum: 72fb575a

Time (s): cpu = 00:03:00 ; elapsed = 00:02:05 . Memory (MB): peak = 2492.094 ; gain = 317.488

Phase 3 Initial Routing
Phase 3 Initial Routing | Checksum: d5fc2311

Time (s): cpu = 00:03:23 ; elapsed = 00:02:09 . Memory (MB): peak = 2492.094 ; gain = 317.488

Phase 4 Rip-up And Reroute

Phase 4.1 Global Iteration 0
 Number of Nodes with overlaps = 5555
 Number of Nodes with overlaps = 344
 Number of Nodes with overlaps = 32
 Number of Nodes with overlaps = 13
 Number of Nodes with overlaps = 7
 Number of Nodes with overlaps = 4
 Number of Nodes with overlaps = 1
 Number of Nodes with overlaps = 0

Phase 4.1.1 Update Timing
Phase 4.1.1 Update Timing | Checksum: 197e5eaa1

Time (s): cpu = 00:04:07 ; elapsed = 00:02:24 . Memory (MB): peak = 2492.094 ; gain = 317.488
INFO: [Route 35-57] Estimated Timing Summary | WNS=0.436  | TNS=0      | WHS=N/A    | THS=N/A    |

Phase 4.1 Global Iteration 0 | Checksum: 8012cf39

Time (s): cpu = 00:04:08 ; elapsed = 00:02:24 . Memory (MB): peak = 2492.094 ; gain = 317.488
Phase 4 Rip-up And Reroute | Checksum: 8012cf39

Time (s): cpu = 00:04:08 ; elapsed = 00:02:24 . Memory (MB): peak = 2492.094 ; gain = 317.488

Phase 5 Delay CleanUp

Phase 5.1 Update Timing
Phase 5.1 Update Timing | Checksum: 8012cf39

Time (s): cpu = 00:04:14 ; elapsed = 00:02:25 . Memory (MB): peak = 2492.094 ; gain = 317.488
INFO: [Route 35-57] Estimated Timing Summary | WNS=0.451  | TNS=0      | WHS=N/A    | THS=N/A    |

Phase 5 Delay CleanUp | Checksum: 8012cf39

Time (s): cpu = 00:04:14 ; elapsed = 00:02:26 . Memory (MB): peak = 2492.094 ; gain = 317.488

Phase 6 Clock Skew Optimization
Phase 6 Clock Skew Optimization | Checksum: 8012cf39

Time (s): cpu = 00:04:14 ; elapsed = 00:02:26 . Memory (MB): peak = 2492.094 ; gain = 317.488

Phase 7 Post Hold Fix

Phase 7.1 Update Timing
Phase 7.1 Update Timing | Checksum: 8012cf39

Time (s): cpu = 00:04:23 ; elapsed = 00:02:28 . Memory (MB): peak = 2492.094 ; gain = 317.488
INFO: [Route 35-57] Estimated Timing Summary | WNS=0.451  | TNS=0      | WHS=-0.101 | THS=-0.337 |

Phase 7 Post Hold Fix | Checksum: 88272c4a

Time (s): cpu = 00:04:24 ; elapsed = 00:02:28 . Memory (MB): peak = 2492.094 ; gain = 317.488

Phase 8 Route finalize

Router Utilization Summary
  Global Vertical Routing Utilization    = 1.83806 %
  Global Horizontal Routing Utilization  = 2.01741 %
  Routable Net Status*
  *Does not include unroutable nets such as driverless and loadless.
  Run report_route_status for detailed report.
  Number of Failed Nets               = 0
  Number of Unrouted Nets             = 0
  Number of Partially Routed Nets     = 0
  Number of Node Overlaps             = 0

Phase 8 Route finalize | Checksum: 88272c4a

Time (s): cpu = 00:04:25 ; elapsed = 00:02:29 . Memory (MB): peak = 2492.094 ; gain = 317.488

Phase 9 Verifying routed nets

 Verification completed successfully
Phase 9 Verifying routed nets | Checksum: 88272c4a

Time (s): cpu = 00:04:25 ; elapsed = 00:02:29 . Memory (MB): peak = 2492.094 ; gain = 317.488

Phase 10 Depositing Routes
Phase 10 Depositing Routes | Checksum: a801123c

Time (s): cpu = 00:04:28 ; elapsed = 00:02:32 . Memory (MB): peak = 2492.094 ; gain = 317.488

Phase 11 Post Router Timing

Phase 11.1 Update Timing
Phase 11.1 Update Timing | Checksum: a801123c

Time (s): cpu = 00:04:35 ; elapsed = 00:02:33 . Memory (MB): peak = 2492.094 ; gain = 317.488
INFO: [Route 35-57] Estimated Timing Summary | WNS=0.451  | TNS=0      | WHS=0.026  | THS=0      |

INFO: [Route 35-327] The final timing numbers are based on the router estimated timing analysis. For a complete and accurate timing signoff, please run report_timing_summary.
Phase 11 Post Router Timing | Checksum: a801123c

Time (s): cpu = 00:04:35 ; elapsed = 00:02:33 . Memory (MB): peak = 2492.094 ; gain = 317.488
INFO: [Route 35-16] Router Completed Successfully
Ending Route Task | Checksum: a801123c

Time (s): cpu = 00:04:36 ; elapsed = 00:02:33 . Memory (MB): peak = 2492.094 ; gain = 317.488

Routing Is Done.

Time (s): cpu = 00:04:36 ; elapsed = 00:02:33 . Memory (MB): peak = 2492.094 ; gain = 317.488
INFO: [Common 17-83] Releasing license: Implementation
49 Infos, 19 Warnings, 11 Critical Warnings and 0 Errors encountered.
route_design completed successfully
route_design: Time (s): cpu = 00:04:43 ; elapsed = 00:02:38 . Memory (MB): peak = 2492.094 ; gain = 362.715
Writing XDEF routing.
Writing XDEF routing logical nets.
Writing XDEF routing special nets.
Write XDEF Complete: Time (s): cpu = 00:00:05 ; elapsed = 00:00:05 . Memory (MB): peak = 2492.094 ; gain = 0.000
write_checkpoint: Time (s): cpu = 00:00:07 ; elapsed = 00:00:09 . Memory (MB): peak = 2492.094 ; gain = 0.000
INFO: [Drc 23-27] Running DRC with 8 threads
INFO: [Coretcl 2-168] The results of DRC are in file /mnt/nfs/var/nfs/ldemeyer/speck/Bluespec/scemi/fpga/xilinx/mkBridge/mkBridge.runs/impl_1/mkBridge_drc_routed.rpt.
report_drc: Time (s): cpu = 00:00:13 ; elapsed = 00:00:05 . Memory (MB): peak = 2492.094 ; gain = 0.000
INFO: [Timing 38-91] UpdateTimingParams: Speed grade: -2, Delay Type: min_max, Constraints type: SDC.
INFO: [Timing 38-191] Multithreading enabled for timing update using a maximum of 8 CPUs
report_timing_summary: Time (s): cpu = 00:00:34 ; elapsed = 00:00:11 . Memory (MB): peak = 2492.094 ; gain = 0.000
Running Vector-less Activity Propagation...

Finished Running Vector-less Activity Propagation
WARNING: [Power 33-218] MMCM/PLL RST static_probability should be either 0 or 1, power analysis is using 0 by default.
Use 'set_switching_activity -static_probability 1 -signal_rate 0 [get_nets scemi_pcie_ep/pcie_7x_v1_10_i/O1]'  to set the static_probability to '1'  if desired.
WARNING: [Power 33-218] MMCM/PLL RST static_probability should be either 0 or 1, power analysis is using 0 by default.
Use 'set_switching_activity -static_probability 1 -signal_rate 0 [get_nets scemi_scemi_clkgen_rReset]'  to set the static_probability to '1'  if desired.
report_power: Time (s): cpu = 00:00:13 ; elapsed = 00:00:14 . Memory (MB): peak = 2492.094 ; gain = 0.000
Attempting to get a license for feature 'Implementation' and/or device 'xc7vx485t'
INFO: [Common 17-349] Got license for feature 'Implementation' and/or device 'xc7vx485t'
Running DRC as a precondition to command write_bitstream
INFO: [Drc 23-27] Running DRC with 8 threads
INFO: [Vivado 12-3199] DRC finished with 0 Errors, 2 Warnings, 1 Advisories
INFO: [Vivado 12-3200] Please refer to the DRC report (report_drc) for more information.
Loading data files...
Loading site data...
Loading route data...
Processing options...
Creating bitmap...
Creating bitstream...
Writing bitstream ./mkBridge.bit...
INFO: [Vivado 12-1842] Bitgen Completed Successfully.
INFO: [Project 1-118] WebTalk data collection is enabled (User setting is ON. Install Setting is ON.).
sh: 1: Syntax error: Bad fd number
sh: 1: Syntax error: Bad fd number
INFO: [Common 17-185] WebTalk report has not been sent to Xilinx. Please check your network and proxy settings.
INFO: [Common 17-83] Releasing license: Implementation
write_bitstream: Time (s): cpu = 00:01:53 ; elapsed = 00:01:50 . Memory (MB): peak = 2928.500 ; gain = 436.406
INFO: [Common 17-206] Exiting Vivado at Sun Apr 10 16:48:39 2016...
